[20251231_101216] #런석진 에피소드 투어 더 무비 | 용산아이파크몰 | [신규 등록: 재고 보유 가능성이 있습니다.]
[20251231_101216] #런석진 에피소드 투어 더 무비 | 강남 | [신규 등록: 재고 보유 가능성이 있습니다.]
[20251231_101216] #런석진 에피소드 투어 더 무비 | 강변 | [신규 등록: 재고 보유 가능성이 있습니다.]
[20251231_101216] #런석진 에피소드 투어 더 무비 | 고덕강일 | [신규 등록: 재고 보유 가능성이 있습니다.]
[20251231_101216] #런석진 에피소드 투어 더 무비 | 구로 | [신규 등록: 재고 보유 가능성이 있습니다.]
[20251231_101216] #런석진 에피소드 투어 더 무비 | 등촌 | [신규 등록: 재고 보유 가능성이 있습니다.]
[20251231_101216] #런석진 에피소드 투어 더 무비 | 명동 | [신규 등록: 재고 보유 가능성이 있습니다.]
[20251231_101216] #런석진 에피소드 투어 더 무비 | 미아 | [신규 등록: 재고 보유 가능성이 있습니다.]
[20251231_101216] #런석진 에피소드 투어 더 무비 | 상봉 | [신규 등록: 재고 보유 가능성이 있습니다.]
[20251231_101216] #런석진 에피소드 투어 더 무비 | 신촌아트레온 | [신규 등록: 재고 보유 가능성이 있습니다.]
[20251231_101216] #런석진 에피소드 투어 더 무비 | 여의도 | [신규 등록: 재고 보유 가능성이 있습니다.]
[20251231_101216] #런석진 에피소드 투어 더 무비 | 영등포타임스퀘어 | [신규 등록: 재고 보유 가능성이 있습니다.]
[20251231_101216] #런석진 에피소드 투어 더 무비 | 왕십리 | [신규 등록: 재고 보유 가능성이 있습니다.]
[20251231_101216] #런석진 에피소드 투어 더 무비 | 용산아이파크몰 | [신규 등록: 재고 보유 가능성이 있습니다.]
[20251231_101216] #런석진 에피소드 투어 더 무비 | 천호 | [신규 등록: 재고 보유 가능성이 있습니다.]
[20251231_101216] #런석진 에피소드 투어 더 무비 | 홍대 | [신규 등록: 재고 보유 가능성이 있습니다.]
[20251231_101216] #런석진 에피소드 투어 더 무비 | 동수원 | [신규 등록: 재고 보유 가능성이 있습니다.]
[20251231_101216] #런석진 에피소드 투어 더 무비 | 동탄역 | [신규 등록: 재고 보유 가능성이 있습니다.]
[20251231_101216] #런석진 에피소드 투어 더 무비 | 부천 | [신규 등록: 재고 보유 가능성이 있습니다.]
[20251231_101216] #런석진 에피소드 투어 더 무비 | 안산 | [신규 등록: 재고 보유 가능성이 있습니다.]
[20251231_101216] #런석진 에피소드 투어 더 무비 | 오리 | [신규 등록: 재고 보유 가능성이 있습니다.]
[20251231_101216] #런석진 에피소드 투어 더 무비 | 의정부 | [신규 등록: 재고 보유 가능성이 있습니다.]
[20251231_101216] #런석진 에피소드 투어 더 무비 | 일산 | [신규 등록: 재고 보유 가능성이 있습니다.]
[20251231_101216] #런석진 에피소드 투어 더 무비 | 판교 | [신규 등록: 재고 보유 가능성이 있습니다.]
[20251231_101216] #런석진 에피소드 투어 더 무비 | 평택 | [신규 등록: 재고 보유 가능성이 있습니다.]
[20251231_101216] #런석진 에피소드 투어 더 무비 | 인천 | [신규 등록: 재고 보유 가능성이 있습니다.]
[20251231_101216] #런석진 에피소드 투어 더 무비 | 강릉 | [신규 등록: 재고 보유 가능성이 있습니다.]
[20251231_101216] #런석진 에피소드 투어 더 무비 | 대전 | [신규 등록: 재고 보유 가능성이 있습니다.]
[20251231_101216] #런석진 에피소드 투어 더 무비 | 대전터미널 | [신규 등록: 재고 보유 가능성이 있습니다.]
[20251231_101216] #런석진 에피소드 투어 더 무비 | 세종 | [신규 등록: 재고 보유 가능성이 있습니다.]
[20251231_101216] #런석진 에피소드 투어 더 무비 | 천안펜타포트 | [신규 등록: 재고 보유 가능성이 있습니다.]
[20251231_101216] #런석진 에피소드 투어 더 무비 | 청주(서문) | [신규 등록: 재고 보유 가능성이 있습니다.]
[20251231_101216] #런석진 에피소드 투어 더 무비 | 대구 | [신규 등록: 재고 보유 가능성이 있습니다.]
[20251231_101216] #런석진 에피소드 투어 더 무비 | 서면 | [신규 등록: 재고 보유 가능성이 있습니다.]
[20251231_101216] #런석진 에피소드 투어 더 무비 | 센텀시티 | [신규 등록: 재고 보유 가능성이 있습니다.]
[20251231_101216] #런석진 에피소드 투어 더 무비 | 울산삼산 | [신규 등록: 재고 보유 가능성이 있습니다.]
[20251231_101216] #런석진 에피소드 투어 더 무비 | 김해 | [신규 등록: 재고 보유 가능성이 있습니다.]
[20251231_101216] #런석진 에피소드 투어 더 무비 | 창원더시티 | [신규 등록: 재고 보유 가능성이 있습니다.]
[20251231_101216] #런석진 에피소드 투어 더 무비 | 광주금남로 | [신규 등록: 재고 보유 가능성이 있습니다.]
[20251231_101216] #런석진 에피소드 투어 더 무비 | 목포평화광장 | [신규 등록: 재고 보유 가능성이 있습니다.]
[20251231_101216] #런석진 에피소드 투어 더 무비 | 순천신대 | [신규 등록: 재고 보유 가능성이 있습니다.]
[20251231_101216] #런석진 에피소드 투어 더 무비 | 전주고사 | [신규 등록: 재고 보유 가능성이 있습니다.]
[20251231_101216] #런석진 에피소드 투어 더 무비 | 제주 | [신규 등록: 재고 보유 가능성이 있습니다.]
[20251231_101216] #런석진_에피소드. 투어 더 무비 | 강변 | [신규 등록: 재고 보유 가능성이 있습니다.]
[20251231_101216] #런석진_에피소드. 투어 더 무비 | 구로 | [신규 등록: 재고 보유 가능성이 있습니다.]
[20251231_101216] #런석진_에피소드. 투어 더 무비 | 명동 | [신규 등록: 재고 보유 가능성이 있습니다.]
[20251231_101216] #런석진_에피소드. 투어 더 무비 | 미아 | [신규 등록: 재고 보유 가능성이 있습니다.]
[20251231_101216] #런석진_에피소드. 투어 더 무비 | 용산아이파크몰 | [신규 등록: 재고 보유 가능성이 있습니다.]
[20251231_101216] #런석진_에피소드. 투어 더 무비 | 동수원 | [신규 등록: 재고 보유 가능성이 있습니다.]
[20251231_101216] #런석진_에피소드. 투어 더 무비 | 동탄역 | [신규 등록: 재고 보유 가능성이 있습니다.]
[20251231_101216] #런석진_에피소드. 투어 더 무비 | 오리 | [신규 등록: 재고 보유 가능성이 있습니다.]
[20251231_101216] #런석진_에피소드. 투어 더 무비 | 의정부 | [신규 등록: 재고 보유 가능성이 있습니다.]
[20251231_101216] #런석진_에피소드. 투어 더 무비 | 대전 | [신규 등록: 재고 보유 가능성이 있습니다.]
[20251231_101216] #런석진_에피소드. 투어 더 무비 | 청주(서문) | [신규 등록: 재고 보유 가능성이 있습니다.]
[20251231_101216] #런석진_에피소드. 투어 더 무비 | 대구 | [신규 등록: 재고 보유 가능성이 있습니다.]
[20251231_101216] #런석진_에피소드. 투어 더 무비 | 김해 | [신규 등록: 재고 보유 가능성이 있습니다.]
[20251231_101216] #런석진_에피소드. 투어 더 무비 | 창원더시티 | [신규 등록: 재고 보유 가능성이 있습니다.]
[20251231_101216] #런석진_에피소드. 투어 더 무비 | 광주금남로 | [신규 등록: 재고 보유 가능성이 있습니다.]
[20251231_101216] #런석진_에피소드. 투어 더 무비 | 목포평화광장 | [신규 등록: 재고 보유 가능성이 있습니다.]
[20251231_101216] #런석진_에피소드. 투어 더 무비 | 순천신대 | [신규 등록: 재고 보유 가능성이 있습니다.]
[20251231_101216] #런석진_에피소드. 투어 더 무비 | 전주고사 | [신규 등록: 재고 보유 가능성이 있습니다.]
[20251231_101216] #런석진_에피소드. 투어 더 무비 | 제주 | [신규 등록: 재고 보유 가능성이 있습니다.]
[20251231_101216] #런석진_에피소드. 투어 더 무비 | 강남 | [신규 등록: 재고 보유 가능성이 있습니다.]
[20251231_101216] #런석진_에피소드. 투어 더 무비 | 고덕강일 | [신규 등록: 재고 보유 가능성이 있습니다.]
[20251231_101216] #런석진_에피소드. 투어 더 무비 | 구로 | [신규 등록: 재고 보유 가능성이 있습니다.]
[20251231_101216] #런석진_에피소드. 투어 더 무비 | 등촌 | [신규 등록: 재고 보유 가능성이 있습니다.]
[20251231_101216] #런석진_에피소드. 투어 더 무비 | 상봉 | [신규 등록: 재고 보유 가능성이 있습니다.]
[20251231_101216] #런석진_에피소드. 투어 더 무비 | 신촌아트레온 | [신규 등록: 재고 보유 가능성이 있습니다.]
[20251231_101216] #런석진_에피소드. 투어 더 무비 | 여의도 | [신규 등록: 재고 보유 가능성이 있습니다.]
[20251231_101216] #런석진_에피소드. 투어 더 무비 | 영등포타임스퀘어 | [신규 등록: 재고 보유 가능성이 있습니다.]
[20251231_101216] #런석진_에피소드. 투어 더 무비 | 왕십리 | [신규 등록: 재고 보유 가능성이 있습니다.]
[20251231_101216] #런석진_에피소드. 투어 더 무비 | 용산아이파크몰 | [신규 등록: 재고 보유 가능성이 있습니다.]
[20251231_101216] #런석진_에피소드. 투어 더 무비 | 천호 | [신규 등록: 재고 보유 가능성이 있습니다.]
[20251231_101216] #런석진_에피소드. 투어 더 무비 | 홍대 | [신규 등록: 재고 보유 가능성이 있습니다.]
[20251231_101216] #런석진_에피소드. 투어 더 무비 | 부천 | [신규 등록: 재고 보유 가능성이 있습니다.]
[20251231_101216] #런석진_에피소드. 투어 더 무비 | 안산 | [신규 등록: 재고 보유 가능성이 있습니다.]
[20251231_101216] #런석진_에피소드. 투어 더 무비 | 오리 | [신규 등록: 재고 보유 가능성이 있습니다.]
[20251231_101216] #런석진_에피소드. 투어 더 무비 | 의정부 | [신규 등록: 재고 보유 가능성이 있습니다.]
[20251231_101216] #런석진_에피소드. 투어 더 무비 | 일산 | [신규 등록: 재고 보유 가능성이 있습니다.]
[20251231_101216] #런석진_에피소드. 투어 더 무비 | 판교 | [신규 등록: 재고 보유 가능성이 있습니다.]
[20251231_101216] #런석진_에피소드. 투어 더 무비 | 평택 | [신규 등록: 재고 보유 가능성이 있습니다.]
[20251231_101216] #런석진_에피소드. 투어 더 무비 | 인천 | [신규 등록: 재고 보유 가능성이 있습니다.]
[20251231_101216] #런석진_에피소드. 투어 더 무비 | 강릉 | [신규 등록: 재고 보유 가능성이 있습니다.]
[20251231_101216] #런석진_에피소드. 투어 더 무비 | 대전터미널 | [신규 등록: 재고 보유 가능성이 있습니다.]
[20251231_101216] #런석진_에피소드. 투어 더 무비 | 세종 | [신규 등록: 재고 보유 가능성이 있습니다.]
[20251231_101216] #런석진_에피소드. 투어 더 무비 | 천안펜타포트 | [신규 등록: 재고 보유 가능성이 있습니다.]
[20251231_101216] #런석진_에피소드. 투어 더 무비 | 서면 | [신규 등록: 재고 보유 가능성이 있습니다.]
[20251231_101216] #런석진_에피소드. 투어 더 무비 | 센텀시티 | [신규 등록: 재고 보유 가능성이 있습니다.]
[20251231_101216] #런석진_에피소드. 투어 더 무비 | 울산삼산 | [신규 등록: 재고 보유 가능성이 있습니다.]
[20251231_101216] 국보 | 강변 | [신규 등록: 재고 보유 가능성이 있습니다.]
[20251231_101216] 국보 | 서면 | [신규 등록: 재고 보유 가능성이 있습니다.]
[20251231_101216] 국보 | 압구정 | [신규 등록: 재고 보유 가능성이 있습니다.]
[20251231_101216] 국보 | 오리 | [신규 등록: 재고 보유 가능성이 있습니다.]
[20251231_101216] 국보 | 용산아이파크몰 | [신규 등록: 선착순신청]
[20251231_101216] 극장판 뽀로로 | 중계 | [신규 등록: 재고 보유 가능성이 있습니다.]
[20251231_101216] 극장판 뽀로로 | 동탄 | [신규 등록: 재고 보유 가능성이 있습니다.]
[20251231_101216] 극장판 뽀로로 | 동탄호수공원 | [신규 등록: 재고 보유 가능성이 있습니다.]
[20251231_101216] 극장판 뽀로로 | 인천연수 | [신규 등록: 재고 보유 가능성이 있습니다.]
[20251231_101216] 극장판 뽀로로 | 인천학익 | [신규 등록: 재고 보유 가능성이 있습니다.]
[20251231_101216] 극장판 뽀로로 | 대전가오 | [신규 등록: 재고 보유 가능성이 있습니다.]
[20251231_101216] 극장판 뽀로로 | 세종 | [신규 등록: 재고 보유 가능성이 있습니다.]
[20251231_101216] 극장판 뽀로로 | 천안펜타포트 | [신규 등록: 재고 보유 가능성이 있습니다.]
[20251231_101216] 극장판 뽀로로 | 대구죽전 | [신규 등록: 재고 보유 가능성이 있습니다.]
[20251231_101216] 극장판 뽀로로 | 서면상상마당 | [신규 등록: 재고 보유 가능성이 있습니다.]
[20251231_101216] 극장판 뽀로로 | 센텀시티 | [신규 등록: 재고 보유 가능성이 있습니다.]
[20251231_101216] 극장판 뽀로로 | 창원더시티 | [신규 등록: 재고 보유 가능성이 있습니다.]
[20251231_101216] 극장판 뽀로로 | 광주금남로 | [신규 등록: 재고 보유 가능성이 있습니다.]
[20251231_101216] 극장판 뽀로로 | 목포평화광장 | [신규 등록: 재고 보유 가능성이 있습니다.]
[20251231_101216] 극장판 뽀로로 | 전주효자 | [신규 등록: 재고 보유 가능성이 있습니다.]
[20251231_101216] 극장판 주술회전: 시부야사변 X 사멸회유 | 강변 | [신규 등록: 재고 소진 중입니다.]
[20251231_101216] 극장판 주술회전: 시부야사변 X 사멸회유 | 고덕강일 | [신규 등록: 마감되었습니다.]
[20251231_101216] 극장판 주술회전: 시부야사변 X 사멸회유 | 방학 | [신규 등록: 마감되었습니다.]
[20251231_101216] 극장판 주술회전: 시부야사변 X 사멸회유 | 상봉 | [신규 등록: 재고 소진 중입니다.]
[20251231_101216] 극장판 주술회전: 시부야사변 X 사멸회유 | 신촌아트레온 | [신규 등록: 마감되었습니다.]
[20251231_101216] 극장판 주술회전: 시부야사변 X 사멸회유 | 여의도 | [신규 등록: 마감되었습니다.]
[20251231_101216] 극장판 주술회전: 시부야사변 X 사멸회유 | 연남 | [신규 등록: 재고 소진 중입니다.]
[20251231_101216] 극장판 주술회전: 시부야사변 X 사멸회유 | 영등포타임스퀘어 | [신규 등록: 마감되었습니다.]
[20251231_101216] 극장판 주술회전: 시부야사변 X 사멸회유 | 왕십리 | [신규 등록: 마감되었습니다.]
[20251231_101216] 극장판 주술회전: 시부야사변 X 사멸회유 | 용산아이파크몰 | [신규 등록: 마감되었습니다.]
[20251231_101216] 극장판 주술회전: 시부야사변 X 사멸회유 | 중계 | [신규 등록: 마감되었습니다.]
[20251231_101216] 극장판 주술회전: 시부야사변 X 사멸회유 | 청담씨네시티 | [신규 등록: 재고 보유 가능성이 있습니다.]
[20251231_101216] 극장판 주술회전: 시부야사변 X 사멸회유 | 광교 | [신규 등록: 재고 보유 가능성이 있습니다.]
[20251231_101216] 극장판 주술회전: 시부야사변 X 사멸회유 | 동수원 | [신규 등록: 재고 소진 중입니다.]
[20251231_101216] 극장판 주술회전: 시부야사변 X 사멸회유 | 부천 | [신규 등록: 마감되었습니다.]
[20251231_101216] 극장판 주술회전: 시부야사변 X 사멸회유 | 신세계경기 | [신규 등록: 마감되었습니다.]
[20251231_101216] 극장판 주술회전: 시부야사변 X 사멸회유 | 안산 | [신규 등록: 재고 보유 가능성이 있습니다.]
[20251231_101216] 극장판 주술회전: 시부야사변 X 사멸회유 | 일산 | [신규 등록: 마감되었습니다.]
[20251231_101216] 극장판 주술회전: 시부야사변 X 사멸회유 | 평택 | [신규 등록: 재고 소진 중입니다.]
[20251231_101216] 극장판 주술회전: 시부야사변 X 사멸회유 | 계양 | [신규 등록: 재고 보유 가능성이 있습니다.]
[20251231_101216] 극장판 주술회전: 시부야사변 X 사멸회유 | 인천 | [신규 등록: 마감되었습니다.]
[20251231_101216] 극장판 주술회전: 시부야사변 X 사멸회유 | 대전 | [신규 등록: 마감되었습니다.]
[20251231_101216] 극장판 주술회전: 시부야사변 X 사멸회유 | 대전터미널 | [신규 등록: 재고 보유 가능성이 있습니다.]
[20251231_101216] 극장판 주술회전: 시부야사변 X 사멸회유 | 천안터미널 | [신규 등록: 마감되었습니다.]
[20251231_101216] 극장판 주술회전: 시부야사변 X 사멸회유 | 천안펜타포트 | [신규 등록: 재고 보유 가능성이 있습니다.]
[20251231_101216] 극장판 주술회전: 시부야사변 X 사멸회유 | 청주지웰시티 | [신규 등록: 재고 소진 중입니다.]
[20251231_101216] 극장판 주술회전: 시부야사변 X 사멸회유 | 대구 | [신규 등록: 마감되었습니다.]
[20251231_101216] 극장판 주술회전: 시부야사변 X 사멸회유 | 대구스타디움 | [신규 등록: 재고 소진 중입니다.]
[20251231_101216] 극장판 주술회전: 시부야사변 X 사멸회유 | 대구죽전 | [신규 등록: 마감되었습니다.]
[20251231_101216] 극장판 주술회전: 시부야사변 X 사멸회유 | 서면 | [신규 등록: 마감되었습니다.]
[20251231_101216] 극장판 주술회전: 시부야사변 X 사멸회유 | 센텀시티 | [신규 등록: 재고 보유 가능성이 있습니다.]
[20251231_101216] 극장판 주술회전: 시부야사변 X 사멸회유 | 아시아드 | [신규 등록: 마감되었습니다.]
[20251231_101216] 극장판 주술회전: 시부야사변 X 사멸회유 | 울산삼산 | [신규 등록: 선착순신청]
[20251231_101216] 극장판 주술회전: 시부야사변 X 사멸회유 | 김해 | [신규 등록: 마감되었습니다.]
[20251231_101216] 극장판 주술회전: 시부야사변 X 사멸회유 | 광주첨단 | [신규 등록: 마감되었습니다.]
[20251231_101216] 극장판 주술회전: 시부야사변 X 사멸회유 | 전주고사 | [신규 등록: 마감되었습니다.]
[20251231_101216] 극장판 주술회전: 시부야사변 X 사멸회유 | 제주 | [신규 등록: 마감되었습니다.]
[20251231_101216] 극장판 짱구 | 강변 | [신규 등록: 재고 보유 가능성이 있습니다.]
[20251231_101216] 극장판 짱구 | 고덕강일 | [신규 등록: 재고 보유 가능성이 있습니다.]
[20251231_101216] 극장판 짱구 | 구로 | [신규 등록: 재고 보유 가능성이 있습니다.]
[20251231_101216] 극장판 짱구 | 대학로 | [신규 등록: 재고 보유 가능성이 있습니다.]
[20251231_101216] 극장판 짱구 | 동대문 | [신규 등록: 재고 보유 가능성이 있습니다.]
[20251231_101216] 극장판 짱구 | 등촌 | [신규 등록: 재고 보유 가능성이 있습니다.]
[20251231_101216] 극장판 짱구 | 명동 | [신규 등록: 재고 보유 가능성이 있습니다.]
[20251231_101216] 극장판 짱구 | 방학 | [신규 등록: 재고 보유 가능성이 있습니다.]
[20251231_101216] 극장판 짱구 | 상봉 | [신규 등록: 재고 보유 가능성이 있습니다.]
[20251231_101216] 극장판 짱구 | 성신여대입구 | [신규 등록: 재고 보유 가능성이 있습니다.]
[20251231_101216] 극장판 짱구 | 신촌아트레온 | [신규 등록: 재고 보유 가능성이 있습니다.]
[20251231_101216] 극장판 짱구 | 여의도 | [신규 등록: 재고 보유 가능성이 있습니다.]
[20251231_101216] 극장판 짱구 | 연남 | [신규 등록: 재고 보유 가능성이 있습니다.]
[20251231_101216] 극장판 짱구 | 영등포타임스퀘어 | [신규 등록: 선착순신청]
[20251231_101216] 극장판 짱구 | 왕십리 | [신규 등록: 선착순신청]
[20251231_101216] 극장판 짱구 | 용산아이파크몰 | [신규 등록: 선착순신청]
[20251231_101216] 극장판 짱구 | 중계 | [신규 등록: 재고 보유 가능성이 있습니다.]
[20251231_101216] 극장판 짱구 | 천호 | [신규 등록: 재고 보유 가능성이 있습니다.]
[20251231_101216] 극장판 짱구 | 피카디리1958 | [신규 등록: 재고 보유 가능성이 있습니다.]
[20251231_101216] 극장판 짱구 | 홍대 | [신규 등록: 재고 보유 가능성이 있습니다.]
[20251231_101216] 극장판 짱구 | 고양백석 | [신규 등록: 재고 보유 가능성이 있습니다.]
[20251231_101216] 극장판 짱구 | 광교 | [신규 등록: 재고 보유 가능성이 있습니다.]
[20251231_101216] 극장판 짱구 | 구리 | [신규 등록: 재고 보유 가능성이 있습니다.]
[20251231_101216] 극장판 짱구 | 김포 | [신규 등록: 재고 보유 가능성이 있습니다.]
[20251231_101216] 극장판 짱구 | 김포운양 | [신규 등록: 재고 보유 가능성이 있습니다.]
[20251231_101216] 극장판 짱구 | 동수원 | [신규 등록: 재고 보유 가능성이 있습니다.]
[20251231_101216] 극장판 짱구 | 동탄 | [신규 등록: 재고 보유 가능성이 있습니다.]
[20251231_101216] 극장판 짱구 | 동탄역 | [신규 등록: 재고 보유 가능성이 있습니다.]
[20251231_101216] 극장판 짱구 | 동탄호수공원 | [신규 등록: 재고 보유 가능성이 있습니다.]
[20251231_101216] 극장판 짱구 | 배곧 | [신규 등록: 재고 보유 가능성이 있습니다.]
[20251231_101216] 극장판 짱구 | 부천 | [신규 등록: 재고 보유 가능성이 있습니다.]
[20251231_101216] 극장판 짱구 | 부천역 | [신규 등록: 재고 보유 가능성이 있습니다.]
[20251231_101216] 극장판 짱구 | 소풍 | [신규 등록: 재고 보유 가능성이 있습니다.]
[20251231_101216] 극장판 짱구 | 스타필드시티위례 | [신규 등록: 재고 보유 가능성이 있습니다.]
[20251231_101216] 극장판 짱구 | 안산 | [신규 등록: 재고 보유 가능성이 있습니다.]
[20251231_101216] 극장판 짱구 | 야탑 | [신규 등록: 재고 보유 가능성이 있습니다.]
[20251231_101216] 극장판 짱구 | 양주옥정 | [신규 등록: 재고 보유 가능성이 있습니다.]
[20251231_101216] 극장판 짱구 | 의정부 | [신규 등록: 재고 보유 가능성이 있습니다.]
[20251231_101216] 극장판 짱구 | 일산 | [신규 등록: 재고 보유 가능성이 있습니다.]
[20251231_101216] 극장판 짱구 | 파주문산 | [신규 등록: 재고 보유 가능성이 있습니다.]
[20251231_101216] 극장판 짱구 | 파주운정 | [신규 등록: 재고 보유 가능성이 있습니다.]
[20251231_101216] 극장판 짱구 | 평촌 | [신규 등록: 재고 보유 가능성이 있습니다.]
[20251231_101216] 극장판 짱구 | 평택 | [신규 등록: 재고 보유 가능성이 있습니다.]
[20251231_101216] 극장판 짱구 | 평택소사 | [신규 등록: 재고 보유 가능성이 있습니다.]
[20251231_101216] 극장판 짱구 | 계양 | [신규 등록: 재고 보유 가능성이 있습니다.]
[20251231_101216] 극장판 짱구 | 인천 | [신규 등록: 재고 보유 가능성이 있습니다.]
[20251231_101216] 극장판 짱구 | 인천가정 | [신규 등록: 재고 보유 가능성이 있습니다.]
[20251231_101216] 극장판 짱구 | 인천연수 | [신규 등록: 재고 보유 가능성이 있습니다.]
[20251231_101216] 극장판 짱구 | 인천학익 | [신규 등록: 재고 보유 가능성이 있습니다.]
[20251231_101216] 극장판 짱구 | 강릉 | [신규 등록: 재고 보유 가능성이 있습니다.]
[20251231_101216] 극장판 짱구 | 춘천 | [신규 등록: 재고 보유 가능성이 있습니다.]
[20251231_101216] 극장판 짱구 | 대전 | [신규 등록: 재고 보유 가능성이 있습니다.]
[20251231_101216] 극장판 짱구 | 대전가오 | [신규 등록: 재고 보유 가능성이 있습니다.]
[20251231_101216] 극장판 짱구 | 대전탄방 | [신규 등록: 재고 보유 가능성이 있습니다.]
[20251231_101216] 극장판 짱구 | 대전터미널 | [신규 등록: 재고 보유 가능성이 있습니다.]
[20251231_101216] 극장판 짱구 | 세종 | [신규 등록: 재고 보유 가능성이 있습니다.]
[20251231_101216] 극장판 짱구 | 천안터미널 | [신규 등록: 선착순신청]
[20251231_101216] 극장판 짱구 | 천안펜타포트 | [신규 등록: 재고 보유 가능성이 있습니다.]
[20251231_101216] 극장판 짱구 | 청주지웰시티 | [신규 등록: 재고 보유 가능성이 있습니다.]
[20251231_101216] 극장판 짱구 | 홍성 | [신규 등록: 재고 보유 가능성이 있습니다.]
[20251231_101216] 극장판 짱구 | 대구 | [신규 등록: 재고 보유 가능성이 있습니다.]
[20251231_101216] 극장판 짱구 | 대구아카데미 | [신규 등록: 재고 보유 가능성이 있습니다.]
[20251231_101216] 극장판 짱구 | 대구월성 | [신규 등록: 재고 보유 가능성이 있습니다.]
[20251231_101216] 극장판 짱구 | 대구죽전 | [신규 등록: 재고 보유 가능성이 있습니다.]
[20251231_101216] 극장판 짱구 | 대구한일 | [신규 등록: 재고 보유 가능성이 있습니다.]
[20251231_101216] 극장판 짱구 | 대구현대 | [신규 등록: 재고 보유 가능성이 있습니다.]
[20251231_101216] 극장판 짱구 | 대연 | [신규 등록: 재고 보유 가능성이 있습니다.]
[20251231_101216] 극장판 짱구 | 동래 | [신규 등록: 재고 보유 가능성이 있습니다.]
[20251231_101216] 극장판 짱구 | 서면 | [신규 등록: 재고 보유 가능성이 있습니다.]
[20251231_101216] 극장판 짱구 | 서면상상마당 | [신규 등록: 재고 보유 가능성이 있습니다.]
[20251231_101216] 극장판 짱구 | 센텀시티 | [신규 등록: 재고 보유 가능성이 있습니다.]
[20251231_101216] 극장판 짱구 | 아시아드 | [신규 등록: 재고 보유 가능성이 있습니다.]
[20251231_101216] 극장판 짱구 | 울산삼산 | [신규 등록: 선착순신청]
[20251231_101216] 극장판 짱구 | 울산신천 | [신규 등록: 재고 보유 가능성이 있습니다.]
[20251231_101216] 극장판 짱구 | 울산진장 | [신규 등록: 재고 보유 가능성이 있습니다.]
[20251231_101216] 극장판 짱구 | 거제 | [신규 등록: 재고 보유 가능성이 있습니다.]
[20251231_101216] 극장판 짱구 | 김해 | [신규 등록: 재고 보유 가능성이 있습니다.]
[20251231_101216] 극장판 짱구 | 마산 | [신규 등록: 재고 보유 가능성이 있습니다.]
[20251231_101216] 극장판 짱구 | 창원더시티 | [신규 등록: 재고 보유 가능성이 있습니다.]
[20251231_101216] 극장판 짱구 | 창원상남 | [신규 등록: 재고 보유 가능성이 있습니다.]
[20251231_101216] 극장판 짱구 | 광양 | [신규 등록: 재고 보유 가능성이 있습니다.]
[20251231_101216] 극장판 짱구 | 광주금남로 | [신규 등록: 재고 보유 가능성이 있습니다.]
[20251231_101216] 극장판 짱구 | 광주상무 | [신규 등록: 재고 보유 가능성이 있습니다.]
[20251231_101216] 극장판 짱구 | 광주용봉 | [신규 등록: 재고 보유 가능성이 있습니다.]
[20251231_101216] 극장판 짱구 | 광주첨단 | [신규 등록: 재고 보유 가능성이 있습니다.]
[20251231_101216] 극장판 짱구 | 광주하남 | [신규 등록: 재고 보유 가능성이 있습니다.]
[20251231_101216] 극장판 짱구 | 목포평화광장 | [신규 등록: 재고 보유 가능성이 있습니다.]
[20251231_101216] 극장판 짱구 | 서전주 | [신규 등록: 재고 보유 가능성이 있습니다.]
[20251231_101216] 극장판 짱구 | 순천신대 | [신규 등록: 재고 보유 가능성이 있습니다.]
[20251231_101216] 극장판 짱구 | 여수웅천 | [신규 등록: 재고 보유 가능성이 있습니다.]
[20251231_101216] 극장판 짱구 | 전주고사 | [신규 등록: 재고 보유 가능성이 있습니다.]
[20251231_101216] 극장판 짱구 | 전주효자 | [신규 등록: 재고 보유 가능성이 있습니다.]
[20251231_101216] 극장판 짱구 | 제주 | [신규 등록: 재고 보유 가능성이 있습니다.]
[20251231_101216] 극장판 짱구 | 제주노형 | [신규 등록: 재고 보유 가능성이 있습니다.]
[20251231_101216] 담뽀뽀 | 강변 | [신규 등록: 재고 보유 가능성이 있습니다.]
[20251231_101216] 담뽀뽀 | 대학로 | [신규 등록: 재고 보유 가능성이 있습니다.]
[20251231_101216] 담뽀뽀 | 동대문 | [신규 등록: 재고 보유 가능성이 있습니다.]
[20251231_101216] 담뽀뽀 | 신촌아트레온 | [신규 등록: 재고 보유 가능성이 있습니다.]
[20251231_101216] 담뽀뽀 | 압구정 | [신규 등록: 재고 보유 가능성이 있습니다.]
[20251231_101216] 담뽀뽀 | 여의도 | [신규 등록: 재고 보유 가능성이 있습니다.]
[20251231_101216] 담뽀뽀 | 용산아이파크몰 | [신규 등록: 마감되었습니다.]
[20251231_101216] 담뽀뽀 | 소풍 | [신규 등록: 재고 보유 가능성이 있습니다.]
[20251231_101216] 담뽀뽀 | 오리 | [신규 등록: 마감되었습니다.]
[20251231_101216] 담뽀뽀 | 인천 | [신규 등록: 재고 보유 가능성이 있습니다.]
[20251231_101216] 담뽀뽀 | 춘천 | [신규 등록: 재고 보유 가능성이 있습니다.]
[20251231_101216] 담뽀뽀 | 대전 | [신규 등록: 재고 보유 가능성이 있습니다.]
[20251231_101216] 담뽀뽀 | 천안펜타포트 | [신규 등록: 재고 보유 가능성이 있습니다.]
[20251231_101216] 담뽀뽀 | 대구아카데미 | [신규 등록: 마감되었습니다.]
[20251231_101216] 담뽀뽀 | 서면 | [신규 등록: 재고 보유 가능성이 있습니다.]
[20251231_101216] 담뽀뽀 | 광주상무 | [신규 등록: 재고 보유 가능성이 있습니다.]
[20251231_101216] 담뽀뽀 | 강변 | [신규 등록: 재고 보유 가능성이 있습니다.]
[20251231_101216] 담뽀뽀 | 대학로 | [신규 등록: 재고 보유 가능성이 있습니다.]
[20251231_101216] 담뽀뽀 | 동대문 | [신규 등록: 재고 보유 가능성이 있습니다.]
[20251231_101216] 담뽀뽀 | 신촌아트레온 | [신규 등록: 재고 보유 가능성이 있습니다.]
[20251231_101216] 담뽀뽀 | 압구정 | [신규 등록: 재고 보유 가능성이 있습니다.]
[20251231_101216] 담뽀뽀 | 여의도 | [신규 등록: 재고 보유 가능성이 있습니다.]
[20251231_101216] 담뽀뽀 | 용산아이파크몰 | [신규 등록: 선착순신청]
[20251231_101216] 담뽀뽀 | 소풍 | [신규 등록: 재고 보유 가능성이 있습니다.]
[20251231_101216] 담뽀뽀 | 오리 | [신규 등록: 재고 보유 가능성이 있습니다.]
[20251231_101216] 담뽀뽀 | 인천 | [신규 등록: 재고 보유 가능성이 있습니다.]
[20251231_101216] 담뽀뽀 | 춘천 | [신규 등록: 재고 보유 가능성이 있습니다.]
[20251231_101216] 담뽀뽀 | 대전 | [신규 등록: 재고 보유 가능성이 있습니다.]
[20251231_101216] 담뽀뽀 | 천안펜타포트 | [신규 등록: 재고 보유 가능성이 있습니다.]
[20251231_101216] 담뽀뽀 | 대구아카데미 | [신규 등록: 재고 보유 가능성이 있습니다.]
[20251231_101216] 담뽀뽀 | 서면 | [신규 등록: 재고 보유 가능성이 있습니다.]
[20251231_101216] 담뽀뽀 | 광주상무 | [신규 등록: 재고 보유 가능성이 있습니다.]
[20251231_101216] 담뽀뽀 | 강변 | [신규 등록: 재고 소진 중입니다.]
[20251231_101216] 담뽀뽀 | 대학로 | [신규 등록: 재고 보유 가능성이 있습니다.]
[20251231_101216] 담뽀뽀 | 동대문 | [신규 등록: 재고 보유 가능성이 있습니다.]
[20251231_101216] 담뽀뽀 | 신촌아트레온 | [신규 등록: 재고 보유 가능성이 있습니다.]
[20251231_101216] 담뽀뽀 | 압구정 | [신규 등록: 재고 보유 가능성이 있습니다.]
[20251231_101216] 담뽀뽀 | 여의도 | [신규 등록: 재고 보유 가능성이 있습니다.]
[20251231_101216] 담뽀뽀 | 용산아이파크몰 | [신규 등록: 선착순신청]
[20251231_101216] 담뽀뽀 | 소풍 | [신규 등록: 재고 보유 가능성이 있습니다.]
[20251231_101216] 담뽀뽀 | 오리 | [신규 등록: 재고 보유 가능성이 있습니다.]
[20251231_101216] 담뽀뽀 | 인천 | [신규 등록: 재고 보유 가능성이 있습니다.]
[20251231_101216] 담뽀뽀 | 춘천 | [신규 등록: 재고 보유 가능성이 있습니다.]
[20251231_101216] 담뽀뽀 | 대전 | [신규 등록: 재고 보유 가능성이 있습니다.]
[20251231_101216] 담뽀뽀 | 천안펜타포트 | [신규 등록: 재고 보유 가능성이 있습니다.]
[20251231_101216] 담뽀뽀 | 대구아카데미 | [신규 등록: 재고 보유 가능성이 있습니다.]
[20251231_101216] 담뽀뽀 | 서면 | [신규 등록: 재고 보유 가능성이 있습니다.]
[20251231_101216] 담뽀뽀 | 광주상무 | [신규 등록: 재고 보유 가능성이 있습니다.]
[20251231_101216] 더 러닝 맨 | 압구정 | [신규 등록: 재고 보유 가능성이 있습니다.]
[20251231_101216] 더 러닝 맨 | 영등포타임스퀘어 | [신규 등록: 마감되었습니다.]
[20251231_101216] 더 러닝 맨 | 왕십리 | [신규 등록: 마감되었습니다.]
[20251231_101216] 더 러닝 맨 | 용산아이파크몰 | [신규 등록: 선착순신청]
[20251231_101216] 더 러닝 맨 | 광교 | [신규 등록: 재고 보유 가능성이 있습니다.]
[20251231_101216] 더 러닝 맨 | 동탄 | [신규 등록: 재고 보유 가능성이 있습니다.]
[20251231_101216] 더 러닝 맨 | 소풍 | [신규 등록: 마감되었습니다.]
[20251231_101216] 더 러닝 맨 | 의정부 | [신규 등록: 재고 보유 가능성이 있습니다.]
[20251231_101216] 더 러닝 맨 | 일산 | [신규 등록: 재고 보유 가능성이 있습니다.]
[20251231_101216] 더 러닝 맨 | 판교 | [신규 등록: 선착순신청]
[20251231_101216] 더 러닝 맨 | 평택 | [신규 등록: 재고 보유 가능성이 있습니다.]
[20251231_101216] 더 러닝 맨 | 인천 | [신규 등록: 재고 보유 가능성이 있습니다.]
[20251231_101216] 더 러닝 맨 | 춘천 | [신규 등록: 재고 보유 가능성이 있습니다.]
[20251231_101216] 더 러닝 맨 | 대전 | [신규 등록: 재고 보유 가능성이 있습니다.]
[20251231_101216] 더 러닝 맨 | 대전터미널 | [신규 등록: 재고 보유 가능성이 있습니다.]
[20251231_101216] 더 러닝 맨 | 천안터미널 | [신규 등록: 선착순신청]
[20251231_101216] 더 러닝 맨 | 천안펜타포트 | [신규 등록: 재고 보유 가능성이 있습니다.]
[20251231_101216] 더 러닝 맨 | 청주(서문) | [신규 등록: 재고 보유 가능성이 있습니다.]
[20251231_101216] 더 러닝 맨 | 대구 | [신규 등록: 재고 보유 가능성이 있습니다.]
[20251231_101216] 더 러닝 맨 | 서면 | [신규 등록: 재고 보유 가능성이 있습니다.]
[20251231_101216] 더 러닝 맨 | 센텀시티 | [신규 등록: 재고 보유 가능성이 있습니다.]
[20251231_101216] 더 러닝 맨 | 울산삼산 | [신규 등록: 선착순신청]
[20251231_101216] 더 러닝 맨 | 창원더시티 | [신규 등록: 마감되었습니다.]
[20251231_101216] 더 러닝 맨 | 순천신대 | [신규 등록: 재고 보유 가능성이 있습니다.]
[20251231_101216] 더 러닝 맨 | 전주효자 | [신규 등록: 재고 보유 가능성이 있습니다.]
[20251231_101216] 미세리코르디아 | 강변 | [신규 등록: 마감되었습니다.]
[20251231_101216] 미세리코르디아 | 서면 | [신규 등록: 마감되었습니다.]
[20251231_101216] 미세리코르디아 | 압구정 | [신규 등록: 마감되었습니다.]
[20251231_101216] 미세리코르디아 | 오리 | [신규 등록: 마감되었습니다.]
[20251231_101216] 미세리코르디아 | 용산아이파크몰 | [신규 등록: 마감되었습니다.]
[20251231_101216] 바얌섬 | 강변 | [신규 등록: 재고 소진 중입니다.]
[20251231_101216] 바얌섬 | 서면 | [신규 등록: 재고 보유 가능성이 있습니다.]
[20251231_101216] 바얌섬 | 압구정 | [신규 등록: 재고 보유 가능성이 있습니다.]
[20251231_101216] 바얌섬 | 오리 | [신규 등록: 재고 보유 가능성이 있습니다.]
[20251231_101216] 바얌섬 | 용산아이파크몰 | [신규 등록: 선착순신청]
[20251231_101216] 샤이닝 | 압구정 | [신규 등록: 마감되었습니다.]
[20251231_101216] 샤이닝 | 영등포타임스퀘어 | [신규 등록: 마감되었습니다.]
[20251231_101216] 샤이닝 | 왕십리 | [신규 등록: 마감되었습니다.]
[20251231_101216] 샤이닝 | 용산아이파크몰 | [신규 등록: 마감되었습니다.]
[20251231_101216] 샤이닝 | 광교 | [신규 등록: 재고 보유 가능성이 있습니다.]
[20251231_101216] 샤이닝 | 동탄 | [신규 등록: 재고 보유 가능성이 있습니다.]
[20251231_101216] 샤이닝 | 소풍 | [신규 등록: 마감되었습니다.]
[20251231_101216] 샤이닝 | 의정부 | [신규 등록: 재고 소진 중입니다.]
[20251231_101216] 샤이닝 | 일산 | [신규 등록: 재고 소진 임박입니다.]
[20251231_101216] 샤이닝 | 판교 | [신규 등록: 선착순신청]
[20251231_101216] 샤이닝 | 평택 | [신규 등록: 재고 보유 가능성이 있습니다.]
[20251231_101216] 샤이닝 | 인천 | [신규 등록: 재고 보유 가능성이 있습니다.]
[20251231_101216] 샤이닝 | 춘천 | [신규 등록: 재고 보유 가능성이 있습니다.]
[20251231_101216] 샤이닝 | 대전 | [신규 등록: 재고 보유 가능성이 있습니다.]
[20251231_101216] 샤이닝 | 대전터미널 | [신규 등록: 재고 보유 가능성이 있습니다.]
[20251231_101216] 샤이닝 | 천안터미널 | [신규 등록: 선착순신청]
[20251231_101216] 샤이닝 | 천안펜타포트 | [신규 등록: 재고 보유 가능성이 있습니다.]
[20251231_101216] 샤이닝 | 청주(서문) | [신규 등록: 재고 보유 가능성이 있습니다.]
[20251231_101216] 샤이닝 | 대구 | [신규 등록: 재고 소진 중입니다.]
[20251231_101216] 샤이닝 | 서면 | [신규 등록: 재고 보유 가능성이 있습니다.]
[20251231_101216] 샤이닝 | 센텀시티 | [신규 등록: 재고 보유 가능성이 있습니다.]
[20251231_101216] 샤이닝 | 울산삼산 | [신규 등록: 선착순신청]
[20251231_101216] 샤이닝 | 창원더시티 | [신규 등록: 마감되었습니다.]
[20251231_101216] 샤이닝 | 순천신대 | [신규 등록: 재고 보유 가능성이 있습니다.]
[20251231_101216] 샤이닝 | 전주효자 | [신규 등록: 재고 보유 가능성이 있습니다.]
[20251231_101216] 석류의 빛깔 | 강변 | [신규 등록: 재고 보유 가능성이 있습니다.]
[20251231_101216] 석류의 빛깔 | 서면 | [신규 등록: 재고 보유 가능성이 있습니다.]
[20251231_101216] 석류의 빛깔 | 압구정 | [신규 등록: 재고 보유 가능성이 있습니다.]
[20251231_101216] 석류의 빛깔 | 오리 | [신규 등록: 재고 보유 가능성이 있습니다.]
[20251231_101216] 세계의 주인 | 강변 | [신규 등록: 재고 소진 중입니다.]
[20251231_101216] 세계의 주인 | 대학로 | [신규 등록: 재고 보유 가능성이 있습니다.]
[20251231_101216] 세계의 주인 | 동대문 | [신규 등록: 재고 보유 가능성이 있습니다.]
[20251231_101216] 세계의 주인 | 신촌아트레온 | [신규 등록: 마감되었습니다.]
[20251231_101216] 세계의 주인 | 압구정 | [신규 등록: 재고 소진 중입니다.]
[20251231_101216] 세계의 주인 | 용산아이파크몰 | [신규 등록: 선착순신청]
[20251231_101216] 세계의 주인 | 소풍 | [신규 등록: 마감되었습니다.]
[20251231_101216] 세계의 주인 | 오리 | [신규 등록: 마감되었습니다.]
[20251231_101216] 세계의 주인 | 인천 | [신규 등록: 재고 보유 가능성이 있습니다.]
[20251231_101216] 세계의 주인 | 춘천 | [신규 등록: 재고 보유 가능성이 있습니다.]
[20251231_101216] 세계의 주인 | 대전 | [신규 등록: 재고 보유 가능성이 있습니다.]
[20251231_101216] 세계의 주인 | 천안펜타포트 | [신규 등록: 재고 보유 가능성이 있습니다.]
[20251231_101216] 세계의 주인 | 대구아카데미 | [신규 등록: 재고 보유 가능성이 있습니다.]
[20251231_101216] 세계의 주인 | 서면 | [신규 등록: 재고 소진 중입니다.]
[20251231_101216] 세계의 주인 | 광주상무 | [신규 등록: 재고 보유 가능성이 있습니다.]
[20251231_101216] 세계의 주인 | 강변 | [신규 등록: 재고 보유 가능성이 있습니다.]
[20251231_101216] 세계의 주인 | 서면 | [신규 등록: 재고 보유 가능성이 있습니다.]
[20251231_101216] 세계의 주인 | 압구정 | [신규 등록: 재고 보유 가능성이 있습니다.]
[20251231_101216] 세계의 주인 | 오리 | [신규 등록: 재고 보유 가능성이 있습니다.]
[20251231_101216] 세계의 주인 | 용산아이파크몰 | [신규 등록: 선착순신청]
[20251231_101216] 세계의 주인 | 강변 | [신규 등록: 마감되었습니다.]
[20251231_101216] 세계의 주인 | 대학로 | [신규 등록: 재고 보유 가능성이 있습니다.]
[20251231_101216] 세계의 주인 | 동대문 | [신규 등록: 재고 보유 가능성이 있습니다.]
[20251231_101216] 세계의 주인 | 신촌아트레온 | [신규 등록: 마감되었습니다.]
[20251231_101216] 세계의 주인 | 압구정 | [신규 등록: 마감되었습니다.]
[20251231_101216] 세계의 주인 | 용산아이파크몰 | [신규 등록: 선착순신청]
[20251231_101216] 세계의 주인 | 소풍 | [신규 등록: 마감되었습니다.]
[20251231_101216] 세계의 주인 | 오리 | [신규 등록: 마감되었습니다.]
[20251231_101216] 세계의 주인 | 춘천 | [신규 등록: 재고 보유 가능성이 있습니다.]
[20251231_101216] 세계의 주인 | 대전 | [신규 등록: 재고 보유 가능성이 있습니다.]
[20251231_101216] 세계의 주인 | 천안펜타포트 | [신규 등록: 재고 보유 가능성이 있습니다.]
[20251231_101216] 세계의 주인 | 대구아카데미 | [신규 등록: 재고 보유 가능성이 있습니다.]
[20251231_101216] 세계의 주인 | 서면 | [신규 등록: 마감되었습니다.]
[20251231_101216] 세계의 주인 | 광주상무 | [신규 등록: 재고 보유 가능성이 있습니다.]
[20251231_101216] 슈퍼 해피 포에버 | 강변 | [신규 등록: 재고 보유 가능성이 있습니다.]
[20251231_101216] 슈퍼 해피 포에버 | 대학로 | [신규 등록: 재고 보유 가능성이 있습니다.]
[20251231_101216] 슈퍼 해피 포에버 | 동대문 | [신규 등록: 재고 보유 가능성이 있습니다.]
[20251231_101216] 슈퍼 해피 포에버 | 신촌아트레온 | [신규 등록: 재고 보유 가능성이 있습니다.]
[20251231_101216] 슈퍼 해피 포에버 | 압구정 | [신규 등록: 재고 보유 가능성이 있습니다.]
[20251231_101216] 슈퍼 해피 포에버 | 여의도 | [신규 등록: 재고 보유 가능성이 있습니다.]
[20251231_101216] 슈퍼 해피 포에버 | 용산아이파크몰 | [신규 등록: 선착순신청]
[20251231_101216] 슈퍼 해피 포에버 | 소풍 | [신규 등록: 재고 보유 가능성이 있습니다.]
[20251231_101216] 슈퍼 해피 포에버 | 오리 | [신규 등록: 재고 보유 가능성이 있습니다.]
[20251231_101216] 슈퍼 해피 포에버 | 인천 | [신규 등록: 재고 보유 가능성이 있습니다.]
[20251231_101216] 슈퍼 해피 포에버 | 춘천 | [신규 등록: 재고 보유 가능성이 있습니다.]
[20251231_101216] 슈퍼 해피 포에버 | 대전 | [신규 등록: 재고 보유 가능성이 있습니다.]
[20251231_101216] 슈퍼 해피 포에버 | 천안펜타포트 | [신규 등록: 재고 보유 가능성이 있습니다.]
[20251231_101216] 슈퍼 해피 포에버 | 대구아카데미 | [신규 등록: 재고 보유 가능성이 있습니다.]
[20251231_101216] 슈퍼 해피 포에버 | 서면 | [신규 등록: 재고 보유 가능성이 있습니다.]
[20251231_101216] 슈퍼 해피 포에버 | 광주상무 | [신규 등록: 재고 보유 가능성이 있습니다.]
[20251231_101216] 아바타: 불과 재 | 강변 | [신규 등록: 마감되었습니다.]
[20251231_101216] 아바타: 불과 재 | 고덕강일 | [신규 등록: 마감되었습니다.]
[20251231_101216] 아바타: 불과 재 | 방학 | [신규 등록: 마감되었습니다.]
[20251231_101217] 아바타: 불과 재 | 상봉 | [신규 등록: 마감되었습니다.]
[20251231_101217] 아바타: 불과 재 | 신촌아트레온 | [신규 등록: 마감되었습니다.]
[20251231_101217] 아바타: 불과 재 | 여의도 | [신규 등록: 마감되었습니다.]
[20251231_101217] 아바타: 불과 재 | 연남 | [신규 등록: 마감되었습니다.]
[20251231_101217] 아바타: 불과 재 | 영등포타임스퀘어 | [신규 등록: 마감되었습니다.]
[20251231_101217] 아바타: 불과 재 | 왕십리 | [신규 등록: 마감되었습니다.]
[20251231_101217] 아바타: 불과 재 | 용산아이파크몰 | [신규 등록: 마감되었습니다.]
[20251231_101217] 아바타: 불과 재 | 중계 | [신규 등록: 마감되었습니다.]
[20251231_101217] 아바타: 불과 재 | 청담씨네시티 | [신규 등록: 마감되었습니다.]
[20251231_101217] 아바타: 불과 재 | 광교 | [신규 등록: 마감되었습니다.]
[20251231_101217] 아바타: 불과 재 | 동수원 | [신규 등록: 마감되었습니다.]
[20251231_101217] 아바타: 불과 재 | 동탄역 | [신규 등록: 마감되었습니다.]
[20251231_101217] 아바타: 불과 재 | 부천 | [신규 등록: 마감되었습니다.]
[20251231_101217] 아바타: 불과 재 | 신세계경기 | [신규 등록: 마감되었습니다.]
[20251231_101217] 아바타: 불과 재 | 안산 | [신규 등록: 마감되었습니다.]
[20251231_101217] 아바타: 불과 재 | 일산 | [신규 등록: 마감되었습니다.]
[20251231_101217] 아바타: 불과 재 | 판교 | [신규 등록: 마감되었습니다.]
[20251231_101217] 아바타: 불과 재 | 평택 | [신규 등록: 마감되었습니다.]
[20251231_101217] 아바타: 불과 재 | 계양 | [신규 등록: 마감되었습니다.]
[20251231_101217] 아바타: 불과 재 | 인천 | [신규 등록: 마감되었습니다.]
[20251231_101217] 아바타: 불과 재 | 대전 | [신규 등록: 마감되었습니다.]
[20251231_101217] 아바타: 불과 재 | 대전터미널 | [신규 등록: 마감되었습니다.]
[20251231_101217] 아바타: 불과 재 | 천안터미널 | [신규 등록: 마감되었습니다.]
[20251231_101217] 아바타: 불과 재 | 천안펜타포트 | [신규 등록: 마감되었습니다.]
[20251231_101217] 아바타: 불과 재 | 청주지웰시티 | [신규 등록: 마감되었습니다.]
[20251231_101217] 아바타: 불과 재 | 대구 | [신규 등록: 마감되었습니다.]
[20251231_101217] 아바타: 불과 재 | 대구스타디움 | [신규 등록: 마감되었습니다.]
[20251231_101217] 아바타: 불과 재 | 대구죽전 | [신규 등록: 마감되었습니다.]
[20251231_101217] 아바타: 불과 재 | 서면 | [신규 등록: 마감되었습니다.]
[20251231_101217] 아바타: 불과 재 | 센텀시티 | [신규 등록: 마감되었습니다.]
[20251231_101217] 아바타: 불과 재 | 아시아드 | [신규 등록: 마감되었습니다.]
[20251231_101217] 아바타: 불과 재 | 울산삼산 | [신규 등록: 마감되었습니다.]
[20251231_101217] 아바타: 불과 재 | 김해 | [신규 등록: 마감되었습니다.]
[20251231_101217] 아바타: 불과 재 | 광주첨단 | [신규 등록: 마감되었습니다.]
[20251231_101217] 아바타: 불과 재 | 전주고사 | [신규 등록: 마감되었습니다.]
[20251231_101217] 아바타: 불과 재 | 제주 | [신규 등록: 마감되었습니다.]
[20251231_101217] 아바타: 불과 재 | 압구정 | [신규 등록: 마감되었습니다.]
[20251231_101217] 아바타: 불과 재 | 영등포타임스퀘어 | [신규 등록: 마감되었습니다.]
[20251231_101217] 아바타: 불과 재 | 왕십리 | [신규 등록: 마감되었습니다.]
[20251231_101217] 아바타: 불과 재 | 용산아이파크몰 | [신규 등록: 마감되었습니다.]
[20251231_101217] 아바타: 불과 재 | 천호 | [신규 등록: 마감되었습니다.]
[20251231_101217] 아바타: 불과 재 | 광교 | [신규 등록: 마감되었습니다.]
[20251231_101217] 아바타: 불과 재 | 동탄 | [신규 등록: 마감되었습니다.]
[20251231_101217] 아바타: 불과 재 | 소풍 | [신규 등록: 마감되었습니다.]
[20251231_101217] 아바타: 불과 재 | 의정부 | [신규 등록: 마감되었습니다.]
[20251231_101217] 아바타: 불과 재 | 일산 | [신규 등록: 마감되었습니다.]
[20251231_101217] 아바타: 불과 재 | 판교 | [신규 등록: 마감되었습니다.]
[20251231_101217] 아바타: 불과 재 | 평택 | [신규 등록: 마감되었습니다.]
[20251231_101217] 아바타: 불과 재 | 인천 | [신규 등록: 마감되었습니다.]
[20251231_101217] 아바타: 불과 재 | 춘천 | [신규 등록: 마감되었습니다.]
[20251231_101217] 아바타: 불과 재 | 대전 | [신규 등록: 마감되었습니다.]
[20251231_101217] 아바타: 불과 재 | 대전터미널 | [신규 등록: 마감되었습니다.]
[20251231_101217] 아바타: 불과 재 | 천안터미널 | [신규 등록: 마감되었습니다.]
[20251231_101217] 아바타: 불과 재 | 천안펜타포트 | [신규 등록: 마감되었습니다.]
[20251231_101217] 아바타: 불과 재 | 청주(서문) | [신규 등록: 마감되었습니다.]
[20251231_101217] 아바타: 불과 재 | 대구 | [신규 등록: 마감되었습니다.]
[20251231_101217] 아바타: 불과 재 | 서면 | [신규 등록: 마감되었습니다.]
[20251231_101217] 아바타: 불과 재 | 센텀시티 | [신규 등록: 마감되었습니다.]
[20251231_101217] 아바타: 불과 재 | 울산삼산 | [신규 등록: 마감되었습니다.]
[20251231_101217] 아바타: 불과 재 | 창원더시티 | [신규 등록: 마감되었습니다.]
[20251231_101217] 아바타: 불과 재 | 순천신대 | [신규 등록: 마감되었습니다.]
[20251231_101217] 아바타: 불과 재 | 전주효자 | [신규 등록: 마감되었습니다.]
[20251231_101217] 아바타: 불과 재 | 강남 | [신규 등록: 재고 소진 중입니다.]
[20251231_101217] 아바타: 불과 재 | 고덕강일 | [신규 등록: 재고 보유 가능성이 있습니다.]
[20251231_101217] 아바타: 불과 재 | 구로 | [신규 등록: 재고 보유 가능성이 있습니다.]
[20251231_101217] 아바타: 불과 재 | 등촌 | [신규 등록: 재고 보유 가능성이 있습니다.]
[20251231_101217] 아바타: 불과 재 | 상봉 | [신규 등록: 재고 보유 가능성이 있습니다.]
[20251231_101217] 아바타: 불과 재 | 신촌아트레온 | [신규 등록: 재고 보유 가능성이 있습니다.]
[20251231_101217] 아바타: 불과 재 | 여의도 | [신규 등록: 재고 보유 가능성이 있습니다.]
[20251231_101217] 아바타: 불과 재 | 영등포타임스퀘어 | [신규 등록: 마감되었습니다.]
[20251231_101217] 아바타: 불과 재 | 왕십리 | [신규 등록: 마감되었습니다.]
[20251231_101217] 아바타: 불과 재 | 용산아이파크몰 | [신규 등록: 마감되었습니다.]
[20251231_101217] 아바타: 불과 재 | 천호 | [신규 등록: 재고 보유 가능성이 있습니다.]
[20251231_101217] 아바타: 불과 재 | 홍대 | [신규 등록: 마감되었습니다.]
[20251231_101217] 아바타: 불과 재 | 부천 | [신규 등록: 마감되었습니다.]
[20251231_101217] 아바타: 불과 재 | 안산 | [신규 등록: 재고 보유 가능성이 있습니다.]
[20251231_101217] 아바타: 불과 재 | 오리 | [신규 등록: 재고 보유 가능성이 있습니다.]
[20251231_101217] 아바타: 불과 재 | 의정부 | [신규 등록: 재고 소진 중입니다.]
[20251231_101217] 아바타: 불과 재 | 일산 | [신규 등록: 마감되었습니다.]
[20251231_101217] 아바타: 불과 재 | 판교 | [신규 등록: 선착순신청]
[20251231_101217] 아바타: 불과 재 | 평택 | [신규 등록: 재고 보유 가능성이 있습니다.]
[20251231_101217] 아바타: 불과 재 | 인천 | [신규 등록: 마감되었습니다.]
[20251231_101217] 아바타: 불과 재 | 강릉 | [신규 등록: 재고 보유 가능성이 있습니다.]
[20251231_101217] 아바타: 불과 재 | 대전터미널 | [신규 등록: 마감되었습니다.]
[20251231_101217] 아바타: 불과 재 | 세종 | [신규 등록: 재고 보유 가능성이 있습니다.]
[20251231_101217] 아바타: 불과 재 | 천안펜타포트 | [신규 등록: 마감되었습니다.]
[20251231_101217] 아바타: 불과 재 | 서면 | [신규 등록: 재고 보유 가능성이 있습니다.]
[20251231_101217] 아바타: 불과 재 | 센텀시티 | [신규 등록: 재고 보유 가능성이 있습니다.]
[20251231_101217] 아바타: 불과 재 | 울산삼산 | [신규 등록: 선착순신청]
[20251231_101217] 아바타: 불과 재 | 강남 | [신규 등록: 마감되었습니다.]
[20251231_101217] 아바타: 불과 재 | 강변 | [신규 등록: 마감되었습니다.]
[20251231_101217] 아바타: 불과 재 | 고덕강일 | [신규 등록: 마감되었습니다.]
[20251231_101217] 아바타: 불과 재 | 구로 | [신규 등록: 마감되었습니다.]
[20251231_101217] 아바타: 불과 재 | 대학로 | [신규 등록: 마감되었습니다.]
[20251231_101217] 아바타: 불과 재 | 동대문 | [신규 등록: 마감되었습니다.]
[20251231_101217] 아바타: 불과 재 | 방학 | [신규 등록: 마감되었습니다.]
[20251231_101217] 아바타: 불과 재 | 상봉 | [신규 등록: 마감되었습니다.]
[20251231_101217] 아바타: 불과 재 | 성신여대입구 | [신규 등록: 마감되었습니다.]
[20251231_101217] 아바타: 불과 재 | 수유 | [신규 등록: 마감되었습니다.]
[20251231_101217] 아바타: 불과 재 | 신촌아트레온 | [신규 등록: 마감되었습니다.]
[20251231_101217] 아바타: 불과 재 | 여의도 | [신규 등록: 마감되었습니다.]
[20251231_101217] 아바타: 불과 재 | 영등포타임스퀘어 | [신규 등록: 마감되었습니다.]
[20251231_101217] 아바타: 불과 재 | 왕십리 | [신규 등록: 마감되었습니다.]
[20251231_101217] 아바타: 불과 재 | 용산아이파크몰 | [신규 등록: 마감되었습니다.]
[20251231_101217] 아바타: 불과 재 | 중계 | [신규 등록: 마감되었습니다.]
[20251231_101217] 아바타: 불과 재 | 홍대 | [신규 등록: 마감되었습니다.]
[20251231_101217] 아바타: 불과 재 | 광교 | [신규 등록: 마감되었습니다.]
[20251231_101217] 아바타: 불과 재 | 구리 | [신규 등록: 재고 소진 중입니다.]
[20251231_101217] 아바타: 불과 재 | 동수원 | [신규 등록: 마감되었습니다.]
[20251231_101217] 아바타: 불과 재 | 동탄 | [신규 등록: 마감되었습니다.]
[20251231_101217] 아바타: 불과 재 | 부천 | [신규 등록: 마감되었습니다.]
[20251231_101217] 아바타: 불과 재 | 부천역 | [신규 등록: 마감되었습니다.]
[20251231_101217] 아바타: 불과 재 | 소풍 | [신규 등록: 마감되었습니다.]
[20251231_101217] 아바타: 불과 재 | 스타필드시티위례 | [신규 등록: 마감되었습니다.]
[20251231_101217] 아바타: 불과 재 | 신세계경기 | [신규 등록: 마감되었습니다.]
[20251231_101217] 아바타: 불과 재 | 야탑 | [신규 등록: 마감되었습니다.]
[20251231_101217] 아바타: 불과 재 | 양주옥정 | [신규 등록: 재고 소진 중입니다.]
[20251231_101217] 아바타: 불과 재 | 오리 | [신규 등록: 마감되었습니다.]
[20251231_101217] 아바타: 불과 재 | 의정부 | [신규 등록: 마감되었습니다.]
[20251231_101217] 아바타: 불과 재 | 일산 | [신규 등록: 마감되었습니다.]
[20251231_101217] 아바타: 불과 재 | 판교 | [신규 등록: 마감되었습니다.]
[20251231_101217] 아바타: 불과 재 | 평촌 | [신규 등록: 마감되었습니다.]
[20251231_101217] 아바타: 불과 재 | 평택 | [신규 등록: 마감되었습니다.]
[20251231_101217] 아바타: 불과 재 | 계양 | [신규 등록: 마감되었습니다.]
[20251231_101217] 아바타: 불과 재 | 인천 | [신규 등록: 마감되었습니다.]
[20251231_101217] 아바타: 불과 재 | 대전 | [신규 등록: 마감되었습니다.]
[20251231_101217] 아바타: 불과 재 | 대전터미널 | [신규 등록: 마감되었습니다.]
[20251231_101217] 아바타: 불과 재 | 세종 | [신규 등록: 마감되었습니다.]
[20251231_101217] 아바타: 불과 재 | 천안터미널 | [신규 등록: 마감되었습니다.]
[20251231_101217] 아바타: 불과 재 | 천안펜타포트 | [신규 등록: 마감되었습니다.]
[20251231_101217] 아바타: 불과 재 | 청주(서문) | [신규 등록: 마감되었습니다.]
[20251231_101217] 아바타: 불과 재 | 청주지웰시티 | [신규 등록: 마감되었습니다.]
[20251231_101217] 아바타: 불과 재 | 대구 | [신규 등록: 마감되었습니다.]
[20251231_101217] 아바타: 불과 재 | 대구스타디움 | [신규 등록: 마감되었습니다.]
[20251231_101217] 아바타: 불과 재 | 대구아카데미 | [신규 등록: 재고 소진 중입니다.]
[20251231_101217] 아바타: 불과 재 | 대구현대 | [신규 등록: 마감되었습니다.]
[20251231_101217] 아바타: 불과 재 | 서면 | [신규 등록: 마감되었습니다.]
[20251231_101217] 아바타: 불과 재 | 센텀시티 | [신규 등록: 마감되었습니다.]
[20251231_101217] 아바타: 불과 재 | 아시아드 | [신규 등록: 마감되었습니다.]
[20251231_101217] 아바타: 불과 재 | 울산삼산 | [신규 등록: 마감되었습니다.]
[20251231_101217] 아바타: 불과 재 | 마산 | [신규 등록: 마감되었습니다.]
[20251231_101217] 아바타: 불과 재 | 창원더시티 | [신규 등록: 마감되었습니다.]
[20251231_101217] 아바타: 불과 재 | 광주금남로 | [신규 등록: 재고 소진 중입니다.]
[20251231_101217] 아바타: 불과 재 | 광주상무 | [신규 등록: 마감되었습니다.]
[20251231_101217] 아바타: 불과 재 | 광주첨단 | [신규 등록: 마감되었습니다.]
[20251231_101217] 아바타: 불과 재 | 목포평화광장 | [신규 등록: 재고 소진 중입니다.]
[20251231_101217] 아바타: 불과 재 | 순천신대 | [신규 등록: 마감되었습니다.]
[20251231_101217] 아바타: 불과 재 | 전주고사 | [신규 등록: 마감되었습니다.]
[20251231_101217] 아바타: 불과 재 | 제주 | [신규 등록: 마감되었습니다.]
[20251231_101217] 아바타-불과 재 | 강남 | [신규 등록: 재고 보유 가능성이 있습니다.]
[20251231_101217] 아바타-불과 재 | 여의도 | [신규 등록: 재고 보유 가능성이 있습니다.]
[20251231_101217] 아바타-불과 재 | 영등포타임스퀘어 | [신규 등록: 선착순신청]
[20251231_101217] 아바타-불과 재 | 왕십리 | [신규 등록: 선착순신청]
[20251231_101217] 아바타-불과 재 | 용산아이파크몰 | [신규 등록: 선착순신청]
[20251231_101217] 아바타-불과 재 | 홍대 | [신규 등록: 재고 보유 가능성이 있습니다.]
[20251231_101217] 아바타-불과 재 | 스타필드시티위례 | [신규 등록: 재고 보유 가능성이 있습니다.]
[20251231_101217] 아바타-불과 재 | 의정부 | [신규 등록: 재고 보유 가능성이 있습니다.]
[20251231_101217] 아바타-불과 재 | 인천 | [신규 등록: 재고 보유 가능성이 있습니다.]
[20251231_101217] 아바타-불과 재 | 대전터미널 | [신규 등록: 재고 보유 가능성이 있습니다.]
[20251231_101217] 아바타-불과 재 | 세종 | [신규 등록: 재고 보유 가능성이 있습니다.]
[20251231_101217] 아바타-불과 재 | 천안터미널 | [신규 등록: 선착순신청]
[20251231_101217] 아바타-불과 재 | 대구 | [신규 등록: 재고 보유 가능성이 있습니다.]
[20251231_101217] 아바타-불과 재 | 센텀시티 | [신규 등록: 재고 보유 가능성이 있습니다.]
[20251231_101217] 아바타-불과 재 | 울산삼산 | [신규 등록: 선착순신청]
[20251231_101217] 아바타-불과 재 | 전주효자 | [신규 등록: 재고 보유 가능성이 있습니다.]
[20251231_101217] 에반게리온 신극장판-서 | 건대입구 | [신규 등록: 마감되었습니다.]
[20251231_101217] 에반게리온 신극장판-서 | 영등포타임스퀘어 | [신규 등록: 마감되었습니다.]
[20251231_101217] 에반게리온 신극장판-서 | 홍대 | [신규 등록: 재고 소진 중입니다.]
[20251231_101217] 에반게리온 신극장판-서 | 주안역 | [신규 등록: 재고 보유 가능성이 있습니다.]
[20251231_101217] 에반게리온 신극장판-서 | 대전터미널 | [신규 등록: 재고 보유 가능성이 있습니다.]
[20251231_101217] 에반게리온 신극장판-서 | 천안터미널 | [신규 등록: 선착순신청]
[20251231_101217] 에반게리온 신극장판-서 | 청주(서문) | [신규 등록: 재고 보유 가능성이 있습니다.]
[20251231_101217] 에반게리온 신극장판-서 | 대구죽전 | [신규 등록: 재고 소진 임박입니다.]
[20251231_101217] 에반게리온 신극장판-서 | 서면 | [신규 등록: 마감되었습니다.]
[20251231_101217] 에반게리온 신극장판-서 | 창원상남 | [신규 등록: 재고 보유 가능성이 있습니다.]
[20251231_101217] 에반게리온 신극장판-서 | 광주금남로 | [신규 등록: 재고 보유 가능성이 있습니다.]
[20251231_101217] 여행과 나날 | 강변 | [신규 등록: 재고 보유 가능성이 있습니다.]
[20251231_101217] 여행과 나날 | 대학로 | [신규 등록: 재고 보유 가능성이 있습니다.]
[20251231_101217] 여행과 나날 | 동대문 | [신규 등록: 재고 보유 가능성이 있습니다.]
[20251231_101217] 여행과 나날 | 신촌아트레온 | [신규 등록: 재고 보유 가능성이 있습니다.]
[20251231_101217] 여행과 나날 | 압구정 | [신규 등록: 재고 보유 가능성이 있습니다.]
[20251231_101217] 여행과 나날 | 여의도 | [신규 등록: 재고 보유 가능성이 있습니다.]
[20251231_101217] 여행과 나날 | 용산아이파크몰 | [신규 등록: 선착순신청]
[20251231_101217] 여행과 나날 | 소풍 | [신규 등록: 재고 보유 가능성이 있습니다.]
[20251231_101217] 여행과 나날 | 오리 | [신규 등록: 재고 보유 가능성이 있습니다.]
[20251231_101217] 여행과 나날 | 인천 | [신규 등록: 재고 보유 가능성이 있습니다.]
[20251231_101217] 여행과 나날 | 춘천 | [신규 등록: 재고 보유 가능성이 있습니다.]
[20251231_101217] 여행과 나날 | 대전 | [신규 등록: 재고 보유 가능성이 있습니다.]
[20251231_101217] 여행과 나날 | 천안펜타포트 | [신규 등록: 재고 보유 가능성이 있습니다.]
[20251231_101217] 여행과 나날 | 대구아카데미 | [신규 등록: 재고 보유 가능성이 있습니다.]
[20251231_101217] 여행과 나날 | 서면 | [신규 등록: 재고 보유 가능성이 있습니다.]
[20251231_101217] 여행과 나날 | 광주상무 | [신규 등록: 재고 보유 가능성이 있습니다.]
[20251231_101217] 오늘 밤, 세계에서 이 사랑이 사라진다 해도 | 강남 | [신규 등록: 마감되었습니다.]
[20251231_101217] 오늘 밤, 세계에서 이 사랑이 사라진다 해도 | 강변 | [신규 등록: 마감되었습니다.]
[20251231_101217] 오늘 밤, 세계에서 이 사랑이 사라진다 해도 | 고덕강일 | [신규 등록: 재고 보유 가능성이 있습니다.]
[20251231_101217] 오늘 밤, 세계에서 이 사랑이 사라진다 해도 | 구로 | [신규 등록: 마감되었습니다.]
[20251231_101217] 오늘 밤, 세계에서 이 사랑이 사라진다 해도 | 대학로 | [신규 등록: 재고 소진 임박입니다.]
[20251231_101217] 오늘 밤, 세계에서 이 사랑이 사라진다 해도 | 동대문 | [신규 등록: 재고 보유 가능성이 있습니다.]
[20251231_101217] 오늘 밤, 세계에서 이 사랑이 사라진다 해도 | 등촌 | [신규 등록: 재고 보유 가능성이 있습니다.]
[20251231_101217] 오늘 밤, 세계에서 이 사랑이 사라진다 해도 | 방학 | [신규 등록: 재고 보유 가능성이 있습니다.]
[20251231_101217] 오늘 밤, 세계에서 이 사랑이 사라진다 해도 | 상봉 | [신규 등록: 재고 소진 중입니다.]
[20251231_101217] 오늘 밤, 세계에서 이 사랑이 사라진다 해도 | 성신여대입구 | [신규 등록: 재고 소진 중입니다.]
[20251231_101217] 오늘 밤, 세계에서 이 사랑이 사라진다 해도 | 수유 | [신규 등록: 마감되었습니다.]
[20251231_101217] 오늘 밤, 세계에서 이 사랑이 사라진다 해도 | 여의도 | [신규 등록: 재고 소진 임박입니다.]
[20251231_101217] 오늘 밤, 세계에서 이 사랑이 사라진다 해도 | 영등포타임스퀘어 | [신규 등록: 마감되었습니다.]
[20251231_101217] 오늘 밤, 세계에서 이 사랑이 사라진다 해도 | 왕십리 | [신규 등록: 마감되었습니다.]
[20251231_101217] 오늘 밤, 세계에서 이 사랑이 사라진다 해도 | 용산아이파크몰 | [신규 등록: 마감되었습니다.]
[20251231_101217] 오늘 밤, 세계에서 이 사랑이 사라진다 해도 | 중계 | [신규 등록: 재고 소진 중입니다.]
[20251231_101217] 오늘 밤, 세계에서 이 사랑이 사라진다 해도 | 홍대 | [신규 등록: 마감되었습니다.]
[20251231_101217] 오늘 밤, 세계에서 이 사랑이 사라진다 해도 | 동수원 | [신규 등록: 마감되었습니다.]
[20251231_101217] 오늘 밤, 세계에서 이 사랑이 사라진다 해도 | 동탄 | [신규 등록: 마감되었습니다.]
[20251231_101217] 오늘 밤, 세계에서 이 사랑이 사라진다 해도 | 부천 | [신규 등록: 재고 보유 가능성이 있습니다.]
[20251231_101217] 오늘 밤, 세계에서 이 사랑이 사라진다 해도 | 부천역 | [신규 등록: 마감되었습니다.]
[20251231_101217] 오늘 밤, 세계에서 이 사랑이 사라진다 해도 | 소풍 | [신규 등록: 마감되었습니다.]
[20251231_101217] 오늘 밤, 세계에서 이 사랑이 사라진다 해도 | 스타필드시티위례 | [신규 등록: 재고 보유 가능성이 있습니다.]
[20251231_101217] 오늘 밤, 세계에서 이 사랑이 사라진다 해도 | 신세계경기 | [신규 등록: 재고 보유 가능성이 있습니다.]
[20251231_101217] 오늘 밤, 세계에서 이 사랑이 사라진다 해도 | 안산 | [신규 등록: 재고 보유 가능성이 있습니다.]
[20251231_101217] 오늘 밤, 세계에서 이 사랑이 사라진다 해도 | 야탑 | [신규 등록: 마감되었습니다.]
[20251231_101217] 오늘 밤, 세계에서 이 사랑이 사라진다 해도 | 양주옥정 | [신규 등록: 재고 보유 가능성이 있습니다.]
[20251231_101217] 오늘 밤, 세계에서 이 사랑이 사라진다 해도 | 오리 | [신규 등록: 마감되었습니다.]
[20251231_101217] 오늘 밤, 세계에서 이 사랑이 사라진다 해도 | 의정부 | [신규 등록: 마감되었습니다.]
[20251231_101217] 오늘 밤, 세계에서 이 사랑이 사라진다 해도 | 일산 | [신규 등록: 마감되었습니다.]
[20251231_101217] 오늘 밤, 세계에서 이 사랑이 사라진다 해도 | 평촌 | [신규 등록: 마감되었습니다.]
[20251231_101217] 오늘 밤, 세계에서 이 사랑이 사라진다 해도 | 평택 | [신규 등록: 재고 보유 가능성이 있습니다.]
[20251231_101217] 오늘 밤, 세계에서 이 사랑이 사라진다 해도 | 계양 | [신규 등록: 재고 보유 가능성이 있습니다.]
[20251231_101217] 오늘 밤, 세계에서 이 사랑이 사라진다 해도 | 인천 | [신규 등록: 마감되었습니다.]
[20251231_101217] 오늘 밤, 세계에서 이 사랑이 사라진다 해도 | 강릉 | [신규 등록: 재고 보유 가능성이 있습니다.]
[20251231_101217] 오늘 밤, 세계에서 이 사랑이 사라진다 해도 | 대전 | [신규 등록: 마감되었습니다.]
[20251231_101217] 오늘 밤, 세계에서 이 사랑이 사라진다 해도 | 대전터미널 | [신규 등록: 마감되었습니다.]
[20251231_101217] 오늘 밤, 세계에서 이 사랑이 사라진다 해도 | 세종 | [신규 등록: 마감되었습니다.]
[20251231_101217] 오늘 밤, 세계에서 이 사랑이 사라진다 해도 | 천안터미널 | [신규 등록: 마감되었습니다.]
[20251231_101217] 오늘 밤, 세계에서 이 사랑이 사라진다 해도 | 천안펜타포트 | [신규 등록: 마감되었습니다.]
[20251231_101217] 오늘 밤, 세계에서 이 사랑이 사라진다 해도 | 청주(서문) | [신규 등록: 재고 보유 가능성이 있습니다.]
[20251231_101217] 오늘 밤, 세계에서 이 사랑이 사라진다 해도 | 청주지웰시티 | [신규 등록: 재고 보유 가능성이 있습니다.]
[20251231_101217] 오늘 밤, 세계에서 이 사랑이 사라진다 해도 | 대구 | [신규 등록: 재고 소진 중입니다.]
[20251231_101217] 오늘 밤, 세계에서 이 사랑이 사라진다 해도 | 대구스타디움 | [신규 등록: 재고 소진 중입니다.]
[20251231_101217] 오늘 밤, 세계에서 이 사랑이 사라진다 해도 | 대구아카데미 | [신규 등록: 마감되었습니다.]
[20251231_101217] 오늘 밤, 세계에서 이 사랑이 사라진다 해도 | 대구현대 | [신규 등록: 재고 소진 임박입니다.]
[20251231_101217] 오늘 밤, 세계에서 이 사랑이 사라진다 해도 | 서면 | [신규 등록: 마감되었습니다.]
[20251231_101217] 오늘 밤, 세계에서 이 사랑이 사라진다 해도 | 센텀시티 | [신규 등록: 마감되었습니다.]
[20251231_101217] 오늘 밤, 세계에서 이 사랑이 사라진다 해도 | 아시아드 | [신규 등록: 재고 소진 임박입니다.]
[20251231_101217] 오늘 밤, 세계에서 이 사랑이 사라진다 해도 | 울산삼산 | [신규 등록: 마감되었습니다.]
[20251231_101217] 오늘 밤, 세계에서 이 사랑이 사라진다 해도 | 마산 | [신규 등록: 재고 보유 가능성이 있습니다.]
[20251231_101217] 오늘 밤, 세계에서 이 사랑이 사라진다 해도 | 창원더시티 | [신규 등록: 마감되었습니다.]
[20251231_101217] 오늘 밤, 세계에서 이 사랑이 사라진다 해도 | 광주금남로 | [신규 등록: 마감되었습니다.]
[20251231_101217] 오늘 밤, 세계에서 이 사랑이 사라진다 해도 | 광주상무 | [신규 등록: 재고 소진 임박입니다.]
[20251231_101217] 오늘 밤, 세계에서 이 사랑이 사라진다 해도 | 광주첨단 | [신규 등록: 재고 소진 중입니다.]
[20251231_101217] 오늘 밤, 세계에서 이 사랑이 사라진다 해도 | 목포평화광장 | [신규 등록: 마감되었습니다.]
[20251231_101217] 오늘 밤, 세계에서 이 사랑이 사라진다 해도 | 순천신대 | [신규 등록: 마감되었습니다.]
[20251231_101217] 오늘 밤, 세계에서 이 사랑이 사라진다 해도 | 전주고사 | [신규 등록: 마감되었습니다.]
[20251231_101217] 오늘 밤, 세계에서 이 사랑이 사라진다 해도 | 제주 | [신규 등록: 재고 소진 중입니다.]
[20251231_101217] 오늘 밤, 세계에서 이 사랑이 사라진다 해도 | 강남 | [신규 등록: 재고 보유 가능성이 있습니다.]
[20251231_101217] 오늘 밤, 세계에서 이 사랑이 사라진다 해도 | 건대입구 | [신규 등록: 재고 보유 가능성이 있습니다.]
[20251231_101217] 오늘 밤, 세계에서 이 사랑이 사라진다 해도 | 대학로 | [신규 등록: 재고 보유 가능성이 있습니다.]
[20251231_101217] 오늘 밤, 세계에서 이 사랑이 사라진다 해도 | 성신여대입구 | [신규 등록: 재고 보유 가능성이 있습니다.]
[20251231_101217] 오늘 밤, 세계에서 이 사랑이 사라진다 해도 | 신촌아트레온 | [신규 등록: 재고 보유 가능성이 있습니다.]
[20251231_101217] 오늘 밤, 세계에서 이 사랑이 사라진다 해도 | 영등포타임스퀘어 | [신규 등록: 선착순신청]
[20251231_101217] 오늘 밤, 세계에서 이 사랑이 사라진다 해도 | 왕십리 | [신규 등록: 선착순신청]
[20251231_101217] 오늘 밤, 세계에서 이 사랑이 사라진다 해도 | 용산아이파크몰 | [신규 등록: 선착순신청]
[20251231_101217] 오늘 밤, 세계에서 이 사랑이 사라진다 해도 | 홍대 | [신규 등록: 재고 보유 가능성이 있습니다.]
[20251231_101217] 오늘 밤, 세계에서 이 사랑이 사라진다 해도 | 동수원 | [신규 등록: 재고 보유 가능성이 있습니다.]
[20251231_101217] 오늘 밤, 세계에서 이 사랑이 사라진다 해도 | 동탄호수공원 | [신규 등록: 재고 보유 가능성이 있습니다.]
[20251231_101217] 오늘 밤, 세계에서 이 사랑이 사라진다 해도 | 야탑 | [신규 등록: 재고 보유 가능성이 있습니다.]
[20251231_101217] 오늘 밤, 세계에서 이 사랑이 사라진다 해도 | 의정부 | [신규 등록: 재고 보유 가능성이 있습니다.]
[20251231_101217] 오늘 밤, 세계에서 이 사랑이 사라진다 해도 | 일산 | [신규 등록: 재고 보유 가능성이 있습니다.]
[20251231_101217] 오늘 밤, 세계에서 이 사랑이 사라진다 해도 | 인천 | [신규 등록: 재고 보유 가능성이 있습니다.]
[20251231_101217] 오늘 밤, 세계에서 이 사랑이 사라진다 해도 | 춘천 | [신규 등록: 재고 보유 가능성이 있습니다.]
[20251231_101217] 오늘 밤, 세계에서 이 사랑이 사라진다 해도 | 대전터미널 | [신규 등록: 재고 보유 가능성이 있습니다.]
[20251231_101217] 오늘 밤, 세계에서 이 사랑이 사라진다 해도 | 세종 | [신규 등록: 재고 보유 가능성이 있습니다.]
[20251231_101217] 오늘 밤, 세계에서 이 사랑이 사라진다 해도 | 천안펜타포트 | [신규 등록: 재고 보유 가능성이 있습니다.]
[20251231_101217] 오늘 밤, 세계에서 이 사랑이 사라진다 해도 | 대구한일 | [신규 등록: 재고 보유 가능성이 있습니다.]
[20251231_101217] 오늘 밤, 세계에서 이 사랑이 사라진다 해도 | 서면상상마당 | [신규 등록: 재고 보유 가능성이 있습니다.]
[20251231_101217] 오늘 밤, 세계에서 이 사랑이 사라진다 해도 | 센텀시티 | [신규 등록: 재고 보유 가능성이 있습니다.]
[20251231_101217] 오늘 밤, 세계에서 이 사랑이 사라진다 해도 | 울산삼산 | [신규 등록: 선착순신청]
[20251231_101217] 오늘 밤, 세계에서 이 사랑이 사라진다 해도 | 광주금남로 | [신규 등록: 재고 보유 가능성이 있습니다.]
[20251231_101217] 오늘 밤, 세계에서 이 사랑이 사라진다 해도 | 목포평화광장 | [신규 등록: 재고 보유 가능성이 있습니다.]
[20251231_101217] 오늘 밤, 세계에서 이 사랑이 사라진다 해도 | 전주고사 | [신규 등록: 재고 보유 가능성이 있습니다.]
[20251231_101217] 주술회전 시부야사변X사멸회유 | 야탑 | [신규 등록: 재고 보유 가능성이 있습니다.]
[20251231_101217] 주술회전 시부야사변X사멸회유 | 인천 | [신규 등록: 재고 보유 가능성이 있습니다.]
[20251231_101217] 주술회전 시부야사변X사멸회유 | 평택소사 | [신규 등록: 재고 보유 가능성이 있습니다.]
[20251231_101217] 짐 자무쉬 감독전 | 강변 | [신규 등록: 재고 보유 가능성이 있습니다.]
[20251231_101217] 짐 자무쉬 감독전 | 대학로 | [신규 등록: 재고 보유 가능성이 있습니다.]
[20251231_101217] 짐 자무쉬 감독전 | 동대문 | [신규 등록: 재고 보유 가능성이 있습니다.]
[20251231_101217] 짐 자무쉬 감독전 | 신촌아트레온 | [신규 등록: 재고 보유 가능성이 있습니다.]
[20251231_101217] 짐 자무쉬 감독전 | 압구정 | [신규 등록: 재고 보유 가능성이 있습니다.]
[20251231_101217] 짐 자무쉬 감독전 | 여의도 | [신규 등록: 재고 보유 가능성이 있습니다.]
[20251231_101217] 짐 자무쉬 감독전 | 용산아이파크몰 | [신규 등록: 선착순신청]
[20251231_101217] 짐 자무쉬 감독전 | 소풍 | [신규 등록: 재고 보유 가능성이 있습니다.]
[20251231_101217] 짐 자무쉬 감독전 | 오리 | [신규 등록: 재고 보유 가능성이 있습니다.]
[20251231_101217] 짐 자무쉬 감독전 | 인천 | [신규 등록: 재고 보유 가능성이 있습니다.]
[20251231_101217] 짐 자무쉬 감독전 | 춘천 | [신규 등록: 재고 보유 가능성이 있습니다.]
[20251231_101217] 짐 자무쉬 감독전 | 대전 | [신규 등록: 재고 보유 가능성이 있습니다.]
[20251231_101217] 짐 자무쉬 감독전 | 천안펜타포트 | [신규 등록: 재고 보유 가능성이 있습니다.]
[20251231_101217] 짐 자무쉬 감독전 | 대구아카데미 | [신규 등록: 재고 보유 가능성이 있습니다.]
[20251231_101217] 짐 자무쉬 감독전 | 서면 | [신규 등록: 재고 보유 가능성이 있습니다.]
[20251231_101217] 짐 자무쉬 감독전 | 광주상무 | [신규 등록: 재고 보유 가능성이 있습니다.]
[20251231_101217] 짐 자무쉬 감독전 | 강변 | [신규 등록: 재고 보유 가능성이 있습니다.]
[20251231_101217] 짐 자무쉬 감독전 | 대학로 | [신규 등록: 재고 보유 가능성이 있습니다.]
[20251231_101217] 짐 자무쉬 감독전 | 동대문 | [신규 등록: 재고 보유 가능성이 있습니다.]
[20251231_101217] 짐 자무쉬 감독전 | 신촌아트레온 | [신규 등록: 재고 보유 가능성이 있습니다.]
[20251231_101217] 짐 자무쉬 감독전 | 압구정 | [신규 등록: 재고 보유 가능성이 있습니다.]
[20251231_101217] 짐 자무쉬 감독전 | 여의도 | [신규 등록: 재고 보유 가능성이 있습니다.]
[20251231_101217] 짐 자무쉬 감독전 | 용산아이파크몰 | [신규 등록: 선착순신청]
[20251231_101217] 짐 자무쉬 감독전 | 소풍 | [신규 등록: 재고 보유 가능성이 있습니다.]
[20251231_101217] 짐 자무쉬 감독전 | 오리 | [신규 등록: 재고 보유 가능성이 있습니다.]
[20251231_101217] 짐 자무쉬 감독전 | 인천 | [신규 등록: 재고 보유 가능성이 있습니다.]
[20251231_101217] 짐 자무쉬 감독전 | 춘천 | [신규 등록: 재고 보유 가능성이 있습니다.]
[20251231_101217] 짐 자무쉬 감독전 | 대전 | [신규 등록: 재고 보유 가능성이 있습니다.]
[20251231_101217] 짐 자무쉬 감독전 | 천안펜타포트 | [신규 등록: 재고 보유 가능성이 있습니다.]
[20251231_101217] 짐 자무쉬 감독전 | 대구아카데미 | [신규 등록: 재고 보유 가능성이 있습니다.]
[20251231_101217] 짐 자무쉬 감독전 | 서면 | [신규 등록: 재고 보유 가능성이 있습니다.]
[20251231_101217] 짐 자무쉬 감독전 | 광주상무 | [신규 등록: 재고 보유 가능성이 있습니다.]
[20251231_101217] 짐 자무쉬 감독전 | 강변 | [신규 등록: 재고 보유 가능성이 있습니다.]
[20251231_101217] 짐 자무쉬 감독전 | 대학로 | [신규 등록: 재고 보유 가능성이 있습니다.]
[20251231_101217] 짐 자무쉬 감독전 | 동대문 | [신규 등록: 재고 보유 가능성이 있습니다.]
[20251231_101217] 짐 자무쉬 감독전 | 신촌아트레온 | [신규 등록: 재고 보유 가능성이 있습니다.]
[20251231_101217] 짐 자무쉬 감독전 | 압구정 | [신규 등록: 재고 보유 가능성이 있습니다.]
[20251231_101217] 짐 자무쉬 감독전 | 여의도 | [신규 등록: 재고 보유 가능성이 있습니다.]
[20251231_101217] 짐 자무쉬 감독전 | 용산아이파크몰 | [신규 등록: 선착순신청]
[20251231_101217] 짐 자무쉬 감독전 | 소풍 | [신규 등록: 재고 보유 가능성이 있습니다.]
[20251231_101217] 짐 자무쉬 감독전 | 오리 | [신규 등록: 재고 보유 가능성이 있습니다.]
[20251231_101217] 짐 자무쉬 감독전 | 인천 | [신규 등록: 재고 보유 가능성이 있습니다.]
[20251231_101217] 짐 자무쉬 감독전 | 춘천 | [신규 등록: 재고 보유 가능성이 있습니다.]
[20251231_101217] 짐 자무쉬 감독전 | 대전 | [신규 등록: 재고 보유 가능성이 있습니다.]
[20251231_101217] 짐 자무쉬 감독전 | 천안펜타포트 | [신규 등록: 재고 보유 가능성이 있습니다.]
[20251231_101217] 짐 자무쉬 감독전 | 대구아카데미 | [신규 등록: 재고 보유 가능성이 있습니다.]
[20251231_101217] 짐 자무쉬 감독전 | 서면 | [신규 등록: 재고 보유 가능성이 있습니다.]
[20251231_101217] 짐 자무쉬 감독전 | 광주상무 | [신규 등록: 재고 보유 가능성이 있습니다.]
[20251231_101217] 짐 자무쉬 감독전 | 강변 | [신규 등록: 재고 보유 가능성이 있습니다.]
[20251231_101217] 짐 자무쉬 감독전 | 대학로 | [신규 등록: 재고 보유 가능성이 있습니다.]
[20251231_101217] 짐 자무쉬 감독전 | 동대문 | [신규 등록: 재고 보유 가능성이 있습니다.]
[20251231_101217] 짐 자무쉬 감독전 | 신촌아트레온 | [신규 등록: 재고 보유 가능성이 있습니다.]
[20251231_101217] 짐 자무쉬 감독전 | 압구정 | [신규 등록: 재고 보유 가능성이 있습니다.]
[20251231_101217] 짐 자무쉬 감독전 | 여의도 | [신규 등록: 재고 보유 가능성이 있습니다.]
[20251231_101217] 짐 자무쉬 감독전 | 용산아이파크몰 | [신규 등록: 선착순신청]
[20251231_101217] 짐 자무쉬 감독전 | 소풍 | [신규 등록: 재고 보유 가능성이 있습니다.]
[20251231_101217] 짐 자무쉬 감독전 | 오리 | [신규 등록: 재고 보유 가능성이 있습니다.]
[20251231_101217] 짐 자무쉬 감독전 | 인천 | [신규 등록: 재고 보유 가능성이 있습니다.]
[20251231_101217] 짐 자무쉬 감독전 | 춘천 | [신규 등록: 재고 보유 가능성이 있습니다.]
[20251231_101217] 짐 자무쉬 감독전 | 대전 | [신규 등록: 재고 보유 가능성이 있습니다.]
[20251231_101217] 짐 자무쉬 감독전 | 천안펜타포트 | [신규 등록: 재고 보유 가능성이 있습니다.]
[20251231_101217] 짐 자무쉬 감독전 | 대구아카데미 | [신규 등록: 재고 보유 가능성이 있습니다.]
[20251231_101217] 짐 자무쉬 감독전 | 서면 | [신규 등록: 재고 보유 가능성이 있습니다.]
[20251231_101217] 짐 자무쉬 감독전 | 광주상무 | [신규 등록: 재고 보유 가능성이 있습니다.]
[20251231_101217] 짐 자무쉬 감독전 | 강변 | [신규 등록: 재고 보유 가능성이 있습니다.]
[20251231_101217] 짐 자무쉬 감독전 | 대학로 | [신규 등록: 재고 보유 가능성이 있습니다.]
[20251231_101217] 짐 자무쉬 감독전 | 동대문 | [신규 등록: 재고 보유 가능성이 있습니다.]
[20251231_101217] 짐 자무쉬 감독전 | 신촌아트레온 | [신규 등록: 재고 보유 가능성이 있습니다.]
[20251231_101217] 짐 자무쉬 감독전 | 압구정 | [신규 등록: 재고 보유 가능성이 있습니다.]
[20251231_101217] 짐 자무쉬 감독전 | 여의도 | [신규 등록: 재고 보유 가능성이 있습니다.]
[20251231_101217] 짐 자무쉬 감독전 | 용산아이파크몰 | [신규 등록: 선착순신청]
[20251231_101217] 짐 자무쉬 감독전 | 소풍 | [신규 등록: 재고 보유 가능성이 있습니다.]
[20251231_101217] 짐 자무쉬 감독전 | 오리 | [신규 등록: 재고 보유 가능성이 있습니다.]
[20251231_101217] 짐 자무쉬 감독전 | 인천 | [신규 등록: 재고 보유 가능성이 있습니다.]
[20251231_101217] 짐 자무쉬 감독전 | 춘천 | [신규 등록: 재고 보유 가능성이 있습니다.]
[20251231_101217] 짐 자무쉬 감독전 | 대전 | [신규 등록: 재고 보유 가능성이 있습니다.]
[20251231_101217] 짐 자무쉬 감독전 | 천안펜타포트 | [신규 등록: 재고 보유 가능성이 있습니다.]
[20251231_101217] 짐 자무쉬 감독전 | 대구아카데미 | [신규 등록: 재고 보유 가능성이 있습니다.]
[20251231_101217] 짐 자무쉬 감독전 | 서면 | [신규 등록: 재고 보유 가능성이 있습니다.]
[20251231_101217] 짐 자무쉬 감독전 | 광주상무 | [신규 등록: 재고 보유 가능성이 있습니다.]
[20251231_101217] 짐 자무쉬 감독전 | 강변 | [신규 등록: 재고 보유 가능성이 있습니다.]
[20251231_101217] 짐 자무쉬 감독전 | 대학로 | [신규 등록: 재고 보유 가능성이 있습니다.]
[20251231_101217] 짐 자무쉬 감독전 | 동대문 | [신규 등록: 재고 보유 가능성이 있습니다.]
[20251231_101217] 짐 자무쉬 감독전 | 신촌아트레온 | [신규 등록: 재고 보유 가능성이 있습니다.]
[20251231_101217] 짐 자무쉬 감독전 | 압구정 | [신규 등록: 재고 보유 가능성이 있습니다.]
[20251231_101217] 짐 자무쉬 감독전 | 여의도 | [신규 등록: 재고 보유 가능성이 있습니다.]
[20251231_101217] 짐 자무쉬 감독전 | 용산아이파크몰 | [신규 등록: 선착순신청]
[20251231_101217] 짐 자무쉬 감독전 | 소풍 | [신규 등록: 재고 보유 가능성이 있습니다.]
[20251231_101217] 짐 자무쉬 감독전 | 오리 | [신규 등록: 재고 보유 가능성이 있습니다.]
[20251231_101217] 짐 자무쉬 감독전 | 인천 | [신규 등록: 재고 보유 가능성이 있습니다.]
[20251231_101217] 짐 자무쉬 감독전 | 춘천 | [신규 등록: 재고 보유 가능성이 있습니다.]
[20251231_101217] 짐 자무쉬 감독전 | 대전 | [신규 등록: 재고 보유 가능성이 있습니다.]
[20251231_101217] 짐 자무쉬 감독전 | 천안펜타포트 | [신규 등록: 재고 보유 가능성이 있습니다.]
[20251231_101217] 짐 자무쉬 감독전 | 대구아카데미 | [신규 등록: 재고 보유 가능성이 있습니다.]
[20251231_101217] 짐 자무쉬 감독전 | 서면 | [신규 등록: 재고 보유 가능성이 있습니다.]
[20251231_101217] 짐 자무쉬 감독전 | 광주상무 | [신규 등록: 재고 소진 중입니다.]
[20251231_101217] 짐 자무쉬 감독전 | 강변 | [신규 등록: 재고 보유 가능성이 있습니다.]
[20251231_101217] 짐 자무쉬 감독전 | 대학로 | [신규 등록: 재고 보유 가능성이 있습니다.]
[20251231_101217] 짐 자무쉬 감독전 | 동대문 | [신규 등록: 재고 보유 가능성이 있습니다.]
[20251231_101217] 짐 자무쉬 감독전 | 신촌아트레온 | [신규 등록: 재고 보유 가능성이 있습니다.]
[20251231_101217] 짐 자무쉬 감독전 | 압구정 | [신규 등록: 재고 소진 중입니다.]
[20251231_101217] 짐 자무쉬 감독전 | 여의도 | [신규 등록: 재고 소진 중입니다.]
[20251231_101217] 짐 자무쉬 감독전 | 용산아이파크몰 | [신규 등록: 선착순신청]
[20251231_101217] 짐 자무쉬 감독전 | 소풍 | [신규 등록: 재고 보유 가능성이 있습니다.]
[20251231_101217] 짐 자무쉬 감독전 | 오리 | [신규 등록: 재고 보유 가능성이 있습니다.]
[20251231_101217] 짐 자무쉬 감독전 | 인천 | [신규 등록: 재고 보유 가능성이 있습니다.]
[20251231_101217] 짐 자무쉬 감독전 | 춘천 | [신규 등록: 재고 보유 가능성이 있습니다.]
[20251231_101217] 짐 자무쉬 감독전 | 대전 | [신규 등록: 재고 소진 중입니다.]
[20251231_101217] 짐 자무쉬 감독전 | 천안펜타포트 | [신규 등록: 재고 보유 가능성이 있습니다.]
[20251231_101217] 짐 자무쉬 감독전 | 대구아카데미 | [신규 등록: 재고 보유 가능성이 있습니다.]
[20251231_101217] 짐 자무쉬 감독전 | 서면 | [신규 등록: 재고 보유 가능성이 있습니다.]
[20251231_101217] 짐 자무쉬 감독전 | 광주상무 | [신규 등록: 재고 소진 중입니다.]
[20251231_101217] 척의 일생 | 강변 | [신규 등록: 재고 보유 가능성이 있습니다.]
[20251231_101217] 척의 일생 | 대학로 | [신규 등록: 재고 보유 가능성이 있습니다.]
[20251231_101217] 척의 일생 | 동대문 | [신규 등록: 재고 보유 가능성이 있습니다.]
[20251231_101217] 척의 일생 | 신촌아트레온 | [신규 등록: 재고 보유 가능성이 있습니다.]
[20251231_101217] 척의 일생 | 압구정 | [신규 등록: 재고 보유 가능성이 있습니다.]
[20251231_101217] 척의 일생 | 여의도 | [신규 등록: 재고 보유 가능성이 있습니다.]
[20251231_101217] 척의 일생 | 용산아이파크몰 | [신규 등록: 선착순신청]
[20251231_101217] 척의 일생 | 소풍 | [신규 등록: 재고 보유 가능성이 있습니다.]
[20251231_101217] 척의 일생 | 오리 | [신규 등록: 재고 보유 가능성이 있습니다.]
[20251231_101217] 척의 일생 | 평촌 | [신규 등록: 재고 보유 가능성이 있습니다.]
[20251231_101217] 척의 일생 | 인천 | [신규 등록: 재고 보유 가능성이 있습니다.]
[20251231_101217] 척의 일생 | 춘천 | [신규 등록: 재고 보유 가능성이 있습니다.]
[20251231_101217] 척의 일생 | 대전 | [신규 등록: 재고 보유 가능성이 있습니다.]
[20251231_101217] 척의 일생 | 천안펜타포트 | [신규 등록: 재고 보유 가능성이 있습니다.]
[20251231_101217] 척의 일생 | 대구아카데미 | [신규 등록: 재고 보유 가능성이 있습니다.]
[20251231_101217] 척의 일생 | 서면 | [신규 등록: 재고 보유 가능성이 있습니다.]
[20251231_101217] 척의 일생 | 광주상무 | [신규 등록: 재고 보유 가능성이 있습니다.]
[20251231_101217] 파더 마더 시스터 브라더 | 강변 | [신규 등록: 재고 보유 가능성이 있습니다.]
[20251231_101217] 파더 마더 시스터 브라더 | 대학로 | [신규 등록: 재고 보유 가능성이 있습니다.]
[20251231_101217] 파더 마더 시스터 브라더 | 동대문 | [신규 등록: 재고 보유 가능성이 있습니다.]
[20251231_101217] 파더 마더 시스터 브라더 | 신촌아트레온 | [신규 등록: 재고 보유 가능성이 있습니다.]
[20251231_101217] 파더 마더 시스터 브라더 | 압구정 | [신규 등록: 재고 보유 가능성이 있습니다.]
[20251231_101217] 파더 마더 시스터 브라더 | 여의도 | [신규 등록: 재고 보유 가능성이 있습니다.]
[20251231_101217] 파더 마더 시스터 브라더 | 용산아이파크몰 | [신규 등록: 선착순신청]
[20251231_101217] 파더 마더 시스터 브라더 | 소풍 | [신규 등록: 재고 보유 가능성이 있습니다.]
[20251231_101217] 파더 마더 시스터 브라더 | 오리 | [신규 등록: 재고 보유 가능성이 있습니다.]
[20251231_101217] 파더 마더 시스터 브라더 | 인천 | [신규 등록: 재고 보유 가능성이 있습니다.]
[20251231_101217] 파더 마더 시스터 브라더 | 춘천 | [신규 등록: 재고 보유 가능성이 있습니다.]
[20251231_101217] 파더 마더 시스터 브라더 | 대전 | [신규 등록: 재고 보유 가능성이 있습니다.]
[20251231_101217] 파더 마더 시스터 브라더 | 천안펜타포트 | [신규 등록: 재고 보유 가능성이 있습니다.]
[20251231_101217] 파더 마더 시스터 브라더 | 대구아카데미 | [신규 등록: 재고 보유 가능성이 있습니다.]
[20251231_101217] 파더 마더 시스터 브라더 | 서면 | [신규 등록: 재고 보유 가능성이 있습니다.]
[20251231_101217] 파더 마더 시스터 브라더 | 광주상무 | [신규 등록: 재고 보유 가능성이 있습니다.]
[20251231_101217] 하나 그리고 둘 | 강변 | [신규 등록: 재고 보유 가능성이 있습니다.]
[20251231_101217] 하나 그리고 둘 | 대구아카데미 | [신규 등록: 재고 보유 가능성이 있습니다.]
[20251231_101217] 하나 그리고 둘 | 대학로 | [신규 등록: 재고 보유 가능성이 있습니다.]
[20251231_101217] 하나 그리고 둘 | 동대문 | [신규 등록: 재고 보유 가능성이 있습니다.]
[20251231_101217] 하나 그리고 둘 | 서면 | [신규 등록: 재고 보유 가능성이 있습니다.]
[20251231_101217] 하나 그리고 둘 | 소풍 | [신규 등록: 재고 보유 가능성이 있습니다.]
[20251231_101217] 하나 그리고 둘 | 신촌아트레온 | [신규 등록: 재고 보유 가능성이 있습니다.]
[20251231_101217] 하나 그리고 둘 | 압구정 | [신규 등록: 재고 보유 가능성이 있습니다.]
[20251231_101217] 하나 그리고 둘 | 오리 | [신규 등록: 재고 보유 가능성이 있습니다.]
[20251231_101217] 하나 그리고 둘 | 용산아이파크몰 | [신규 등록: 선착순신청]
[20251231_101217] 행복한 라짜로 | 강변 | [신규 등록: 재고 소진 중입니다.]
[20251231_101217] 행복한 라짜로 | 동대문 | [신규 등록: 마감되었습니다.]
[20251231_101217] 행복한 라짜로 | 신촌아트레온 | [신규 등록: 재고 보유 가능성이 있습니다.]
[20251231_101217] 행복한 라짜로 | 압구정 | [신규 등록: 마감되었습니다.]
[20251231_101217] 행복한 라짜로 | 여의도 | [신규 등록: 마감되었습니다.]
[20251231_101217] 행복한 라짜로 | 용산아이파크몰 | [신규 등록: 선착순신청]
[20251231_101217] 행복한 라짜로 | 소풍 | [신규 등록: 마감되었습니다.]
[20251231_101217] 행복한 라짜로 | 오리 | [신규 등록: 마감되었습니다.]
[20251231_101217] 행복한 라짜로 | 춘천 | [신규 등록: 재고 보유 가능성이 있습니다.]
[20251231_101217] 행복한 라짜로 | 대전 | [신규 등록: 재고 소진 임박입니다.]
[20251231_101217] 행복한 라짜로 | 대구아카데미 | [신규 등록: 마감되었습니다.]
[20251231_101217] 행복한 라짜로 | 서면 | [신규 등록: 마감되었습니다.]
[20251231_101217] 행복한 라짜로 | 광주상무 | [신규 등록: 재고 보유 가능성이 있습니다.]
[20251231_101217] 화양연화 특별판 | 고덕강일 | [신규 등록: 재고 보유 가능성이 있습니다.]
[20251231_101217] 화양연화 특별판 | 구로 | [신규 등록: 재고 보유 가능성이 있습니다.]
[20251231_101217] 화양연화 특별판 | 대학로 | [신규 등록: 재고 보유 가능성이 있습니다.]
[20251231_101217] 화양연화 특별판 | 동대문 | [신규 등록: 재고 보유 가능성이 있습니다.]
[20251231_101217] 화양연화 특별판 | 방학 | [신규 등록: 재고 보유 가능성이 있습니다.]
[20251231_101217] 화양연화 특별판 | 상봉 | [신규 등록: 재고 보유 가능성이 있습니다.]
[20251231_101217] 화양연화 특별판 | 수유 | [신규 등록: 재고 보유 가능성이 있습니다.]
[20251231_101217] 화양연화 특별판 | 여의도 | [신규 등록: 재고 보유 가능성이 있습니다.]
[20251231_101217] 화양연화 특별판 | 영등포타임스퀘어 | [신규 등록: 선착순신청]
[20251231_101217] 화양연화 특별판 | 왕십리 | [신규 등록: 선착순신청]
[20251231_101217] 화양연화 특별판 | 용산아이파크몰 | [신규 등록: 선착순신청]
[20251231_101217] 화양연화 특별판 | 중계 | [신규 등록: 재고 보유 가능성이 있습니다.]
[20251231_101217] 화양연화 특별판 | 동수원 | [신규 등록: 재고 보유 가능성이 있습니다.]
[20251231_101217] 화양연화 특별판 | 동탄 | [신규 등록: 재고 보유 가능성이 있습니다.]
[20251231_101217] 화양연화 특별판 | 부천역 | [신규 등록: 재고 보유 가능성이 있습니다.]
[20251231_101217] 화양연화 특별판 | 소풍 | [신규 등록: 재고 보유 가능성이 있습니다.]
[20251231_101217] 화양연화 특별판 | 안산 | [신규 등록: 재고 보유 가능성이 있습니다.]
[20251231_101217] 화양연화 특별판 | 야탑 | [신규 등록: 재고 보유 가능성이 있습니다.]
[20251231_101217] 화양연화 특별판 | 양주옥정 | [신규 등록: 재고 보유 가능성이 있습니다.]
[20251231_101217] 화양연화 특별판 | 오리 | [신규 등록: 재고 보유 가능성이 있습니다.]
[20251231_101217] 화양연화 특별판 | 의정부 | [신규 등록: 재고 보유 가능성이 있습니다.]
[20251231_101217] 화양연화 특별판 | 일산 | [신규 등록: 재고 보유 가능성이 있습니다.]
[20251231_101217] 화양연화 특별판 | 평촌 | [신규 등록: 재고 보유 가능성이 있습니다.]
[20251231_101217] 화양연화 특별판 | 평택 | [신규 등록: 재고 보유 가능성이 있습니다.]
[20251231_101217] 화양연화 특별판 | 계양 | [신규 등록: 재고 보유 가능성이 있습니다.]
[20251231_101217] 화양연화 특별판 | 인천 | [신규 등록: 재고 보유 가능성이 있습니다.]
[20251231_101217] 화양연화 특별판 | 강릉 | [신규 등록: 재고 보유 가능성이 있습니다.]
[20251231_101217] 화양연화 특별판 | 대전 | [신규 등록: 재고 보유 가능성이 있습니다.]
[20251231_101217] 화양연화 특별판 | 대전터미널 | [신규 등록: 재고 보유 가능성이 있습니다.]
[20251231_101217] 화양연화 특별판 | 천안터미널 | [신규 등록: 선착순신청]
[20251231_101217] 화양연화 특별판 | 천안펜타포트 | [신규 등록: 재고 보유 가능성이 있습니다.]
[20251231_101217] 화양연화 특별판 | 청주(서문) | [신규 등록: 재고 보유 가능성이 있습니다.]
[20251231_101217] 화양연화 특별판 | 청주지웰시티 | [신규 등록: 재고 보유 가능성이 있습니다.]
[20251231_101217] 화양연화 특별판 | 대구 | [신규 등록: 재고 보유 가능성이 있습니다.]
[20251231_101217] 화양연화 특별판 | 대구스타디움 | [신규 등록: 재고 보유 가능성이 있습니다.]
[20251231_101217] 화양연화 특별판 | 대구아카데미 | [신규 등록: 재고 보유 가능성이 있습니다.]
[20251231_101217] 화양연화 특별판 | 서면 | [신규 등록: 재고 보유 가능성이 있습니다.]
[20251231_101217] 화양연화 특별판 | 센텀시티 | [신규 등록: 재고 보유 가능성이 있습니다.]
[20251231_101217] 화양연화 특별판 | 아시아드 | [신규 등록: 재고 보유 가능성이 있습니다.]
[20251231_101217] 화양연화 특별판 | 울산삼산 | [신규 등록: 선착순신청]
[20251231_101217] 화양연화 특별판 | 마산 | [신규 등록: 재고 보유 가능성이 있습니다.]
[20251231_101217] 화양연화 특별판 | 창원더시티 | [신규 등록: 재고 보유 가능성이 있습니다.]
[20251231_101217] 화양연화 특별판 | 광주금남로 | [신규 등록: 재고 보유 가능성이 있습니다.]
[20251231_101217] 화양연화 특별판 | 광주상무 | [신규 등록: 재고 보유 가능성이 있습니다.]
[20251231_101217] 화양연화 특별판 | 광주첨단 | [신규 등록: 재고 보유 가능성이 있습니다.]
[20251231_101217] 화양연화 특별판 | 목포평화광장 | [신규 등록: 재고 보유 가능성이 있습니다.]
[20251231_101217] 화양연화 특별판 | 순천신대 | [신규 등록: 재고 보유 가능성이 있습니다.]
[20251231_101217] 화양연화 특별판 | 전주고사 | [신규 등록: 재고 보유 가능성이 있습니다.]
[20251231_101217] 아바타: 불과 재 | 영등포타임스퀘어 | [신규 등록: 마감되었습니다.]
[20251231_101217] 아바타: 불과 재 | 왕십리 | [신규 등록: 마감되었습니다.]
[20251231_101217] 아바타: 불과 재 | 용산아이파크몰 | [신규 등록: 마감되었습니다.]
[20251231_101217] 아바타: 불과 재 | 홍대 | [신규 등록: 마감되었습니다.]
[20251231_101217] 아바타: 불과 재 | 대구 | [신규 등록: 마감되었습니다.]
[20251231_101217] 아바타: 불과 재 | 용산아이파크몰 | [신규 등록: 마감되었습니다.]
[20251231_101217] 아바타: 불과 재 | 천안터미널 | [신규 등록: 마감되었습니다.]
[20251231_101217] 아바타 불과 재 | 홍대 | [신규 등록: 재고 보유 가능성이 있습니다.]
