[20260120_183749] 기타 | 용산아이파크몰 | [신규 등록: 재고 보유 가능성이 있습니다.]
[20260120_183749] SCREENX | 영등포타임스퀘어 | [신규 등록: 재고 보유 가능성이 있습니다.]
[20260120_183749] SCREENX | 왕십리 | [신규 등록: 재고 보유 가능성이 있습니다.]
[20260120_183749] SCREENX | 용산아이파크몰 | [신규 등록: 재고 보유 가능성이 있습니다.]
[20260120_183749] SCREENX | 홍대 | [신규 등록: 재고 보유 가능성이 있습니다.]
[20260120_183749] 강다니엘 | 강남 | [신규 등록: 재고 보유 가능성이 있습니다.]
[20260120_183749] 강다니엘 | 강변 | [신규 등록: 재고 보유 가능성이 있습니다.]
[20260120_183749] 강다니엘 | 동대문 | [신규 등록: 마감되었습니다.]
[20260120_183749] 강다니엘 | 명동 | [신규 등록: 재고 보유 가능성이 있습니다.]
[20260120_183749] 강다니엘 | 연남 | [신규 등록: 재고 보유 가능성이 있습니다.]
[20260120_183749] 강다니엘 | 영등포타임스퀘어 | [신규 등록: 마감되었습니다.]
[20260120_183749] 강다니엘 | 왕십리 | [신규 등록: 마감되었습니다.]
[20260120_183749] 강다니엘 | 용산아이파크몰 | [신규 등록: 마감되었습니다.]
[20260120_183749] 강다니엘 | 고양백석 | [신규 등록: 재고 보유 가능성이 있습니다.]
[20260120_183749] 강다니엘 | 동수원 | [신규 등록: 재고 보유 가능성이 있습니다.]
[20260120_183749] 강다니엘 | 야탑 | [신규 등록: 재고 보유 가능성이 있습니다.]
[20260120_183749] 강다니엘 | 평촌 | [신규 등록: 재고 보유 가능성이 있습니다.]
[20260120_183749] 강다니엘 | 인천 | [신규 등록: 재고 보유 가능성이 있습니다.]
[20260120_183749] 강다니엘 | 대전터미널 | [신규 등록: 재고 보유 가능성이 있습니다.]
[20260120_183749] 강다니엘 | 대구 | [신규 등록: 재고 소진 중입니다.]
[20260120_183749] 강다니엘 | 서면 | [신규 등록: 마감되었습니다.]
[20260120_183749] 강다니엘 | 창원상남 | [신규 등록: 재고 보유 가능성이 있습니다.]
[20260120_183749] 강다니엘 | 광주금남로 | [신규 등록: 재고 보유 가능성이 있습니다.]
[20260120_183749] 굿 포 낫씽 | 강변 | [신규 등록: 재고 보유 가능성이 있습니다.]
[20260120_183749] 굿 포 낫씽 | 광주상무 | [신규 등록: 재고 보유 가능성이 있습니다.]
[20260120_183749] 굿 포 낫씽 | 대학로 | [신규 등록: 재고 보유 가능성이 있습니다.]
[20260120_183749] 굿 포 낫씽 | 동대문 | [신규 등록: 재고 보유 가능성이 있습니다.]
[20260120_183749] 굿 포 낫씽 | 서면 | [신규 등록: 재고 보유 가능성이 있습니다.]
[20260120_183749] 굿 포 낫씽 | 신촌아트레온 | [신규 등록: 재고 보유 가능성이 있습니다.]
[20260120_183749] 굿 포 낫씽 | 압구정 | [신규 등록: 재고 보유 가능성이 있습니다.]
[20260120_183749] 굿 포 낫씽 | 오리 | [신규 등록: 재고 보유 가능성이 있습니다.]
[20260120_183749] 굿 포 낫씽 | 용산아이파크몰 | [신규 등록: 선착순신청]
[20260120_183749] 굿 포 낫씽 | 인천 | [신규 등록: 재고 보유 가능성이 있습니다.]
[20260120_183749] 극장판 짱구 | 구로 | [신규 등록: 재고 보유 가능성이 있습니다.]
[20260120_183749] 극장판 짱구 | 대학로 | [신규 등록: 재고 보유 가능성이 있습니다.]
[20260120_183749] 극장판 짱구 | 동대문 | [신규 등록: 재고 보유 가능성이 있습니다.]
[20260120_183749] 극장판 짱구 | 상봉 | [신규 등록: 재고 보유 가능성이 있습니다.]
[20260120_183749] 극장판 짱구 | 성신여대입구 | [신규 등록: 재고 보유 가능성이 있습니다.]
[20260120_183749] 극장판 짱구 | 여의도 | [신규 등록: 재고 보유 가능성이 있습니다.]
[20260120_183749] 극장판 짱구 | 연남 | [신규 등록: 재고 보유 가능성이 있습니다.]
[20260120_183749] 극장판 짱구 | 영등포타임스퀘어 | [신규 등록: 선착순신청]
[20260120_183749] 극장판 짱구 | 왕십리 | [신규 등록: 선착순신청]
[20260120_183749] 극장판 짱구 | 용산아이파크몰 | [신규 등록: 선착순신청]
[20260120_183749] 극장판 짱구 | 홍대 | [신규 등록: 재고 보유 가능성이 있습니다.]
[20260120_183749] 극장판 짱구 | 김포운양 | [신규 등록: 재고 보유 가능성이 있습니다.]
[20260120_183749] 극장판 짱구 | 동탄 | [신규 등록: 재고 보유 가능성이 있습니다.]
[20260120_183749] 극장판 짱구 | 동탄역 | [신규 등록: 재고 보유 가능성이 있습니다.]
[20260120_183749] 극장판 짱구 | 동탄호수공원 | [신규 등록: 재고 보유 가능성이 있습니다.]
[20260120_183749] 극장판 짱구 | 배곧 | [신규 등록: 재고 보유 가능성이 있습니다.]
[20260120_183749] 극장판 짱구 | 안산 | [신규 등록: 재고 보유 가능성이 있습니다.]
[20260120_183749] 극장판 짱구 | 양주옥정 | [신규 등록: 재고 보유 가능성이 있습니다.]
[20260120_183749] 극장판 짱구 | 평촌 | [신규 등록: 재고 보유 가능성이 있습니다.]
[20260120_183749] 극장판 짱구 | 평택 | [신규 등록: 재고 보유 가능성이 있습니다.]
[20260120_183749] 극장판 짱구 | 평택소사 | [신규 등록: 재고 보유 가능성이 있습니다.]
[20260120_183749] 극장판 짱구 | 계양 | [신규 등록: 재고 보유 가능성이 있습니다.]
[20260120_183749] 극장판 짱구 | 인천 | [신규 등록: 재고 보유 가능성이 있습니다.]
[20260120_183749] 극장판 짱구 | 인천가정 | [신규 등록: 재고 보유 가능성이 있습니다.]
[20260120_183749] 극장판 짱구 | 인천연수 | [신규 등록: 재고 보유 가능성이 있습니다.]
[20260120_183750] 극장판 짱구 | 대전 | [신규 등록: 재고 보유 가능성이 있습니다.]
[20260120_183750] 극장판 짱구 | 대전가오 | [신규 등록: 재고 보유 가능성이 있습니다.]
[20260120_183750] 극장판 짱구 | 대전탄방 | [신규 등록: 재고 보유 가능성이 있습니다.]
[20260120_183750] 극장판 짱구 | 대전터미널 | [신규 등록: 재고 보유 가능성이 있습니다.]
[20260120_183750] 극장판 짱구 | 세종 | [신규 등록: 재고 보유 가능성이 있습니다.]
[20260120_183750] 극장판 짱구 | 천안터미널 | [신규 등록: 선착순신청]
[20260120_183750] 극장판 짱구 | 천안펜타포트 | [신규 등록: 재고 보유 가능성이 있습니다.]
[20260120_183750] 극장판 짱구 | 청주(서문) | [신규 등록: 재고 보유 가능성이 있습니다.]
[20260120_183750] 극장판 짱구 | 청주지웰시티 | [신규 등록: 재고 보유 가능성이 있습니다.]
[20260120_183750] 극장판 짱구 | 홍성 | [신규 등록: 재고 보유 가능성이 있습니다.]
[20260120_183750] 극장판 짱구 | 대구월성 | [신규 등록: 재고 보유 가능성이 있습니다.]
[20260120_183750] 극장판 짱구 | 대구죽전 | [신규 등록: 재고 보유 가능성이 있습니다.]
[20260120_183750] 극장판 짱구 | 대연 | [신규 등록: 재고 보유 가능성이 있습니다.]
[20260120_183750] 극장판 짱구 | 동래 | [신규 등록: 재고 보유 가능성이 있습니다.]
[20260120_183750] 극장판 짱구 | 서면 | [신규 등록: 재고 보유 가능성이 있습니다.]
[20260120_183750] 극장판 짱구 | 서면상상마당 | [신규 등록: 재고 보유 가능성이 있습니다.]
[20260120_183750] 극장판 짱구 | 센텀시티 | [신규 등록: 재고 보유 가능성이 있습니다.]
[20260120_183750] 극장판 짱구 | 아시아드 | [신규 등록: 재고 보유 가능성이 있습니다.]
[20260120_183750] 극장판 짱구 | 거제 | [신규 등록: 재고 보유 가능성이 있습니다.]
[20260120_183750] 극장판 짱구 | 김해 | [신규 등록: 재고 보유 가능성이 있습니다.]
[20260120_183750] 극장판 짱구 | 마산 | [신규 등록: 재고 보유 가능성이 있습니다.]
[20260120_183750] 극장판 짱구 | 창원더시티 | [신규 등록: 재고 보유 가능성이 있습니다.]
[20260120_183750] 극장판 짱구 | 창원상남 | [신규 등록: 재고 보유 가능성이 있습니다.]
[20260120_183750] 극장판 짱구 | 광주금남로 | [신규 등록: 재고 보유 가능성이 있습니다.]
[20260120_183750] 극장판 짱구 | 광주상무 | [신규 등록: 재고 보유 가능성이 있습니다.]
[20260120_183750] 극장판 짱구 | 광주첨단 | [신규 등록: 재고 보유 가능성이 있습니다.]
[20260120_183750] 극장판 짱구 | 광주하남 | [신규 등록: 재고 보유 가능성이 있습니다.]
[20260120_183750] 극장판 짱구 | 목포평화광장 | [신규 등록: 재고 보유 가능성이 있습니다.]
[20260120_183750] 극장판 짱구 | 전주효자 | [신규 등록: 재고 보유 가능성이 있습니다.]
[20260120_183750] 끝이 없는 스칼렛 | 강남 | [신규 등록: 마감되었습니다.]
[20260120_183750] 끝이 없는 스칼렛 | 강변 | [신규 등록: 재고 소진 중입니다.]
[20260120_183750] 끝이 없는 스칼렛 | 구로 | [신규 등록: 재고 소진 임박입니다.]
[20260120_183750] 끝이 없는 스칼렛 | 신촌아트레온 | [신규 등록: 재고 소진 임박입니다.]
[20260120_183750] 끝이 없는 스칼렛 | 여의도 | [신규 등록: 재고 보유 가능성이 있습니다.]
[20260120_183750] 끝이 없는 스칼렛 | 영등포타임스퀘어 | [신규 등록: 마감되었습니다.]
[20260120_183750] 끝이 없는 스칼렛 | 왕십리 | [신규 등록: 마감되었습니다.]
[20260120_183750] 끝이 없는 스칼렛 | 용산아이파크몰 | [신규 등록: 마감되었습니다.]
[20260120_183750] 끝이 없는 스칼렛 | 홍대 | [신규 등록: 마감되었습니다.]
[20260120_183750] 끝이 없는 스칼렛 | 동수원 | [신규 등록: 마감되었습니다.]
[20260120_183750] 끝이 없는 스칼렛 | 동탄 | [신규 등록: 재고 보유 가능성이 있습니다.]
[20260120_183750] 끝이 없는 스칼렛 | 소풍 | [신규 등록: 마감되었습니다.]
[20260120_183750] 끝이 없는 스칼렛 | 오리 | [신규 등록: 마감되었습니다.]
[20260120_183750] 끝이 없는 스칼렛 | 의정부 | [신규 등록: 마감되었습니다.]
[20260120_183750] 끝이 없는 스칼렛 | 일산 | [신규 등록: 마감되었습니다.]
[20260120_183750] 끝이 없는 스칼렛 | 평택 | [신규 등록: 재고 보유 가능성이 있습니다.]
[20260120_183750] 끝이 없는 스칼렛 | 계양 | [신규 등록: 재고 소진 중입니다.]
[20260120_183750] 끝이 없는 스칼렛 | 인천 | [신규 등록: 마감되었습니다.]
[20260120_183750] 끝이 없는 스칼렛 | 대전 | [신규 등록: 마감되었습니다.]
[20260120_183750] 끝이 없는 스칼렛 | 천안터미널 | [신규 등록: 마감되었습니다.]
[20260120_183750] 끝이 없는 스칼렛 | 천안펜타포트 | [신규 등록: 재고 보유 가능성이 있습니다.]
[20260120_183750] 끝이 없는 스칼렛 | 청주(서문) | [신규 등록: 재고 소진 중입니다.]
[20260120_183750] 끝이 없는 스칼렛 | 대구아카데미 | [신규 등록: 마감되었습니다.]
[20260120_183750] 끝이 없는 스칼렛 | 대구현대 | [신규 등록: 마감되었습니다.]
[20260120_183750] 끝이 없는 스칼렛 | 서면 | [신규 등록: 마감되었습니다.]
[20260120_183750] 끝이 없는 스칼렛 | 센텀시티 | [신규 등록: 마감되었습니다.]
[20260120_183750] 끝이 없는 스칼렛 | 울산삼산 | [신규 등록: 마감되었습니다.]
[20260120_183750] 끝이 없는 스칼렛 | 광주금남로 | [신규 등록: 마감되었습니다.]
[20260120_183750] 끝이 없는 스칼렛 | 목포평화광장 | [신규 등록: 재고 보유 가능성이 있습니다.]
[20260120_183750] 끝이 없는 스칼렛 | 전주고사 | [신규 등록: 마감되었습니다.]
[20260120_183750] 끝이 없는 스칼렛 | 강남 | [신규 등록: 재고 소진 중입니다.]
[20260120_183750] 끝이 없는 스칼렛 | 영등포타임스퀘어 | [신규 등록: 마감되었습니다.]
[20260120_183750] 끝이 없는 스칼렛 | 왕십리 | [신규 등록: 선착순신청]
[20260120_183750] 끝이 없는 스칼렛 | 용산아이파크몰 | [신규 등록: 선착순신청]
[20260120_183750] 끝이 없는 스칼렛 | 홍대 | [신규 등록: 재고 소진 중입니다.]
[20260120_183750] 끝이 없는 스칼렛 | 동수원 | [신규 등록: 재고 보유 가능성이 있습니다.]
[20260120_183750] 끝이 없는 스칼렛 | 안산 | [신규 등록: 재고 보유 가능성이 있습니다.]
[20260120_183750] 끝이 없는 스칼렛 | 인천 | [신규 등록: 재고 보유 가능성이 있습니다.]
[20260120_183750] 끝이 없는 스칼렛 | 대전 | [신규 등록: 재고 보유 가능성이 있습니다.]
[20260120_183750] 끝이 없는 스칼렛 | 천안터미널 | [신규 등록: 선착순신청]
[20260120_183750] 끝이 없는 스칼렛 | 대구현대 | [신규 등록: 재고 소진 중입니다.]
[20260120_183750] 끝이 없는 스칼렛 | 서면 | [신규 등록: 마감되었습니다.]
[20260120_183750] 끝이 없는 스칼렛 | 광주금남로 | [신규 등록: 재고 소진 중입니다.]
[20260120_183750] 끝이 없는 스칼렛 | 전주고사 | [신규 등록: 재고 보유 가능성이 있습니다.]
[20260120_183750] 당신이 영화를 그만두면 안 되는 30가지 이유 | 강변 | [신규 등록: 재고 보유 가능성이 있습니다.]
[20260120_183750] 당신이 영화를 그만두면 안 되는 30가지 이유 | 대학로 | [신규 등록: 재고 보유 가능성이 있습니다.]
[20260120_183750] 당신이 영화를 그만두면 안 되는 30가지 이유 | 동대문 | [신규 등록: 재고 보유 가능성이 있습니다.]
[20260120_183750] 당신이 영화를 그만두면 안 되는 30가지 이유 | 신촌아트레온 | [신규 등록: 재고 보유 가능성이 있습니다.]
[20260120_183750] 당신이 영화를 그만두면 안 되는 30가지 이유 | 압구정 | [신규 등록: 재고 보유 가능성이 있습니다.]
[20260120_183750] 당신이 영화를 그만두면 안 되는 30가지 이유 | 여의도 | [신규 등록: 재고 보유 가능성이 있습니다.]
[20260120_183750] 당신이 영화를 그만두면 안 되는 30가지 이유 | 용산아이파크몰 | [신규 등록: 선착순신청]
[20260120_183750] 당신이 영화를 그만두면 안 되는 30가지 이유 | 고양백석 | [신규 등록: 재고 보유 가능성이 있습니다.]
[20260120_183750] 당신이 영화를 그만두면 안 되는 30가지 이유 | 소풍 | [신규 등록: 재고 보유 가능성이 있습니다.]
[20260120_183750] 당신이 영화를 그만두면 안 되는 30가지 이유 | 오리 | [신규 등록: 재고 보유 가능성이 있습니다.]
[20260120_183750] 당신이 영화를 그만두면 안 되는 30가지 이유 | 평촌 | [신규 등록: 재고 보유 가능성이 있습니다.]
[20260120_183750] 당신이 영화를 그만두면 안 되는 30가지 이유 | 인천 | [신규 등록: 재고 보유 가능성이 있습니다.]
[20260120_183750] 당신이 영화를 그만두면 안 되는 30가지 이유 | 춘천 | [신규 등록: 재고 보유 가능성이 있습니다.]
[20260120_183750] 당신이 영화를 그만두면 안 되는 30가지 이유 | 대전 | [신규 등록: 재고 보유 가능성이 있습니다.]
[20260120_183750] 당신이 영화를 그만두면 안 되는 30가지 이유 | 천안펜타포트 | [신규 등록: 재고 보유 가능성이 있습니다.]
[20260120_183750] 당신이 영화를 그만두면 안 되는 30가지 이유 | 대구아카데미 | [신규 등록: 재고 보유 가능성이 있습니다.]
[20260120_183750] 당신이 영화를 그만두면 안 되는 30가지 이유 | 대연 | [신규 등록: 재고 보유 가능성이 있습니다.]
[20260120_183750] 당신이 영화를 그만두면 안 되는 30가지 이유 | 서면 | [신규 등록: 재고 보유 가능성이 있습니다.]
[20260120_183751] 당신이 영화를 그만두면 안 되는 30가지 이유 | 광주상무 | [신규 등록: 재고 보유 가능성이 있습니다.]
[20260120_183751] 당신이 영화를 그만두면 안 되는 30가지 이유 | 전주고사 | [신규 등록: 재고 보유 가능성이 있습니다.]
[20260120_183751] 더 퍼스트 슬램덩크 | 영등포타임스퀘어 | [신규 등록: 마감되었습니다.]
[20260120_183751] 더 퍼스트 슬램덩크 | 왕십리 | [신규 등록: 마감되었습니다.]
[20260120_183751] 더 퍼스트 슬램덩크 | 용산아이파크몰 | [신규 등록: 마감되었습니다.]
[20260120_183751] 더 퍼스트 슬램덩크 | 동탄 | [신규 등록: 재고 보유 가능성이 있습니다.]
[20260120_183751] 더 퍼스트 슬램덩크 | 소풍 | [신규 등록: 재고 보유 가능성이 있습니다.]
[20260120_183751] 더 퍼스트 슬램덩크 | 의정부 | [신규 등록: 재고 보유 가능성이 있습니다.]
[20260120_183751] 더 퍼스트 슬램덩크 | 일산 | [신규 등록: 재고 보유 가능성이 있습니다.]
[20260120_183751] 더 퍼스트 슬램덩크 | 인천 | [신규 등록: 재고 소진 중입니다.]
[20260120_183751] 더 퍼스트 슬램덩크 | 대전터미널 | [신규 등록: 재고 소진 중입니다.]
[20260120_183751] 더 퍼스트 슬램덩크 | 천안터미널 | [신규 등록: 선착순신청]
[20260120_183751] 더 퍼스트 슬램덩크 | 대구 | [신규 등록: 마감되었습니다.]
[20260120_183751] 더 퍼스트 슬램덩크 | 서면 | [신규 등록: 마감되었습니다.]
[20260120_183751] 더 퍼스트 슬램덩크 | 울산삼산 | [신규 등록: 선착순신청]
[20260120_183751] 더 퍼스트 슬램덩크 | 창원더시티 | [신규 등록: 재고 보유 가능성이 있습니다.]
[20260120_183751] 더 퍼스트 슬램덩크 | 전주효자 | [신규 등록: 재고 보유 가능성이 있습니다.]
[20260120_183751] 데이비드 린치 감독 | 강변 | [신규 등록: 재고 보유 가능성이 있습니다.]
[20260120_183751] 데이비드 린치 감독 | 대학로 | [신규 등록: 재고 보유 가능성이 있습니다.]
[20260120_183751] 데이비드 린치 감독 | 동대문 | [신규 등록: 재고 보유 가능성이 있습니다.]
[20260120_183751] 데이비드 린치 감독 | 신촌아트레온 | [신규 등록: 재고 보유 가능성이 있습니다.]
[20260120_183751] 데이비드 린치 감독 | 압구정 | [신규 등록: 재고 보유 가능성이 있습니다.]
[20260120_183751] 데이비드 린치 감독 | 여의도 | [신규 등록: 재고 보유 가능성이 있습니다.]
[20260120_183751] 데이비드 린치 감독 | 용산아이파크몰 | [신규 등록: 선착순신청]
[20260120_183751] 데이비드 린치 감독 | 오리 | [신규 등록: 재고 보유 가능성이 있습니다.]
[20260120_183751] 데이비드 린치 감독 | 대전 | [신규 등록: 재고 보유 가능성이 있습니다.]
[20260120_183751] 데이비드 린치 감독 | 대구아카데미 | [신규 등록: 재고 보유 가능성이 있습니다.]
[20260120_183751] 데이비드 린치 감독 | 서면 | [신규 등록: 재고 소진 중입니다.]
[20260120_183751] 데이비드 린치 감독 | 광주상무 | [신규 등록: 재고 보유 가능성이 있습니다.]
[20260120_183751] 데이비드 린치 감독 | 강변 | [신규 등록: 마감되었습니다.]
[20260120_183751] 데이비드 린치 감독 | 대학로 | [신규 등록: 재고 보유 가능성이 있습니다.]
[20260120_183751] 데이비드 린치 감독 | 동대문 | [신규 등록: 재고 보유 가능성이 있습니다.]
[20260120_183751] 데이비드 린치 감독 | 신촌아트레온 | [신규 등록: 마감되었습니다.]
[20260120_183751] 데이비드 린치 감독 | 압구정 | [신규 등록: 재고 보유 가능성이 있습니다.]
[20260120_183751] 데이비드 린치 감독 | 여의도 | [신규 등록: 재고 소진 중입니다.]
[20260120_183751] 데이비드 린치 감독 | 용산아이파크몰 | [신규 등록: 선착순신청]
[20260120_183751] 데이비드 린치 감독 | 오리 | [신규 등록: 재고 소진 임박입니다.]
[20260120_183751] 데이비드 린치 감독 | 대전 | [신규 등록: 재고 보유 가능성이 있습니다.]
[20260120_183751] 데이비드 린치 감독 | 대구아카데미 | [신규 등록: 재고 보유 가능성이 있습니다.]
[20260120_183751] 데이비드 린치 감독 | 서면 | [신규 등록: 마감되었습니다.]
[20260120_183751] 데이비드 린치 감독 | 광주상무 | [신규 등록: 재고 보유 가능성이 있습니다.]
[20260120_183751] 데이비드 린치 감독 | 강변 | [신규 등록: 재고 보유 가능성이 있습니다.]
[20260120_183751] 데이비드 린치 감독 | 대학로 | [신규 등록: 재고 보유 가능성이 있습니다.]
[20260120_183751] 데이비드 린치 감독 | 동대문 | [신규 등록: 재고 보유 가능성이 있습니다.]
[20260120_183751] 데이비드 린치 감독 | 신촌아트레온 | [신규 등록: 재고 보유 가능성이 있습니다.]
[20260120_183751] 데이비드 린치 감독 | 압구정 | [신규 등록: 재고 보유 가능성이 있습니다.]
[20260120_183751] 데이비드 린치 감독 | 여의도 | [신규 등록: 재고 보유 가능성이 있습니다.]
[20260120_183751] 데이비드 린치 감독 | 용산아이파크몰 | [신규 등록: 선착순신청]
[20260120_183751] 데이비드 린치 감독 | 오리 | [신규 등록: 재고 보유 가능성이 있습니다.]
[20260120_183751] 데이비드 린치 감독 | 대전 | [신규 등록: 재고 보유 가능성이 있습니다.]
[20260120_183751] 데이비드 린치 감독 | 대구아카데미 | [신규 등록: 재고 보유 가능성이 있습니다.]
[20260120_183751] 데이비드 린치 감독 | 서면 | [신규 등록: 재고 보유 가능성이 있습니다.]
[20260120_183751] 데이비드 린치 감독 | 광주상무 | [신규 등록: 재고 보유 가능성이 있습니다.]
[20260120_183751] 데이비드 린치 감독 | 강변 | [신규 등록: 재고 소진 중입니다.]
[20260120_183751] 데이비드 린치 감독 | 대학로 | [신규 등록: 재고 보유 가능성이 있습니다.]
[20260120_183751] 데이비드 린치 감독 | 동대문 | [신규 등록: 재고 보유 가능성이 있습니다.]
[20260120_183751] 데이비드 린치 감독 | 신촌아트레온 | [신규 등록: 재고 소진 임박입니다.]
[20260120_183751] 데이비드 린치 감독 | 압구정 | [신규 등록: 재고 보유 가능성이 있습니다.]
[20260120_183751] 데이비드 린치 감독 | 여의도 | [신규 등록: 재고 보유 가능성이 있습니다.]
[20260120_183751] 데이비드 린치 감독 | 용산아이파크몰 | [신규 등록: 선착순신청]
[20260120_183751] 데이비드 린치 감독 | 오리 | [신규 등록: 재고 보유 가능성이 있습니다.]
[20260120_183751] 데이비드 린치 감독 | 대전 | [신규 등록: 재고 보유 가능성이 있습니다.]
[20260120_183751] 데이비드 린치 감독 | 대구아카데미 | [신규 등록: 재고 보유 가능성이 있습니다.]
[20260120_183751] 데이비드 린치 감독 | 서면 | [신규 등록: 재고 소진 중입니다.]
[20260120_183751] 데이비드 린치 감독 | 광주상무 | [신규 등록: 재고 보유 가능성이 있습니다.]
[20260120_183751] 데이비드 린치 감독 | 강변 | [신규 등록: 마감되었습니다.]
[20260120_183751] 데이비드 린치 감독 | 대학로 | [신규 등록: 재고 보유 가능성이 있습니다.]
[20260120_183751] 데이비드 린치 감독 | 동대문 | [신규 등록: 재고 보유 가능성이 있습니다.]
[20260120_183751] 데이비드 린치 감독 | 신촌아트레온 | [신규 등록: 마감되었습니다.]
[20260120_183751] 데이비드 린치 감독 | 압구정 | [신규 등록: 재고 보유 가능성이 있습니다.]
[20260120_183751] 데이비드 린치 감독 | 여의도 | [신규 등록: 재고 보유 가능성이 있습니다.]
[20260120_183751] 데이비드 린치 감독 | 용산아이파크몰 | [신규 등록: 선착순신청]
[20260120_183751] 데이비드 린치 감독 | 오리 | [신규 등록: 재고 보유 가능성이 있습니다.]
[20260120_183751] 데이비드 린치 감독 | 대전 | [신규 등록: 재고 보유 가능성이 있습니다.]
[20260120_183751] 데이비드 린치 감독 | 대구아카데미 | [신규 등록: 재고 보유 가능성이 있습니다.]
[20260120_183751] 데이비드 린치 감독 | 서면 | [신규 등록: 재고 소진 중입니다.]
[20260120_183752] 데이비드 린치 감독 | 광주상무 | [신규 등록: 재고 보유 가능성이 있습니다.]
[20260120_183752] 데이비드 린치 감독 | 강변 | [신규 등록: 재고 보유 가능성이 있습니다.]
[20260120_183752] 데이비드 린치 감독 | 대학로 | [신규 등록: 재고 보유 가능성이 있습니다.]
[20260120_183752] 데이비드 린치 감독 | 동대문 | [신규 등록: 재고 보유 가능성이 있습니다.]
[20260120_183752] 데이비드 린치 감독 | 신촌아트레온 | [신규 등록: 재고 보유 가능성이 있습니다.]
[20260120_183752] 데이비드 린치 감독 | 압구정 | [신규 등록: 재고 보유 가능성이 있습니다.]
[20260120_183752] 데이비드 린치 감독 | 여의도 | [신규 등록: 재고 보유 가능성이 있습니다.]
[20260120_183752] 데이비드 린치 감독 | 용산아이파크몰 | [신규 등록: 선착순신청]
[20260120_183752] 데이비드 린치 감독 | 오리 | [신규 등록: 재고 보유 가능성이 있습니다.]
[20260120_183752] 데이비드 린치 감독 | 대전 | [신규 등록: 재고 보유 가능성이 있습니다.]
[20260120_183752] 데이비드 린치 감독 | 대구아카데미 | [신규 등록: 재고 보유 가능성이 있습니다.]
[20260120_183752] 데이비드 린치 감독 | 서면 | [신규 등록: 재고 보유 가능성이 있습니다.]
[20260120_183752] 데이비드 린치 감독 | 광주상무 | [신규 등록: 재고 보유 가능성이 있습니다.]
[20260120_183752] 데이비드 린치 감독 | 강변 | [신규 등록: 재고 보유 가능성이 있습니다.]
[20260120_183752] 데이비드 린치 감독 | 대학로 | [신규 등록: 재고 보유 가능성이 있습니다.]
[20260120_183752] 데이비드 린치 감독 | 동대문 | [신규 등록: 재고 보유 가능성이 있습니다.]
[20260120_183752] 데이비드 린치 감독 | 신촌아트레온 | [신규 등록: 재고 보유 가능성이 있습니다.]
[20260120_183752] 데이비드 린치 감독 | 압구정 | [신규 등록: 재고 보유 가능성이 있습니다.]
[20260120_183752] 데이비드 린치 감독 | 여의도 | [신규 등록: 재고 보유 가능성이 있습니다.]
[20260120_183752] 데이비드 린치 감독 | 용산아이파크몰 | [신규 등록: 선착순신청]
[20260120_183752] 데이비드 린치 감독 | 오리 | [신규 등록: 재고 보유 가능성이 있습니다.]
[20260120_183752] 데이비드 린치 감독 | 대전 | [신규 등록: 재고 보유 가능성이 있습니다.]
[20260120_183752] 데이비드 린치 감독 | 대구아카데미 | [신규 등록: 재고 보유 가능성이 있습니다.]
[20260120_183752] 데이비드 린치 감독 | 서면 | [신규 등록: 재고 보유 가능성이 있습니다.]
[20260120_183752] 데이비드 린치 감독 | 광주상무 | [신규 등록: 재고 보유 가능성이 있습니다.]
[20260120_183752] 라스베가스를 떠나며 | 강변 | [신규 등록: 재고 보유 가능성이 있습니다.]
[20260120_183752] 라스베가스를 떠나며 | 대전 | [신규 등록: 재고 보유 가능성이 있습니다.]
[20260120_183752] 라스베가스를 떠나며 | 서면 | [신규 등록: 재고 보유 가능성이 있습니다.]
[20260120_183752] 라스베가스를 떠나며 | 압구정 | [신규 등록: 재고 보유 가능성이 있습니다.]
[20260120_183752] 라스베가스를 떠나며 | 여의도 | [신규 등록: 재고 보유 가능성이 있습니다.]
[20260120_183752] 라스베가스를 떠나며 | 오리 | [신규 등록: 재고 보유 가능성이 있습니다.]
[20260120_183752] 라스베가스를 떠나며 | 용산아이파크몰 | [신규 등록: 선착순신청]
[20260120_183752] 라스베가스를 떠나며 | 천안펜타포트 | [신규 등록: 재고 보유 가능성이 있습니다.]
[20260120_183752] 리틀 아멜리 | 강변 | [신규 등록: 마감되었습니다.]
[20260120_183752] 리틀 아멜리 | 대학로 | [신규 등록: 재고 소진 중입니다.]
[20260120_183752] 리틀 아멜리 | 동대문 | [신규 등록: 재고 소진 중입니다.]
[20260120_183752] 리틀 아멜리 | 신촌아트레온 | [신규 등록: 마감되었습니다.]
[20260120_183752] 리틀 아멜리 | 압구정 | [신규 등록: 마감되었습니다.]
[20260120_183752] 리틀 아멜리 | 여의도 | [신규 등록: 마감되었습니다.]
[20260120_183752] 리틀 아멜리 | 용산아이파크몰 | [신규 등록: 마감되었습니다.]
[20260120_183752] 리틀 아멜리 | 고양백석 | [신규 등록: 재고 보유 가능성이 있습니다.]
[20260120_183752] 리틀 아멜리 | 구리 | [신규 등록: 재고 보유 가능성이 있습니다.]
[20260120_183752] 리틀 아멜리 | 부천역 | [신규 등록: 재고 보유 가능성이 있습니다.]
[20260120_183752] 리틀 아멜리 | 소풍 | [신규 등록: 마감되었습니다.]
[20260120_183752] 리틀 아멜리 | 오리 | [신규 등록: 마감되었습니다.]
[20260120_183752] 리틀 아멜리 | 의정부 | [신규 등록: 재고 보유 가능성이 있습니다.]
[20260120_183752] 리틀 아멜리 | 평촌 | [신규 등록: 재고 보유 가능성이 있습니다.]
[20260120_183752] 리틀 아멜리 | 인천 | [신규 등록: 재고 소진 임박입니다.]
[20260120_183752] 리틀 아멜리 | 춘천 | [신규 등록: 재고 보유 가능성이 있습니다.]
[20260120_183752] 리틀 아멜리 | 대전 | [신규 등록: 재고 보유 가능성이 있습니다.]
[20260120_183752] 리틀 아멜리 | 대전가오 | [신규 등록: 재고 보유 가능성이 있습니다.]
[20260120_183752] 리틀 아멜리 | 천안펜타포트 | [신규 등록: 재고 보유 가능성이 있습니다.]
[20260120_183752] 리틀 아멜리 | 청주지웰시티 | [신규 등록: 재고 보유 가능성이 있습니다.]
[20260120_183752] 리틀 아멜리 | 대구스타디움 | [신규 등록: 재고 보유 가능성이 있습니다.]
[20260120_183752] 리틀 아멜리 | 대구아카데미 | [신규 등록: 마감되었습니다.]
[20260120_183752] 리틀 아멜리 | 대연 | [신규 등록: 재고 보유 가능성이 있습니다.]
[20260120_183752] 리틀 아멜리 | 동래 | [신규 등록: 재고 보유 가능성이 있습니다.]
[20260120_183752] 리틀 아멜리 | 서면 | [신규 등록: 마감되었습니다.]
[20260120_183752] 리틀 아멜리 | 아시아드 | [신규 등록: 재고 보유 가능성이 있습니다.]
[20260120_183752] 리틀 아멜리 | 마산 | [신규 등록: 재고 보유 가능성이 있습니다.]
[20260120_183752] 리틀 아멜리 | 광주상무 | [신규 등록: 재고 보유 가능성이 있습니다.]
[20260120_183752] 리틀 아멜리 | 전주고사 | [신규 등록: 재고 보유 가능성이 있습니다.]
[20260120_183752] 마이 선샤인 | 강변 | [신규 등록: 재고 보유 가능성이 있습니다.]
[20260120_183752] 마이 선샤인 | 신촌아트레온 | [신규 등록: 재고 보유 가능성이 있습니다.]
[20260120_183752] 마이 선샤인 | 압구정 | [신규 등록: 마감되었습니다.]
[20260120_183752] 마이 선샤인 | 여의도 | [신규 등록: 재고 보유 가능성이 있습니다.]
[20260120_183752] 마이 선샤인 | 용산아이파크몰 | [신규 등록: 선착순신청]
[20260120_183752] 마이 선샤인 | 동수원 | [신규 등록: 재고 보유 가능성이 있습니다.]
[20260120_183752] 마이 선샤인 | 소풍 | [신규 등록: 재고 보유 가능성이 있습니다.]
[20260120_183752] 마이 선샤인 | 오리 | [신규 등록: 재고 보유 가능성이 있습니다.]
[20260120_183752] 마이 선샤인 | 인천 | [신규 등록: 재고 보유 가능성이 있습니다.]
[20260120_183752] 마이 선샤인 | 춘천 | [신규 등록: 재고 보유 가능성이 있습니다.]
[20260120_183752] 마이 선샤인 | 대전 | [신규 등록: 재고 보유 가능성이 있습니다.]
[20260120_183752] 마이 선샤인 | 천안펜타포트 | [신규 등록: 재고 보유 가능성이 있습니다.]
[20260120_183752] 마이 선샤인 | 대구아카데미 | [신규 등록: 재고 보유 가능성이 있습니다.]
[20260120_183752] 마이 선샤인 | 서면 | [신규 등록: 재고 보유 가능성이 있습니다.]
[20260120_183752] 마이 선샤인 | 광주상무 | [신규 등록: 재고 보유 가능성이 있습니다.]
[20260120_183752] 마이 선샤인 | 강변 | [신규 등록: 마감되었습니다.]
[20260120_183752] 마이 선샤인 | 대학로 | [신규 등록: 재고 보유 가능성이 있습니다.]
[20260120_183752] 마이 선샤인 | 동대문 | [신규 등록: 재고 보유 가능성이 있습니다.]
[20260120_183752] 마이 선샤인 | 신촌아트레온 | [신규 등록: 재고 소진 중입니다.]
[20260120_183752] 마이 선샤인 | 압구정 | [신규 등록: 재고 소진 임박입니다.]
[20260120_183752] 마이 선샤인 | 여의도 | [신규 등록: 재고 보유 가능성이 있습니다.]
[20260120_183753] 마이 선샤인 | 용산아이파크몰 | [신규 등록: 선착순신청]
[20260120_183753] 마이 선샤인 | 소풍 | [신규 등록: 재고 소진 임박입니다.]
[20260120_183753] 마이 선샤인 | 오리 | [신규 등록: 재고 소진 중입니다.]
[20260120_183753] 마이 선샤인 | 인천 | [신규 등록: 재고 소진 중입니다.]
[20260120_183753] 마이 선샤인 | 춘천 | [신규 등록: 재고 보유 가능성이 있습니다.]
[20260120_183753] 마이 선샤인 | 대전 | [신규 등록: 재고 보유 가능성이 있습니다.]
[20260120_183753] 마이 선샤인 | 천안펜타포트 | [신규 등록: 재고 보유 가능성이 있습니다.]
[20260120_183753] 마이 선샤인 | 대구아카데미 | [신규 등록: 재고 소진 임박입니다.]
[20260120_183753] 마이 선샤인 | 서면 | [신규 등록: 재고 보유 가능성이 있습니다.]
[20260120_183753] 마이 선샤인 | 광주상무 | [신규 등록: 재고 보유 가능성이 있습니다.]
[20260120_183753] 만약에 우리 | 강남 | [신규 등록: 재고 보유 가능성이 있습니다.]
[20260120_183753] 만약에 우리 | 신촌아트레온 | [신규 등록: 재고 보유 가능성이 있습니다.]
[20260120_183753] 만약에 우리 | 영등포타임스퀘어 | [신규 등록: 선착순신청]
[20260120_183753] 만약에 우리 | 왕십리 | [신규 등록: 선착순신청]
[20260120_183753] 만약에 우리 | 용산아이파크몰 | [신규 등록: 마감되었습니다.]
[20260120_183753] 만약에 우리 | 동수원 | [신규 등록: 재고 보유 가능성이 있습니다.]
[20260120_183753] 만약에 우리 | 의정부 | [신규 등록: 재고 보유 가능성이 있습니다.]
[20260120_183753] 만약에 우리 | 일산 | [신규 등록: 재고 보유 가능성이 있습니다.]
[20260120_183753] 만약에 우리 | 인천 | [신규 등록: 재고 보유 가능성이 있습니다.]
[20260120_183753] 만약에 우리 | 대전터미널 | [신규 등록: 마감되었습니다.]
[20260120_183753] 만약에 우리 | 천안터미널 | [신규 등록: 선착순신청]
[20260120_183753] 만약에 우리 | 대구한일 | [신규 등록: 재고 보유 가능성이 있습니다.]
[20260120_183753] 만약에 우리 | 서면상상마당 | [신규 등록: 재고 보유 가능성이 있습니다.]
[20260120_183753] 만약에 우리 | 울산삼산 | [신규 등록: 선착순신청]
[20260120_183753] 만약에 우리 | 광주상무 | [신규 등록: 재고 보유 가능성이 있습니다.]
[20260120_183753] 만약에 우리 | 전주고사 | [신규 등록: 재고 보유 가능성이 있습니다.]
[20260120_183753] 보이 | 강변 | [신규 등록: 마감되었습니다.]
[20260120_183753] 보이 | 광주상무 | [신규 등록: 재고 보유 가능성이 있습니다.]
[20260120_183753] 보이 | 대구아카데미 | [신규 등록: 마감되었습니다.]
[20260120_183753] 보이 | 대전 | [신규 등록: 재고 보유 가능성이 있습니다.]
[20260120_183753] 보이 | 동대문 | [신규 등록: 마감되었습니다.]
[20260120_183753] 보이 | 서면 | [신규 등록: 마감되었습니다.]
[20260120_183753] 보이 | 신촌아트레온 | [신규 등록: 마감되었습니다.]
[20260120_183753] 보이 | 압구정 | [신규 등록: 마감되었습니다.]
[20260120_183753] 보이 | 용산아이파크몰 | [신규 등록: 마감되었습니다.]
[20260120_183753] 뿌이뿌이 모루카 MOLMAX | 건대입구 | [신규 등록: 재고 보유 가능성이 있습니다.]
[20260120_183753] 뿌이뿌이 모루카 MOLMAX | 광주금남로 | [신규 등록: 재고 보유 가능성이 있습니다.]
[20260120_183753] 뿌이뿌이 모루카 MOLMAX | 대구한일 | [신규 등록: 재고 보유 가능성이 있습니다.]
[20260120_183753] 뿌이뿌이 모루카 MOLMAX | 서면상상마당 | [신규 등록: 재고 보유 가능성이 있습니다.]
[20260120_183753] 뿌이뿌이 모루카 MOLMAX | 연남 | [신규 등록: 재고 보유 가능성이 있습니다.]
[20260120_183753] 뿌이뿌이 모루카 MOLMAX | 영등포타임스퀘어 | [신규 등록: 선착순신청]
[20260120_183753] 뿌이뿌이 모루카 MOLMAX | 인천 | [신규 등록: 재고 보유 가능성이 있습니다.]
[20260120_183753] 뿌이뿌이 모루카 MOLMAX | 건대입구 | [신규 등록: 마감되었습니다.]
[20260120_183753] 뿌이뿌이 모루카 MOLMAX | 광주금남로 | [신규 등록: 재고 보유 가능성이 있습니다.]
[20260120_183753] 뿌이뿌이 모루카 MOLMAX | 대구한일 | [신규 등록: 재고 소진 중입니다.]
[20260120_183753] 뿌이뿌이 모루카 MOLMAX | 대전 | [신규 등록: 재고 보유 가능성이 있습니다.]
[20260120_183753] 뿌이뿌이 모루카 MOLMAX | 서면상상마당 | [신규 등록: 재고 소진 중입니다.]
[20260120_183753] 뿌이뿌이 모루카 MOLMAX | 수유 | [신규 등록: 재고 보유 가능성이 있습니다.]
[20260120_183753] 뿌이뿌이 모루카 MOLMAX | 연남 | [신규 등록: 마감되었습니다.]
[20260120_183753] 뿌이뿌이 모루카 MOLMAX | 영등포타임스퀘어 | [신규 등록: 마감되었습니다.]
[20260120_183753] 뿌이뿌이 모루카 MOLMAX | 인천 | [신규 등록: 마감되었습니다.]
[20260120_183753] 뿌이뿌이 모루카 MOLMAX | 천안터미널 | [신규 등록: 선착순신청]
[20260120_183753] 세계의 주인 | 강변 | [신규 등록: 마감되었습니다.]
[20260120_183753] 세계의 주인 | 대학로 | [신규 등록: 재고 보유 가능성이 있습니다.]
[20260120_183753] 세계의 주인 | 동대문 | [신규 등록: 재고 보유 가능성이 있습니다.]
[20260120_183753] 세계의 주인 | 신촌아트레온 | [신규 등록: 마감되었습니다.]
[20260120_183753] 세계의 주인 | 압구정 | [신규 등록: 마감되었습니다.]
[20260120_183753] 세계의 주인 | 용산아이파크몰 | [신규 등록: 마감되었습니다.]
[20260120_183753] 세계의 주인 | 소풍 | [신규 등록: 마감되었습니다.]
[20260120_183753] 세계의 주인 | 오리 | [신규 등록: 마감되었습니다.]
[20260120_183753] 세계의 주인 | 인천 | [신규 등록: 재고 보유 가능성이 있습니다.]
[20260120_183753] 세계의 주인 | 춘천 | [신규 등록: 재고 보유 가능성이 있습니다.]
[20260120_183753] 세계의 주인 | 대전 | [신규 등록: 재고 보유 가능성이 있습니다.]
[20260120_183753] 세계의 주인 | 천안펜타포트 | [신규 등록: 재고 보유 가능성이 있습니다.]
[20260120_183753] 세계의 주인 | 대구아카데미 | [신규 등록: 재고 보유 가능성이 있습니다.]
[20260120_183753] 세계의 주인 | 서면 | [신규 등록: 재고 소진 임박입니다.]
[20260120_183753] 세계의 주인 | 광주상무 | [신규 등록: 마감되었습니다.]
[20260120_183753] 세계의 주인 | 강변 | [신규 등록: 재고 보유 가능성이 있습니다.]
[20260120_183753] 세계의 주인 | 서면 | [신규 등록: 재고 보유 가능성이 있습니다.]
[20260120_183753] 세계의 주인 | 압구정 | [신규 등록: 재고 보유 가능성이 있습니다.]
[20260120_183753] 세계의 주인 | 오리 | [신규 등록: 마감되었습니다.]
[20260120_183753] 세계의 주인 | 용산아이파크몰 | [신규 등록: 선착순신청]
[20260120_183753] 세계의 주인 | 강변 | [신규 등록: 마감되었습니다.]
[20260120_183753] 세계의 주인 | 대학로 | [신규 등록: 재고 보유 가능성이 있습니다.]
[20260120_183753] 세계의 주인 | 동대문 | [신규 등록: 재고 보유 가능성이 있습니다.]
[20260120_183753] 세계의 주인 | 신촌아트레온 | [신규 등록: 마감되었습니다.]
[20260120_183753] 세계의 주인 | 압구정 | [신규 등록: 마감되었습니다.]
[20260120_183753] 세계의 주인 | 용산아이파크몰 | [신규 등록: 선착순신청]
[20260120_183753] 세계의 주인 | 소풍 | [신규 등록: 마감되었습니다.]
[20260120_183753] 세계의 주인 | 오리 | [신규 등록: 마감되었습니다.]
[20260120_183753] 세계의 주인 | 춘천 | [신규 등록: 재고 보유 가능성이 있습니다.]
[20260120_183754] 세계의 주인 | 대전 | [신규 등록: 재고 보유 가능성이 있습니다.]
[20260120_183754] 세계의 주인 | 천안펜타포트 | [신규 등록: 재고 보유 가능성이 있습니다.]
[20260120_183754] 세계의 주인 | 대구아카데미 | [신규 등록: 재고 보유 가능성이 있습니다.]
[20260120_183754] 세계의 주인 | 서면 | [신규 등록: 마감되었습니다.]
[20260120_183754] 세계의 주인 | 광주상무 | [신규 등록: 마감되었습니다.]
[20260120_183754] 스폰지밥 무비: 네모바지를 찾아서 | 고덕강일 | [신규 등록: 마감되었습니다.]
[20260120_183754] 스폰지밥 무비: 네모바지를 찾아서 | 구로 | [신규 등록: 재고 보유 가능성이 있습니다.]
[20260120_183754] 스폰지밥 무비: 네모바지를 찾아서 | 상봉 | [신규 등록: 재고 보유 가능성이 있습니다.]
[20260120_183754] 스폰지밥 무비: 네모바지를 찾아서 | 수유 | [신규 등록: 재고 보유 가능성이 있습니다.]
[20260120_183754] 스폰지밥 무비: 네모바지를 찾아서 | 여의도 | [신규 등록: 재고 보유 가능성이 있습니다.]
[20260120_183754] 스폰지밥 무비: 네모바지를 찾아서 | 영등포타임스퀘어 | [신규 등록: 선착순신청]
[20260120_183754] 스폰지밥 무비: 네모바지를 찾아서 | 왕십리 | [신규 등록: 선착순신청]
[20260120_183754] 스폰지밥 무비: 네모바지를 찾아서 | 용산아이파크몰 | [신규 등록: 선착순신청]
[20260120_183754] 스폰지밥 무비: 네모바지를 찾아서 | 광교 | [신규 등록: 재고 보유 가능성이 있습니다.]
[20260120_183754] 스폰지밥 무비: 네모바지를 찾아서 | 김포 | [신규 등록: 재고 보유 가능성이 있습니다.]
[20260120_183754] 스폰지밥 무비: 네모바지를 찾아서 | 동탄 | [신규 등록: 재고 소진 중입니다.]
[20260120_183754] 스폰지밥 무비: 네모바지를 찾아서 | 배곧 | [신규 등록: 재고 보유 가능성이 있습니다.]
[20260120_183754] 스폰지밥 무비: 네모바지를 찾아서 | 부천 | [신규 등록: 재고 보유 가능성이 있습니다.]
[20260120_183754] 스폰지밥 무비: 네모바지를 찾아서 | 소풍 | [신규 등록: 마감되었습니다.]
[20260120_183754] 스폰지밥 무비: 네모바지를 찾아서 | 스타필드시티위례 | [신규 등록: 재고 보유 가능성이 있습니다.]
[20260120_183754] 스폰지밥 무비: 네모바지를 찾아서 | 안산 | [신규 등록: 재고 보유 가능성이 있습니다.]
[20260120_183754] 스폰지밥 무비: 네모바지를 찾아서 | 야탑 | [신규 등록: 재고 보유 가능성이 있습니다.]
[20260120_183754] 스폰지밥 무비: 네모바지를 찾아서 | 양주옥정 | [신규 등록: 재고 보유 가능성이 있습니다.]
[20260120_183754] 스폰지밥 무비: 네모바지를 찾아서 | 의정부 | [신규 등록: 재고 보유 가능성이 있습니다.]
[20260120_183754] 스폰지밥 무비: 네모바지를 찾아서 | 파주운정 | [신규 등록: 재고 보유 가능성이 있습니다.]
[20260120_183754] 스폰지밥 무비: 네모바지를 찾아서 | 판교 | [신규 등록: 선착순신청]
[20260120_183754] 스폰지밥 무비: 네모바지를 찾아서 | 평택 | [신규 등록: 재고 보유 가능성이 있습니다.]
[20260120_183754] 스폰지밥 무비: 네모바지를 찾아서 | 평택소사 | [신규 등록: 재고 보유 가능성이 있습니다.]
[20260120_183754] 스폰지밥 무비: 네모바지를 찾아서 | 인천가정 | [신규 등록: 재고 보유 가능성이 있습니다.]
[20260120_183754] 스폰지밥 무비: 네모바지를 찾아서 | 인천연수 | [신규 등록: 재고 보유 가능성이 있습니다.]
[20260120_183754] 스폰지밥 무비: 네모바지를 찾아서 | 강릉 | [신규 등록: 재고 보유 가능성이 있습니다.]
[20260120_183754] 스폰지밥 무비: 네모바지를 찾아서 | 대전가오 | [신규 등록: 재고 보유 가능성이 있습니다.]
[20260120_183754] 스폰지밥 무비: 네모바지를 찾아서 | 대전터미널 | [신규 등록: 재고 보유 가능성이 있습니다.]
[20260120_183754] 스폰지밥 무비: 네모바지를 찾아서 | 세종 | [신규 등록: 재고 보유 가능성이 있습니다.]
[20260120_183754] 스폰지밥 무비: 네모바지를 찾아서 | 천안터미널 | [신규 등록: 선착순신청]
[20260120_183754] 스폰지밥 무비: 네모바지를 찾아서 | 천안펜타포트 | [신규 등록: 재고 보유 가능성이 있습니다.]
[20260120_183754] 스폰지밥 무비: 네모바지를 찾아서 | 청주(서문) | [신규 등록: 재고 보유 가능성이 있습니다.]
[20260120_183754] 스폰지밥 무비: 네모바지를 찾아서 | 청주지웰시티 | [신규 등록: 재고 보유 가능성이 있습니다.]
[20260120_183754] 스폰지밥 무비: 네모바지를 찾아서 | 홍성 | [신규 등록: 재고 보유 가능성이 있습니다.]
[20260120_183754] 스폰지밥 무비: 네모바지를 찾아서 | 대구 | [신규 등록: 재고 보유 가능성이 있습니다.]
[20260120_183754] 스폰지밥 무비: 네모바지를 찾아서 | 대구월성 | [신규 등록: 재고 보유 가능성이 있습니다.]
[20260120_183754] 스폰지밥 무비: 네모바지를 찾아서 | 대구죽전 | [신규 등록: 재고 보유 가능성이 있습니다.]
[20260120_183754] 스폰지밥 무비: 네모바지를 찾아서 | 대구현대 | [신규 등록: 재고 보유 가능성이 있습니다.]
[20260120_183754] 스폰지밥 무비: 네모바지를 찾아서 | 센텀시티 | [신규 등록: 재고 보유 가능성이 있습니다.]
[20260120_183754] 스폰지밥 무비: 네모바지를 찾아서 | 아시아드 | [신규 등록: 마감되었습니다.]
[20260120_183754] 스폰지밥 무비: 네모바지를 찾아서 | 울산삼산 | [신규 등록: 선착순신청]
[20260120_183754] 스폰지밥 무비: 네모바지를 찾아서 | 울산진장 | [신규 등록: 재고 보유 가능성이 있습니다.]
[20260120_183754] 스폰지밥 무비: 네모바지를 찾아서 | 거제 | [신규 등록: 재고 보유 가능성이 있습니다.]
[20260120_183754] 스폰지밥 무비: 네모바지를 찾아서 | 창원더시티 | [신규 등록: 재고 보유 가능성이 있습니다.]
[20260120_183754] 스폰지밥 무비: 네모바지를 찾아서 | 광주상무 | [신규 등록: 재고 보유 가능성이 있습니다.]
[20260120_183754] 스폰지밥 무비: 네모바지를 찾아서 | 광주첨단 | [신규 등록: 마감되었습니다.]
[20260120_183754] 스폰지밥 무비: 네모바지를 찾아서 | 광주하남 | [신규 등록: 재고 보유 가능성이 있습니다.]
[20260120_183754] 스폰지밥 무비: 네모바지를 찾아서 | 목포평화광장 | [신규 등록: 재고 보유 가능성이 있습니다.]
[20260120_183754] 스폰지밥 무비: 네모바지를 찾아서 | 순천신대 | [신규 등록: 재고 보유 가능성이 있습니다.]
[20260120_183754] 스폰지밥 무비: 네모바지를 찾아서 | 전주효자 | [신규 등록: 재고 보유 가능성이 있습니다.]
[20260120_183754] 신비 아파트 | 강변 | [신규 등록: 재고 보유 가능성이 있습니다.]
[20260120_183754] 신비 아파트 | 건대입구 | [신규 등록: 재고 보유 가능성이 있습니다.]
[20260120_183754] 신비 아파트 | 고덕강일 | [신규 등록: 재고 보유 가능성이 있습니다.]
[20260120_183754] 신비 아파트 | 구로 | [신규 등록: 재고 보유 가능성이 있습니다.]
[20260120_183754] 신비 아파트 | 동대문 | [신규 등록: 재고 보유 가능성이 있습니다.]
[20260120_183754] 신비 아파트 | 등촌 | [신규 등록: 재고 보유 가능성이 있습니다.]
[20260120_183754] 신비 아파트 | 미아 | [신규 등록: 재고 보유 가능성이 있습니다.]
[20260120_183754] 신비 아파트 | 방학 | [신규 등록: 재고 보유 가능성이 있습니다.]
[20260120_183754] 신비 아파트 | 상봉 | [신규 등록: 재고 보유 가능성이 있습니다.]
[20260120_183754] 신비 아파트 | 수유 | [신규 등록: 재고 보유 가능성이 있습니다.]
[20260120_183754] 신비 아파트 | 여의도 | [신규 등록: 재고 보유 가능성이 있습니다.]
[20260120_183754] 신비 아파트 | 영등포타임스퀘어 | [신규 등록: 선착순신청]
[20260120_183754] 신비 아파트 | 왕십리 | [신규 등록: 선착순신청]
[20260120_183754] 신비 아파트 | 용산아이파크몰 | [신규 등록: 선착순신청]
[20260120_183754] 신비 아파트 | 중계 | [신규 등록: 재고 보유 가능성이 있습니다.]
[20260120_183754] 신비 아파트 | 천호 | [신규 등록: 재고 보유 가능성이 있습니다.]
[20260120_183754] 신비 아파트 | 고양백석 | [신규 등록: 재고 보유 가능성이 있습니다.]
[20260120_183754] 신비 아파트 | 광교 | [신규 등록: 재고 보유 가능성이 있습니다.]
[20260120_183754] 신비 아파트 | 구리 | [신규 등록: 재고 보유 가능성이 있습니다.]
[20260120_183754] 신비 아파트 | 김포 | [신규 등록: 재고 보유 가능성이 있습니다.]
[20260120_183754] 신비 아파트 | 김포운양 | [신규 등록: 재고 보유 가능성이 있습니다.]
[20260120_183754] 신비 아파트 | 동수원 | [신규 등록: 재고 보유 가능성이 있습니다.]
[20260120_183754] 신비 아파트 | 동탄 | [신규 등록: 재고 보유 가능성이 있습니다.]
[20260120_183754] 신비 아파트 | 동탄역 | [신규 등록: 재고 보유 가능성이 있습니다.]
[20260120_183754] 신비 아파트 | 동탄호수공원 | [신규 등록: 재고 보유 가능성이 있습니다.]
[20260120_183754] 신비 아파트 | 배곧 | [신규 등록: 마감되었습니다.]
[20260120_183754] 신비 아파트 | 부천 | [신규 등록: 재고 보유 가능성이 있습니다.]
[20260120_183754] 신비 아파트 | 부천역 | [신규 등록: 재고 보유 가능성이 있습니다.]
[20260120_183754] 신비 아파트 | 소풍 | [신규 등록: 재고 보유 가능성이 있습니다.]
[20260120_183754] 신비 아파트 | 스타필드시티위례 | [신규 등록: 재고 보유 가능성이 있습니다.]
[20260120_183754] 신비 아파트 | 신세계경기 | [신규 등록: 재고 보유 가능성이 있습니다.]
[20260120_183754] 신비 아파트 | 안산 | [신규 등록: 재고 보유 가능성이 있습니다.]
[20260120_183754] 신비 아파트 | 야탑 | [신규 등록: 재고 보유 가능성이 있습니다.]
[20260120_183754] 신비 아파트 | 양주옥정 | [신규 등록: 재고 보유 가능성이 있습니다.]
[20260120_183754] 신비 아파트 | 오리 | [신규 등록: 재고 보유 가능성이 있습니다.]
[20260120_183755] 신비 아파트 | 의정부 | [신규 등록: 재고 보유 가능성이 있습니다.]
[20260120_183755] 신비 아파트 | 일산 | [신규 등록: 재고 보유 가능성이 있습니다.]
[20260120_183755] 신비 아파트 | 파주문산 | [신규 등록: 재고 보유 가능성이 있습니다.]
[20260120_183755] 신비 아파트 | 파주운정 | [신규 등록: 재고 보유 가능성이 있습니다.]
[20260120_183755] 신비 아파트 | 판교 | [신규 등록: 선착순신청]
[20260120_183755] 신비 아파트 | 평촌 | [신규 등록: 재고 보유 가능성이 있습니다.]
[20260120_183755] 신비 아파트 | 평택 | [신규 등록: 재고 보유 가능성이 있습니다.]
[20260120_183755] 신비 아파트 | 평택소사 | [신규 등록: 재고 보유 가능성이 있습니다.]
[20260120_183755] 신비 아파트 | 계양 | [신규 등록: 재고 보유 가능성이 있습니다.]
[20260120_183755] 신비 아파트 | 인천 | [신규 등록: 재고 보유 가능성이 있습니다.]
[20260120_183755] 신비 아파트 | 인천가정 | [신규 등록: 재고 보유 가능성이 있습니다.]
[20260120_183755] 신비 아파트 | 인천연수 | [신규 등록: 재고 보유 가능성이 있습니다.]
[20260120_183755] 신비 아파트 | 인천학익 | [신규 등록: 재고 보유 가능성이 있습니다.]
[20260120_183755] 신비 아파트 | 강릉 | [신규 등록: 재고 보유 가능성이 있습니다.]
[20260120_183755] 신비 아파트 | 춘천 | [신규 등록: 재고 보유 가능성이 있습니다.]
[20260120_183755] 신비 아파트 | 대전 | [신규 등록: 재고 보유 가능성이 있습니다.]
[20260120_183755] 신비 아파트 | 대전가오 | [신규 등록: 재고 보유 가능성이 있습니다.]
[20260120_183755] 신비 아파트 | 대전탄방 | [신규 등록: 재고 보유 가능성이 있습니다.]
[20260120_183755] 신비 아파트 | 대전터미널 | [신규 등록: 재고 보유 가능성이 있습니다.]
[20260120_183755] 신비 아파트 | 세종 | [신규 등록: 재고 보유 가능성이 있습니다.]
[20260120_183755] 신비 아파트 | 천안터미널 | [신규 등록: 선착순신청]
[20260120_183755] 신비 아파트 | 천안펜타포트 | [신규 등록: 재고 보유 가능성이 있습니다.]
[20260120_183755] 신비 아파트 | 청주(서문) | [신규 등록: 재고 보유 가능성이 있습니다.]
[20260120_183755] 신비 아파트 | 청주지웰시티 | [신규 등록: 재고 보유 가능성이 있습니다.]
[20260120_183755] 신비 아파트 | 홍성 | [신규 등록: 재고 보유 가능성이 있습니다.]
[20260120_183755] 신비 아파트 | 대구 | [신규 등록: 재고 보유 가능성이 있습니다.]
[20260120_183755] 신비 아파트 | 대구수성 | [신규 등록: 재고 보유 가능성이 있습니다.]
[20260120_183755] 신비 아파트 | 대구스타디움 | [신규 등록: 재고 보유 가능성이 있습니다.]
[20260120_183755] 신비 아파트 | 대구월성 | [신규 등록: 재고 보유 가능성이 있습니다.]
[20260120_183755] 신비 아파트 | 대구죽전 | [신규 등록: 재고 보유 가능성이 있습니다.]
[20260120_183755] 신비 아파트 | 대구현대 | [신규 등록: 재고 보유 가능성이 있습니다.]
[20260120_183755] 신비 아파트 | 대연 | [신규 등록: 재고 보유 가능성이 있습니다.]
[20260120_183755] 신비 아파트 | 동래 | [신규 등록: 재고 보유 가능성이 있습니다.]
[20260120_183755] 신비 아파트 | 서면 | [신규 등록: 재고 보유 가능성이 있습니다.]
[20260120_183755] 신비 아파트 | 서면상상마당 | [신규 등록: 재고 보유 가능성이 있습니다.]
[20260120_183755] 신비 아파트 | 센텀시티 | [신규 등록: 재고 보유 가능성이 있습니다.]
[20260120_183755] 신비 아파트 | 아시아드 | [신규 등록: 재고 보유 가능성이 있습니다.]
[20260120_183755] 신비 아파트 | 울산삼산 | [신규 등록: 선착순신청]
[20260120_183755] 신비 아파트 | 울산신천 | [신규 등록: 재고 보유 가능성이 있습니다.]
[20260120_183755] 신비 아파트 | 울산진장 | [신규 등록: 재고 보유 가능성이 있습니다.]
[20260120_183755] 신비 아파트 | 거제 | [신규 등록: 재고 보유 가능성이 있습니다.]
[20260120_183755] 신비 아파트 | 김해 | [신규 등록: 재고 보유 가능성이 있습니다.]
[20260120_183755] 신비 아파트 | 마산 | [신규 등록: 재고 보유 가능성이 있습니다.]
[20260120_183755] 신비 아파트 | 창원더시티 | [신규 등록: 재고 보유 가능성이 있습니다.]
[20260120_183755] 신비 아파트 | 창원상남 | [신규 등록: 재고 보유 가능성이 있습니다.]
[20260120_183755] 신비 아파트 | 광양 | [신규 등록: 재고 보유 가능성이 있습니다.]
[20260120_183755] 신비 아파트 | 광주금남로 | [신규 등록: 재고 보유 가능성이 있습니다.]
[20260120_183755] 신비 아파트 | 광주상무 | [신규 등록: 재고 보유 가능성이 있습니다.]
[20260120_183755] 신비 아파트 | 광주용봉 | [신규 등록: 재고 보유 가능성이 있습니다.]
[20260120_183755] 신비 아파트 | 광주첨단 | [신규 등록: 재고 보유 가능성이 있습니다.]
[20260120_183755] 신비 아파트 | 광주하남 | [신규 등록: 재고 보유 가능성이 있습니다.]
[20260120_183755] 신비 아파트 | 목포평화광장 | [신규 등록: 재고 보유 가능성이 있습니다.]
[20260120_183755] 신비 아파트 | 서전주 | [신규 등록: 재고 보유 가능성이 있습니다.]
[20260120_183755] 신비 아파트 | 순천신대 | [신규 등록: 재고 보유 가능성이 있습니다.]
[20260120_183755] 신비 아파트 | 여수웅천 | [신규 등록: 재고 보유 가능성이 있습니다.]
[20260120_183755] 신비 아파트 | 전주고사 | [신규 등록: 재고 보유 가능성이 있습니다.]
[20260120_183755] 신비 아파트 | 전주효자 | [신규 등록: 재고 보유 가능성이 있습니다.]
[20260120_183755] 아바타 불과 재 | 영등포타임스퀘어 | [신규 등록: 선착순신청]
[20260120_183755] 아바타 불과 재 | 홍대 | [신규 등록: 재고 소진 중입니다.]
[20260120_183755] 아바타: 불과 재 | 강남 | [신규 등록: 마감되었습니다.]
[20260120_183755] 아바타: 불과 재 | 강변 | [신규 등록: 마감되었습니다.]
[20260120_183755] 아바타: 불과 재 | 고덕강일 | [신규 등록: 마감되었습니다.]
[20260120_183755] 아바타: 불과 재 | 구로 | [신규 등록: 마감되었습니다.]
[20260120_183755] 아바타: 불과 재 | 대학로 | [신규 등록: 마감되었습니다.]
[20260120_183755] 아바타: 불과 재 | 동대문 | [신규 등록: 마감되었습니다.]
[20260120_183755] 아바타: 불과 재 | 방학 | [신규 등록: 마감되었습니다.]
[20260120_183755] 아바타: 불과 재 | 상봉 | [신규 등록: 마감되었습니다.]
[20260120_183755] 아바타: 불과 재 | 성신여대입구 | [신규 등록: 마감되었습니다.]
[20260120_183755] 아바타: 불과 재 | 수유 | [신규 등록: 마감되었습니다.]
[20260120_183755] 아바타: 불과 재 | 신촌아트레온 | [신규 등록: 마감되었습니다.]
[20260120_183755] 아바타: 불과 재 | 여의도 | [신규 등록: 마감되었습니다.]
[20260120_183755] 아바타: 불과 재 | 영등포타임스퀘어 | [신규 등록: 마감되었습니다.]
[20260120_183755] 아바타: 불과 재 | 왕십리 | [신규 등록: 마감되었습니다.]
[20260120_183755] 아바타: 불과 재 | 용산아이파크몰 | [신규 등록: 마감되었습니다.]
[20260120_183755] 아바타: 불과 재 | 중계 | [신규 등록: 마감되었습니다.]
[20260120_183755] 아바타: 불과 재 | 홍대 | [신규 등록: 마감되었습니다.]
[20260120_183755] 아바타: 불과 재 | 광교 | [신규 등록: 마감되었습니다.]
[20260120_183755] 아바타: 불과 재 | 구리 | [신규 등록: 재고 소진 임박입니다.]
[20260120_183755] 아바타: 불과 재 | 동수원 | [신규 등록: 마감되었습니다.]
[20260120_183755] 아바타: 불과 재 | 동탄 | [신규 등록: 마감되었습니다.]
[20260120_183755] 아바타: 불과 재 | 부천 | [신규 등록: 마감되었습니다.]
[20260120_183755] 아바타: 불과 재 | 부천역 | [신규 등록: 마감되었습니다.]
[20260120_183755] 아바타: 불과 재 | 소풍 | [신규 등록: 마감되었습니다.]
[20260120_183755] 아바타: 불과 재 | 스타필드시티위례 | [신규 등록: 마감되었습니다.]
[20260120_183755] 아바타: 불과 재 | 신세계경기 | [신규 등록: 마감되었습니다.]
[20260120_183755] 아바타: 불과 재 | 야탑 | [신규 등록: 마감되었습니다.]
[20260120_183755] 아바타: 불과 재 | 양주옥정 | [신규 등록: 마감되었습니다.]
[20260120_183755] 아바타: 불과 재 | 오리 | [신규 등록: 마감되었습니다.]
[20260120_183755] 아바타: 불과 재 | 의정부 | [신규 등록: 마감되었습니다.]
[20260120_183755] 아바타: 불과 재 | 일산 | [신규 등록: 마감되었습니다.]
[20260120_183755] 아바타: 불과 재 | 판교 | [신규 등록: 마감되었습니다.]
[20260120_183755] 아바타: 불과 재 | 평촌 | [신규 등록: 마감되었습니다.]
[20260120_183756] 아바타: 불과 재 | 평택 | [신규 등록: 마감되었습니다.]
[20260120_183756] 아바타: 불과 재 | 계양 | [신규 등록: 마감되었습니다.]
[20260120_183756] 아바타: 불과 재 | 인천 | [신규 등록: 마감되었습니다.]
[20260120_183756] 아바타: 불과 재 | 대전 | [신규 등록: 마감되었습니다.]
[20260120_183756] 아바타: 불과 재 | 대전터미널 | [신규 등록: 마감되었습니다.]
[20260120_183756] 아바타: 불과 재 | 세종 | [신규 등록: 마감되었습니다.]
[20260120_183756] 아바타: 불과 재 | 천안터미널 | [신규 등록: 마감되었습니다.]
[20260120_183756] 아바타: 불과 재 | 천안펜타포트 | [신규 등록: 마감되었습니다.]
[20260120_183756] 아바타: 불과 재 | 청주(서문) | [신규 등록: 마감되었습니다.]
[20260120_183756] 아바타: 불과 재 | 청주지웰시티 | [신규 등록: 마감되었습니다.]
[20260120_183756] 아바타: 불과 재 | 대구 | [신규 등록: 마감되었습니다.]
[20260120_183756] 아바타: 불과 재 | 대구스타디움 | [신규 등록: 마감되었습니다.]
[20260120_183756] 아바타: 불과 재 | 대구아카데미 | [신규 등록: 재고 소진 임박입니다.]
[20260120_183756] 아바타: 불과 재 | 대구현대 | [신규 등록: 마감되었습니다.]
[20260120_183756] 아바타: 불과 재 | 서면 | [신규 등록: 마감되었습니다.]
[20260120_183756] 아바타: 불과 재 | 센텀시티 | [신규 등록: 마감되었습니다.]
[20260120_183756] 아바타: 불과 재 | 아시아드 | [신규 등록: 마감되었습니다.]
[20260120_183756] 아바타: 불과 재 | 울산삼산 | [신규 등록: 마감되었습니다.]
[20260120_183756] 아바타: 불과 재 | 마산 | [신규 등록: 마감되었습니다.]
[20260120_183756] 아바타: 불과 재 | 창원더시티 | [신규 등록: 마감되었습니다.]
[20260120_183756] 아바타: 불과 재 | 광주금남로 | [신규 등록: 마감되었습니다.]
[20260120_183756] 아바타: 불과 재 | 광주상무 | [신규 등록: 마감되었습니다.]
[20260120_183756] 아바타: 불과 재 | 광주첨단 | [신규 등록: 마감되었습니다.]
[20260120_183756] 아바타: 불과 재 | 목포평화광장 | [신규 등록: 마감되었습니다.]
[20260120_183756] 아바타: 불과 재 | 순천신대 | [신규 등록: 마감되었습니다.]
[20260120_183756] 아바타: 불과 재 | 전주고사 | [신규 등록: 마감되었습니다.]
[20260120_183756] 아바타: 불과 재 | 제주 | [신규 등록: 마감되었습니다.]
[20260120_183756] 아바타-불과 재 | 강남 | [신규 등록: 재고 보유 가능성이 있습니다.]
[20260120_183756] 아바타-불과 재 | 영등포타임스퀘어 | [신규 등록: 선착순신청]
[20260120_183756] 아바타-불과 재 | 왕십리 | [신규 등록: 선착순신청]
[20260120_183756] 아바타-불과 재 | 용산아이파크몰 | [신규 등록: 선착순신청]
[20260120_183756] 아바타-불과 재 | 홍대 | [신규 등록: 재고 소진 중입니다.]
[20260120_183756] 아바타-불과 재 | 의정부 | [신규 등록: 재고 보유 가능성이 있습니다.]
[20260120_183756] 아바타-불과 재 | 인천 | [신규 등록: 재고 보유 가능성이 있습니다.]
[20260120_183756] 아바타-불과 재 | 대전터미널 | [신규 등록: 재고 보유 가능성이 있습니다.]
[20260120_183756] 아바타-불과 재 | 천안펜타포트 | [신규 등록: 재고 보유 가능성이 있습니다.]
[20260120_183756] 아바타-불과 재 | 대구스타디움 | [신규 등록: 재고 보유 가능성이 있습니다.]
[20260120_183756] 아바타-불과 재 | 센텀시티 | [신규 등록: 재고 보유 가능성이 있습니다.]
[20260120_183756] 아바타-불과 재 | 울산삼산 | [신규 등록: 선착순신청]
[20260120_183756] 어리석은 자는 누구인가 | 강변 | [신규 등록: 재고 보유 가능성이 있습니다.]
[20260120_183756] 어리석은 자는 누구인가 | 서면 | [신규 등록: 재고 보유 가능성이 있습니다.]
[20260120_183756] 어리석은 자는 누구인가 | 압구정 | [신규 등록: 재고 보유 가능성이 있습니다.]
[20260120_183756] 어리석은 자는 누구인가 | 오리 | [신규 등록: 재고 보유 가능성이 있습니다.]
[20260120_183756] 어리석은 자는 누구인가 | 용산아이파크몰 | [신규 등록: 선착순신청]
[20260120_183756] 에반게리온 신극장판-파 | 건대입구 | [신규 등록: 재고 소진 중입니다.]
[20260120_183756] 에반게리온 신극장판-파 | 광주금남로 | [신규 등록: 재고 보유 가능성이 있습니다.]
[20260120_183756] 에반게리온 신극장판-파 | 서면 | [신규 등록: 재고 보유 가능성이 있습니다.]
[20260120_183756] 에반게리온 신극장판-파 | 송도타임스페이스 | [신규 등록: 재고 보유 가능성이 있습니다.]
[20260120_183756] 에반게리온 신극장판-파 | 영등포타임스퀘어 | [신규 등록: 선착순신청]
[20260120_183756] 에반게리온 신극장판-파 | 인천 | [신규 등록: 재고 보유 가능성이 있습니다.]
[20260120_183756] 에반게리온 신극장판-파 | 주안역 | [신규 등록: 재고 보유 가능성이 있습니다.]
[20260120_183756] 에반게리온 신극장판-파 | 홍대 | [신규 등록: 재고 보유 가능성이 있습니다.]
[20260120_183756] 오늘 밤, 세계에서 이 사랑이 사라진다 해도 | 강남 | [신규 등록: 마감되었습니다.]
[20260120_183756] 오늘 밤, 세계에서 이 사랑이 사라진다 해도 | 강변 | [신규 등록: 마감되었습니다.]
[20260120_183756] 오늘 밤, 세계에서 이 사랑이 사라진다 해도 | 고덕강일 | [신규 등록: 마감되었습니다.]
[20260120_183756] 오늘 밤, 세계에서 이 사랑이 사라진다 해도 | 구로 | [신규 등록: 마감되었습니다.]
[20260120_183756] 오늘 밤, 세계에서 이 사랑이 사라진다 해도 | 대학로 | [신규 등록: 마감되었습니다.]
[20260120_183756] 오늘 밤, 세계에서 이 사랑이 사라진다 해도 | 동대문 | [신규 등록: 마감되었습니다.]
[20260120_183756] 오늘 밤, 세계에서 이 사랑이 사라진다 해도 | 등촌 | [신규 등록: 마감되었습니다.]
[20260120_183756] 오늘 밤, 세계에서 이 사랑이 사라진다 해도 | 방학 | [신규 등록: 마감되었습니다.]
[20260120_183756] 오늘 밤, 세계에서 이 사랑이 사라진다 해도 | 상봉 | [신규 등록: 마감되었습니다.]
[20260120_183756] 오늘 밤, 세계에서 이 사랑이 사라진다 해도 | 성신여대입구 | [신규 등록: 마감되었습니다.]
[20260120_183756] 오늘 밤, 세계에서 이 사랑이 사라진다 해도 | 수유 | [신규 등록: 마감되었습니다.]
[20260120_183756] 오늘 밤, 세계에서 이 사랑이 사라진다 해도 | 영등포타임스퀘어 | [신규 등록: 마감되었습니다.]
[20260120_183756] 오늘 밤, 세계에서 이 사랑이 사라진다 해도 | 왕십리 | [신규 등록: 마감되었습니다.]
[20260120_183756] 오늘 밤, 세계에서 이 사랑이 사라진다 해도 | 용산아이파크몰 | [신규 등록: 마감되었습니다.]
[20260120_183756] 오늘 밤, 세계에서 이 사랑이 사라진다 해도 | 중계 | [신규 등록: 마감되었습니다.]
[20260120_183756] 오늘 밤, 세계에서 이 사랑이 사라진다 해도 | 홍대 | [신규 등록: 마감되었습니다.]
[20260120_183756] 오늘 밤, 세계에서 이 사랑이 사라진다 해도 | 동수원 | [신규 등록: 마감되었습니다.]
[20260120_183756] 오늘 밤, 세계에서 이 사랑이 사라진다 해도 | 동탄 | [신규 등록: 마감되었습니다.]
[20260120_183756] 오늘 밤, 세계에서 이 사랑이 사라진다 해도 | 부천 | [신규 등록: 마감되었습니다.]
[20260120_183756] 오늘 밤, 세계에서 이 사랑이 사라진다 해도 | 부천역 | [신규 등록: 마감되었습니다.]
[20260120_183756] 오늘 밤, 세계에서 이 사랑이 사라진다 해도 | 소풍 | [신규 등록: 마감되었습니다.]
[20260120_183756] 오늘 밤, 세계에서 이 사랑이 사라진다 해도 | 스타필드시티위례 | [신규 등록: 재고 보유 가능성이 있습니다.]
[20260120_183756] 오늘 밤, 세계에서 이 사랑이 사라진다 해도 | 신세계경기 | [신규 등록: 재고 보유 가능성이 있습니다.]
[20260120_183756] 오늘 밤, 세계에서 이 사랑이 사라진다 해도 | 안산 | [신규 등록: 재고 소진 임박입니다.]
[20260120_183756] 오늘 밤, 세계에서 이 사랑이 사라진다 해도 | 야탑 | [신규 등록: 마감되었습니다.]
[20260120_183756] 오늘 밤, 세계에서 이 사랑이 사라진다 해도 | 양주옥정 | [신규 등록: 마감되었습니다.]
[20260120_183756] 오늘 밤, 세계에서 이 사랑이 사라진다 해도 | 오리 | [신규 등록: 마감되었습니다.]
[20260120_183756] 오늘 밤, 세계에서 이 사랑이 사라진다 해도 | 의정부 | [신규 등록: 마감되었습니다.]
[20260120_183756] 오늘 밤, 세계에서 이 사랑이 사라진다 해도 | 일산 | [신규 등록: 마감되었습니다.]
[20260120_183756] 오늘 밤, 세계에서 이 사랑이 사라진다 해도 | 평촌 | [신규 등록: 마감되었습니다.]
[20260120_183756] 오늘 밤, 세계에서 이 사랑이 사라진다 해도 | 평택 | [신규 등록: 마감되었습니다.]
[20260120_183756] 오늘 밤, 세계에서 이 사랑이 사라진다 해도 | 계양 | [신규 등록: 마감되었습니다.]
[20260120_183757] 오늘 밤, 세계에서 이 사랑이 사라진다 해도 | 인천 | [신규 등록: 마감되었습니다.]
[20260120_183757] 오늘 밤, 세계에서 이 사랑이 사라진다 해도 | 강릉 | [신규 등록: 재고 소진 중입니다.]
[20260120_183757] 오늘 밤, 세계에서 이 사랑이 사라진다 해도 | 대전 | [신규 등록: 마감되었습니다.]
[20260120_183757] 오늘 밤, 세계에서 이 사랑이 사라진다 해도 | 대전터미널 | [신규 등록: 마감되었습니다.]
[20260120_183757] 오늘 밤, 세계에서 이 사랑이 사라진다 해도 | 세종 | [신규 등록: 마감되었습니다.]
[20260120_183757] 오늘 밤, 세계에서 이 사랑이 사라진다 해도 | 천안터미널 | [신규 등록: 마감되었습니다.]
[20260120_183757] 오늘 밤, 세계에서 이 사랑이 사라진다 해도 | 천안펜타포트 | [신규 등록: 마감되었습니다.]
[20260120_183757] 오늘 밤, 세계에서 이 사랑이 사라진다 해도 | 청주(서문) | [신규 등록: 마감되었습니다.]
[20260120_183757] 오늘 밤, 세계에서 이 사랑이 사라진다 해도 | 청주지웰시티 | [신규 등록: 재고 소진 임박입니다.]
[20260120_183757] 오늘 밤, 세계에서 이 사랑이 사라진다 해도 | 대구 | [신규 등록: 마감되었습니다.]
[20260120_183757] 오늘 밤, 세계에서 이 사랑이 사라진다 해도 | 대구스타디움 | [신규 등록: 마감되었습니다.]
[20260120_183757] 오늘 밤, 세계에서 이 사랑이 사라진다 해도 | 대구아카데미 | [신규 등록: 마감되었습니다.]
[20260120_183757] 오늘 밤, 세계에서 이 사랑이 사라진다 해도 | 대구현대 | [신규 등록: 마감되었습니다.]
[20260120_183757] 오늘 밤, 세계에서 이 사랑이 사라진다 해도 | 서면 | [신규 등록: 마감되었습니다.]
[20260120_183757] 오늘 밤, 세계에서 이 사랑이 사라진다 해도 | 센텀시티 | [신규 등록: 마감되었습니다.]
[20260120_183757] 오늘 밤, 세계에서 이 사랑이 사라진다 해도 | 아시아드 | [신규 등록: 마감되었습니다.]
[20260120_183757] 오늘 밤, 세계에서 이 사랑이 사라진다 해도 | 울산삼산 | [신규 등록: 마감되었습니다.]
[20260120_183757] 오늘 밤, 세계에서 이 사랑이 사라진다 해도 | 마산 | [신규 등록: 마감되었습니다.]
[20260120_183757] 오늘 밤, 세계에서 이 사랑이 사라진다 해도 | 창원더시티 | [신규 등록: 마감되었습니다.]
[20260120_183757] 오늘 밤, 세계에서 이 사랑이 사라진다 해도 | 광주금남로 | [신규 등록: 마감되었습니다.]
[20260120_183757] 오늘 밤, 세계에서 이 사랑이 사라진다 해도 | 광주상무 | [신규 등록: 마감되었습니다.]
[20260120_183757] 오늘 밤, 세계에서 이 사랑이 사라진다 해도 | 광주첨단 | [신규 등록: 마감되었습니다.]
[20260120_183757] 오늘 밤, 세계에서 이 사랑이 사라진다 해도 | 목포평화광장 | [신규 등록: 마감되었습니다.]
[20260120_183757] 오늘 밤, 세계에서 이 사랑이 사라진다 해도 | 순천신대 | [신규 등록: 마감되었습니다.]
[20260120_183757] 오늘 밤, 세계에서 이 사랑이 사라진다 해도 | 전주고사 | [신규 등록: 마감되었습니다.]
[20260120_183757] 오늘 밤, 세계에서 이 사랑이 사라진다 해도 | 제주 | [신규 등록: 마감되었습니다.]
[20260120_183757] 오늘 밤, 세계에서 이 사랑이 사라진다 해도 | 용산아이파크몰 | [신규 등록: 재고 보유 가능성이 있습니다.]
[20260120_183757] 짐 자무쉬 감독전 | 강변 | [신규 등록: 재고 보유 가능성이 있습니다.]
[20260120_183757] 짐 자무쉬 감독전 | 대학로 | [신규 등록: 재고 보유 가능성이 있습니다.]
[20260120_183757] 짐 자무쉬 감독전 | 동대문 | [신규 등록: 재고 보유 가능성이 있습니다.]
[20260120_183757] 짐 자무쉬 감독전 | 신촌아트레온 | [신규 등록: 재고 보유 가능성이 있습니다.]
[20260120_183757] 짐 자무쉬 감독전 | 압구정 | [신규 등록: 재고 소진 중입니다.]
[20260120_183757] 짐 자무쉬 감독전 | 여의도 | [신규 등록: 재고 보유 가능성이 있습니다.]
[20260120_183757] 짐 자무쉬 감독전 | 용산아이파크몰 | [신규 등록: 선착순신청]
[20260120_183757] 짐 자무쉬 감독전 | 소풍 | [신규 등록: 마감되었습니다.]
[20260120_183757] 짐 자무쉬 감독전 | 오리 | [신규 등록: 마감되었습니다.]
[20260120_183757] 짐 자무쉬 감독전 | 인천 | [신규 등록: 재고 보유 가능성이 있습니다.]
[20260120_183757] 짐 자무쉬 감독전 | 춘천 | [신규 등록: 재고 보유 가능성이 있습니다.]
[20260120_183757] 짐 자무쉬 감독전 | 대전 | [신규 등록: 재고 보유 가능성이 있습니다.]
[20260120_183757] 짐 자무쉬 감독전 | 천안펜타포트 | [신규 등록: 재고 보유 가능성이 있습니다.]
[20260120_183757] 짐 자무쉬 감독전 | 대구아카데미 | [신규 등록: 재고 보유 가능성이 있습니다.]
[20260120_183757] 짐 자무쉬 감독전 | 서면 | [신규 등록: 재고 보유 가능성이 있습니다.]
[20260120_183757] 짐 자무쉬 감독전 | 광주상무 | [신규 등록: 재고 보유 가능성이 있습니다.]
[20260120_183757] 짐 자무쉬 감독전 | 강변 | [신규 등록: 재고 보유 가능성이 있습니다.]
[20260120_183757] 짐 자무쉬 감독전 | 대학로 | [신규 등록: 재고 보유 가능성이 있습니다.]
[20260120_183757] 짐 자무쉬 감독전 | 동대문 | [신규 등록: 재고 보유 가능성이 있습니다.]
[20260120_183757] 짐 자무쉬 감독전 | 신촌아트레온 | [신규 등록: 재고 보유 가능성이 있습니다.]
[20260120_183757] 짐 자무쉬 감독전 | 압구정 | [신규 등록: 재고 소진 중입니다.]
[20260120_183757] 짐 자무쉬 감독전 | 여의도 | [신규 등록: 재고 보유 가능성이 있습니다.]
[20260120_183757] 짐 자무쉬 감독전 | 용산아이파크몰 | [신규 등록: 선착순신청]
[20260120_183757] 짐 자무쉬 감독전 | 소풍 | [신규 등록: 마감되었습니다.]
[20260120_183757] 짐 자무쉬 감독전 | 오리 | [신규 등록: 마감되었습니다.]
[20260120_183757] 짐 자무쉬 감독전 | 인천 | [신규 등록: 재고 보유 가능성이 있습니다.]
[20260120_183757] 짐 자무쉬 감독전 | 춘천 | [신규 등록: 재고 보유 가능성이 있습니다.]
[20260120_183757] 짐 자무쉬 감독전 | 대전 | [신규 등록: 재고 보유 가능성이 있습니다.]
[20260120_183757] 짐 자무쉬 감독전 | 천안펜타포트 | [신규 등록: 재고 보유 가능성이 있습니다.]
[20260120_183757] 짐 자무쉬 감독전 | 대구아카데미 | [신규 등록: 재고 보유 가능성이 있습니다.]
[20260120_183757] 짐 자무쉬 감독전 | 서면 | [신규 등록: 재고 보유 가능성이 있습니다.]
[20260120_183757] 짐 자무쉬 감독전 | 광주상무 | [신규 등록: 재고 보유 가능성이 있습니다.]
[20260120_183757] 짐 자무쉬 감독전 | 강변 | [신규 등록: 재고 보유 가능성이 있습니다.]
[20260120_183757] 짐 자무쉬 감독전 | 대학로 | [신규 등록: 재고 보유 가능성이 있습니다.]
[20260120_183757] 짐 자무쉬 감독전 | 동대문 | [신규 등록: 재고 보유 가능성이 있습니다.]
[20260120_183757] 짐 자무쉬 감독전 | 신촌아트레온 | [신규 등록: 재고 보유 가능성이 있습니다.]
[20260120_183757] 짐 자무쉬 감독전 | 압구정 | [신규 등록: 재고 보유 가능성이 있습니다.]
[20260120_183757] 짐 자무쉬 감독전 | 여의도 | [신규 등록: 재고 보유 가능성이 있습니다.]
[20260120_183757] 짐 자무쉬 감독전 | 용산아이파크몰 | [신규 등록: 선착순신청]
[20260120_183757] 짐 자무쉬 감독전 | 소풍 | [신규 등록: 마감되었습니다.]
[20260120_183757] 짐 자무쉬 감독전 | 오리 | [신규 등록: 마감되었습니다.]
[20260120_183757] 짐 자무쉬 감독전 | 인천 | [신규 등록: 재고 보유 가능성이 있습니다.]
[20260120_183757] 짐 자무쉬 감독전 | 춘천 | [신규 등록: 재고 보유 가능성이 있습니다.]
[20260120_183757] 짐 자무쉬 감독전 | 대전 | [신규 등록: 재고 보유 가능성이 있습니다.]
[20260120_183757] 짐 자무쉬 감독전 | 천안펜타포트 | [신규 등록: 재고 보유 가능성이 있습니다.]
[20260120_183757] 짐 자무쉬 감독전 | 대구아카데미 | [신규 등록: 재고 보유 가능성이 있습니다.]
[20260120_183757] 짐 자무쉬 감독전 | 서면 | [신규 등록: 재고 소진 중입니다.]
[20260120_183757] 짐 자무쉬 감독전 | 광주상무 | [신규 등록: 재고 소진 중입니다.]
[20260120_183757] 짐 자무쉬 감독전 | 강변 | [신규 등록: 재고 보유 가능성이 있습니다.]
[20260120_183757] 짐 자무쉬 감독전 | 대학로 | [신규 등록: 재고 보유 가능성이 있습니다.]
[20260120_183757] 짐 자무쉬 감독전 | 동대문 | [신규 등록: 재고 보유 가능성이 있습니다.]
[20260120_183757] 짐 자무쉬 감독전 | 신촌아트레온 | [신규 등록: 재고 보유 가능성이 있습니다.]
[20260120_183757] 짐 자무쉬 감독전 | 압구정 | [신규 등록: 재고 보유 가능성이 있습니다.]
[20260120_183757] 짐 자무쉬 감독전 | 여의도 | [신규 등록: 재고 보유 가능성이 있습니다.]
[20260120_183757] 짐 자무쉬 감독전 | 용산아이파크몰 | [신규 등록: 선착순신청]
[20260120_183757] 짐 자무쉬 감독전 | 소풍 | [신규 등록: 마감되었습니다.]
[20260120_183758] 짐 자무쉬 감독전 | 오리 | [신규 등록: 마감되었습니다.]
[20260120_183758] 짐 자무쉬 감독전 | 인천 | [신규 등록: 재고 보유 가능성이 있습니다.]
[20260120_183758] 짐 자무쉬 감독전 | 춘천 | [신규 등록: 재고 보유 가능성이 있습니다.]
[20260120_183758] 짐 자무쉬 감독전 | 대전 | [신규 등록: 재고 보유 가능성이 있습니다.]
[20260120_183758] 짐 자무쉬 감독전 | 천안펜타포트 | [신규 등록: 재고 보유 가능성이 있습니다.]
[20260120_183758] 짐 자무쉬 감독전 | 대구아카데미 | [신규 등록: 재고 보유 가능성이 있습니다.]
[20260120_183758] 짐 자무쉬 감독전 | 서면 | [신규 등록: 재고 보유 가능성이 있습니다.]
[20260120_183758] 짐 자무쉬 감독전 | 광주상무 | [신규 등록: 재고 보유 가능성이 있습니다.]
[20260120_183758] 짐 자무쉬 감독전 | 강변 | [신규 등록: 재고 보유 가능성이 있습니다.]
[20260120_183758] 짐 자무쉬 감독전 | 대학로 | [신규 등록: 재고 보유 가능성이 있습니다.]
[20260120_183758] 짐 자무쉬 감독전 | 동대문 | [신규 등록: 재고 보유 가능성이 있습니다.]
[20260120_183758] 짐 자무쉬 감독전 | 신촌아트레온 | [신규 등록: 재고 보유 가능성이 있습니다.]
[20260120_183758] 짐 자무쉬 감독전 | 압구정 | [신규 등록: 재고 보유 가능성이 있습니다.]
[20260120_183758] 짐 자무쉬 감독전 | 여의도 | [신규 등록: 재고 보유 가능성이 있습니다.]
[20260120_183758] 짐 자무쉬 감독전 | 용산아이파크몰 | [신규 등록: 선착순신청]
[20260120_183758] 짐 자무쉬 감독전 | 소풍 | [신규 등록: 마감되었습니다.]
[20260120_183758] 짐 자무쉬 감독전 | 오리 | [신규 등록: 마감되었습니다.]
[20260120_183758] 짐 자무쉬 감독전 | 인천 | [신규 등록: 재고 보유 가능성이 있습니다.]
[20260120_183758] 짐 자무쉬 감독전 | 춘천 | [신규 등록: 재고 보유 가능성이 있습니다.]
[20260120_183758] 짐 자무쉬 감독전 | 대전 | [신규 등록: 재고 보유 가능성이 있습니다.]
[20260120_183758] 짐 자무쉬 감독전 | 천안펜타포트 | [신규 등록: 재고 보유 가능성이 있습니다.]
[20260120_183758] 짐 자무쉬 감독전 | 대구아카데미 | [신규 등록: 재고 보유 가능성이 있습니다.]
[20260120_183758] 짐 자무쉬 감독전 | 서면 | [신규 등록: 재고 보유 가능성이 있습니다.]
[20260120_183758] 짐 자무쉬 감독전 | 광주상무 | [신규 등록: 재고 보유 가능성이 있습니다.]
[20260120_183758] 짐 자무쉬 감독전 | 강변 | [신규 등록: 재고 소진 중입니다.]
[20260120_183758] 짐 자무쉬 감독전 | 대학로 | [신규 등록: 재고 보유 가능성이 있습니다.]
[20260120_183758] 짐 자무쉬 감독전 | 동대문 | [신규 등록: 재고 보유 가능성이 있습니다.]
[20260120_183758] 짐 자무쉬 감독전 | 신촌아트레온 | [신규 등록: 재고 소진 임박입니다.]
[20260120_183758] 짐 자무쉬 감독전 | 압구정 | [신규 등록: 재고 소진 중입니다.]
[20260120_183758] 짐 자무쉬 감독전 | 여의도 | [신규 등록: 재고 소진 중입니다.]
[20260120_183758] 짐 자무쉬 감독전 | 용산아이파크몰 | [신규 등록: 선착순신청]
[20260120_183758] 짐 자무쉬 감독전 | 소풍 | [신규 등록: 마감되었습니다.]
[20260120_183758] 짐 자무쉬 감독전 | 오리 | [신규 등록: 마감되었습니다.]
[20260120_183758] 짐 자무쉬 감독전 | 인천 | [신규 등록: 재고 소진 중입니다.]
[20260120_183758] 짐 자무쉬 감독전 | 춘천 | [신규 등록: 재고 보유 가능성이 있습니다.]
[20260120_183758] 짐 자무쉬 감독전 | 대전 | [신규 등록: 재고 소진 임박입니다.]
[20260120_183758] 짐 자무쉬 감독전 | 천안펜타포트 | [신규 등록: 재고 보유 가능성이 있습니다.]
[20260120_183758] 짐 자무쉬 감독전 | 대구아카데미 | [신규 등록: 재고 소진 중입니다.]
[20260120_183758] 짐 자무쉬 감독전 | 서면 | [신규 등록: 재고 소진 중입니다.]
[20260120_183758] 짐 자무쉬 감독전 | 광주상무 | [신규 등록: 마감되었습니다.]
[20260120_183758] 짐 자무쉬 감독전 | 강변 | [신규 등록: 재고 소진 중입니다.]
[20260120_183758] 짐 자무쉬 감독전 | 대학로 | [신규 등록: 재고 보유 가능성이 있습니다.]
[20260120_183758] 짐 자무쉬 감독전 | 동대문 | [신규 등록: 재고 소진 중입니다.]
[20260120_183758] 짐 자무쉬 감독전 | 신촌아트레온 | [신규 등록: 재고 소진 중입니다.]
[20260120_183758] 짐 자무쉬 감독전 | 압구정 | [신규 등록: 마감되었습니다.]
[20260120_183758] 짐 자무쉬 감독전 | 여의도 | [신규 등록: 마감되었습니다.]
[20260120_183758] 짐 자무쉬 감독전 | 용산아이파크몰 | [신규 등록: 선착순신청]
[20260120_183758] 짐 자무쉬 감독전 | 소풍 | [신규 등록: 마감되었습니다.]
[20260120_183758] 짐 자무쉬 감독전 | 오리 | [신규 등록: 마감되었습니다.]
[20260120_183758] 짐 자무쉬 감독전 | 인천 | [신규 등록: 마감되었습니다.]
[20260120_183758] 짐 자무쉬 감독전 | 춘천 | [신규 등록: 재고 보유 가능성이 있습니다.]
[20260120_183758] 짐 자무쉬 감독전 | 대전 | [신규 등록: 마감되었습니다.]
[20260120_183758] 짐 자무쉬 감독전 | 천안펜타포트 | [신규 등록: 재고 보유 가능성이 있습니다.]
[20260120_183758] 짐 자무쉬 감독전 | 대구아카데미 | [신규 등록: 재고 소진 임박입니다.]
[20260120_183758] 짐 자무쉬 감독전 | 서면 | [신규 등록: 마감되었습니다.]
[20260120_183758] 짐 자무쉬 감독전 | 광주상무 | [신규 등록: 마감되었습니다.]
[20260120_183758] 척의 일생 | 강변 | [신규 등록: 재고 보유 가능성이 있습니다.]
[20260120_183758] 척의 일생 | 서면 | [신규 등록: 재고 보유 가능성이 있습니다.]
[20260120_183758] 척의 일생 | 압구정 | [신규 등록: 재고 보유 가능성이 있습니다.]
[20260120_183758] 척의 일생 | 오리 | [신규 등록: 재고 보유 가능성이 있습니다.]
[20260120_183758] 척의 일생 | 용산아이파크몰 | [신규 등록: 선착순신청]
[20260120_183758] 척의 일생 | 인천 | [신규 등록: 재고 보유 가능성이 있습니다.]
[20260120_183758] 척의 일생 | 강변 | [신규 등록: 마감되었습니다.]
[20260120_183758] 척의 일생 | 대학로 | [신규 등록: 재고 보유 가능성이 있습니다.]
[20260120_183758] 척의 일생 | 동대문 | [신규 등록: 재고 보유 가능성이 있습니다.]
[20260120_183758] 척의 일생 | 신촌아트레온 | [신규 등록: 재고 보유 가능성이 있습니다.]
[20260120_183758] 척의 일생 | 압구정 | [신규 등록: 재고 소진 중입니다.]
[20260120_183758] 척의 일생 | 여의도 | [신규 등록: 재고 보유 가능성이 있습니다.]
[20260120_183758] 척의 일생 | 용산아이파크몰 | [신규 등록: 마감되었습니다.]
[20260120_183758] 척의 일생 | 소풍 | [신규 등록: 마감되었습니다.]
[20260120_183758] 척의 일생 | 오리 | [신규 등록: 재고 소진 중입니다.]
[20260120_183758] 척의 일생 | 인천 | [신규 등록: 재고 보유 가능성이 있습니다.]
[20260120_183758] 척의 일생 | 춘천 | [신규 등록: 재고 보유 가능성이 있습니다.]
[20260120_183758] 척의 일생 | 대전 | [신규 등록: 재고 보유 가능성이 있습니다.]
[20260120_183758] 척의 일생 | 천안펜타포트 | [신규 등록: 재고 보유 가능성이 있습니다.]
[20260120_183758] 척의 일생 | 대구아카데미 | [신규 등록: 재고 보유 가능성이 있습니다.]
[20260120_183758] 척의 일생 | 서면 | [신규 등록: 재고 보유 가능성이 있습니다.]
[20260120_183758] 척의 일생 | 광주상무 | [신규 등록: 재고 보유 가능성이 있습니다.]
[20260120_183758] 튜즈데이 | 강변 | [신규 등록: 마감되었습니다.]
[20260120_183758] 튜즈데이 | 대구아카데미 | [신규 등록: 마감되었습니다.]
[20260120_183758] 튜즈데이 | 대전 | [신규 등록: 재고 보유 가능성이 있습니다.]
[20260120_183758] 튜즈데이 | 동대문 | [신규 등록: 마감되었습니다.]
[20260120_183758] 튜즈데이 | 서면 | [신규 등록: 마감되었습니다.]
[20260120_183758] 튜즈데이 | 신촌아트레온 | [신규 등록: 마감되었습니다.]
[20260120_183758] 튜즈데이 | 압구정 | [신규 등록: 재고 소진 중입니다.]
[20260120_183759] 튜즈데이 | 오리 | [신규 등록: 재고 소진 임박입니다.]
[20260120_183759] 튜즈데이 | 용산아이파크몰 | [신규 등록: 마감되었습니다.]
[20260120_183759] 파더 마더 시스터 브라더 | 강변 | [신규 등록: 재고 소진 중입니다.]
[20260120_183759] 파더 마더 시스터 브라더 | 대학로 | [신규 등록: 마감되었습니다.]
[20260120_183759] 파더 마더 시스터 브라더 | 신촌아트레온 | [신규 등록: 재고 보유 가능성이 있습니다.]
[20260120_183759] 파더 마더 시스터 브라더 | 압구정 | [신규 등록: 재고 보유 가능성이 있습니다.]
[20260120_183759] 파더 마더 시스터 브라더 | 여의도 | [신규 등록: 재고 소진 중입니다.]
[20260120_183759] 파더 마더 시스터 브라더 | 용산아이파크몰 | [신규 등록: 마감되었습니다.]
[20260120_183759] 파더 마더 시스터 브라더 | 소풍 | [신규 등록: 재고 보유 가능성이 있습니다.]
[20260120_183759] 파더 마더 시스터 브라더 | 오리 | [신규 등록: 재고 소진 중입니다.]
[20260120_183759] 파더 마더 시스터 브라더 | 인천 | [신규 등록: 마감되었습니다.]
[20260120_183759] 파더 마더 시스터 브라더 | 천안펜타포트 | [신규 등록: 재고 보유 가능성이 있습니다.]
[20260120_183759] 파더 마더 시스터 브라더 | 대구아카데미 | [신규 등록: 재고 소진 중입니다.]
[20260120_183759] 파더 마더 시스터 브라더 | 서면 | [신규 등록: 마감되었습니다.]
[20260120_183759] 파더 마더 시스터 브라더 | 광주상무 | [신규 등록: 재고 보유 가능성이 있습니다.]
[20260120_183759] 하나 그리고 둘 | 대구아카데미 | [신규 등록: 재고 보유 가능성이 있습니다.]
[20260120_183759] 하나 그리고 둘 | 서면 | [신규 등록: 재고 보유 가능성이 있습니다.]
[20260120_183759] 하나 그리고 둘 | 압구정 | [신규 등록: 재고 보유 가능성이 있습니다.]
[20260120_183759] 하나 그리고 둘 | 용산아이파크몰 | [신규 등록: 선착순신청]
[20260120_183759] 행복한 라짜로 | 강변 | [신규 등록: 재고 소진 중입니다.]
[20260120_183759] 행복한 라짜로 | 동대문 | [신규 등록: 마감되었습니다.]
[20260120_183759] 행복한 라짜로 | 신촌아트레온 | [신규 등록: 마감되었습니다.]
[20260120_183759] 행복한 라짜로 | 압구정 | [신규 등록: 마감되었습니다.]
[20260120_183759] 행복한 라짜로 | 여의도 | [신규 등록: 마감되었습니다.]
[20260120_183759] 행복한 라짜로 | 용산아이파크몰 | [신규 등록: 선착순신청]
[20260120_183759] 행복한 라짜로 | 소풍 | [신규 등록: 마감되었습니다.]
[20260120_183759] 행복한 라짜로 | 오리 | [신규 등록: 마감되었습니다.]
[20260120_183759] 행복한 라짜로 | 춘천 | [신규 등록: 재고 보유 가능성이 있습니다.]
[20260120_183759] 행복한 라짜로 | 대전 | [신규 등록: 재고 소진 임박입니다.]
[20260120_183759] 행복한 라짜로 | 대구아카데미 | [신규 등록: 마감되었습니다.]
[20260120_183759] 행복한 라짜로 | 서면 | [신규 등록: 마감되었습니다.]
[20260120_183759] 행복한 라짜로 | 광주상무 | [신규 등록: 마감되었습니다.]
[20260120_183759] 화양연화 특별판 | 강변 | [신규 등록: 마감되었습니다.]
[20260120_183759] 화양연화 특별판 | 대학로 | [신규 등록: 재고 보유 가능성이 있습니다.]
[20260120_183759] 화양연화 특별판 | 동대문 | [신규 등록: 재고 소진 중입니다.]
[20260120_183759] 화양연화 특별판 | 신촌아트레온 | [신규 등록: 마감되었습니다.]
[20260120_183759] 화양연화 특별판 | 압구정 | [신규 등록: 마감되었습니다.]
[20260120_183759] 화양연화 특별판 | 여의도 | [신규 등록: 마감되었습니다.]
[20260120_183759] 화양연화 특별판 | 용산아이파크몰 | [신규 등록: 마감되었습니다.]
[20260120_183759] 화양연화 특별판 | 소풍 | [신규 등록: 마감되었습니다.]
[20260120_183759] 화양연화 특별판 | 오리 | [신규 등록: 마감되었습니다.]
[20260120_183759] 화양연화 특별판 | 인천 | [신규 등록: 마감되었습니다.]
[20260120_183759] 화양연화 특별판 | 춘천 | [신규 등록: 재고 보유 가능성이 있습니다.]
[20260120_183759] 화양연화 특별판 | 대전 | [신규 등록: 마감되었습니다.]
[20260120_183759] 화양연화 특별판 | 천안펜타포트 | [신규 등록: 마감되었습니다.]
[20260120_183759] 화양연화 특별판 | 대구아카데미 | [신규 등록: 재고 소진 중입니다.]
[20260120_183759] 화양연화 특별판 | 서면 | [신규 등록: 마감되었습니다.]
[20260120_183759] 화양연화 특별판 | 광주상무 | [신규 등록: 마감되었습니다.]
[20260120_183759] 화양연화 특별판 | 강변 | [신규 등록: 재고 보유 가능성이 있습니다.]
[20260120_183759] 화양연화 특별판 | 대학로 | [신규 등록: 재고 보유 가능성이 있습니다.]
[20260120_183759] 화양연화 특별판 | 동대문 | [신규 등록: 재고 보유 가능성이 있습니다.]
[20260120_183759] 화양연화 특별판 | 압구정 | [신규 등록: 재고 보유 가능성이 있습니다.]
[20260120_183759] 화양연화 특별판 | 여의도 | [신규 등록: 재고 보유 가능성이 있습니다.]
[20260120_183759] 화양연화 특별판 | 용산아이파크몰 | [신규 등록: 마감되었습니다.]
[20260120_183759] 화양연화 특별판 | 소풍 | [신규 등록: 재고 소진 중입니다.]
[20260120_183759] 화양연화 특별판 | 오리 | [신규 등록: 재고 보유 가능성이 있습니다.]
[20260120_183759] 화양연화 특별판 | 인천 | [신규 등록: 재고 보유 가능성이 있습니다.]
[20260120_183759] 화양연화 특별판 | 대전 | [신규 등록: 재고 보유 가능성이 있습니다.]
[20260120_183759] 화양연화 특별판 | 천안펜타포트 | [신규 등록: 재고 보유 가능성이 있습니다.]
[20260120_183759] 화양연화 특별판 | 대구아카데미 | [신규 등록: 마감되었습니다.]
[20260120_183759] 화양연화 특별판 | 서면 | [신규 등록: 재고 보유 가능성이 있습니다.]
[20260120_183759] 화양연화 특별판 | 광주상무 | [신규 등록: 재고 보유 가능성이 있습니다.]
[20260120_183759] 화양연화 특별판 | 고덕강일 | [신규 등록: 마감되었습니다.]
[20260120_183759] 화양연화 특별판 | 구로 | [신규 등록: 재고 소진 임박입니다.]
[20260120_183759] 화양연화 특별판 | 대학로 | [신규 등록: 마감되었습니다.]
[20260120_183759] 화양연화 특별판 | 동대문 | [신규 등록: 마감되었습니다.]
[20260120_183759] 화양연화 특별판 | 방학 | [신규 등록: 재고 보유 가능성이 있습니다.]
[20260120_183759] 화양연화 특별판 | 상봉 | [신규 등록: 재고 소진 임박입니다.]
[20260120_183759] 화양연화 특별판 | 수유 | [신규 등록: 재고 소진 임박입니다.]
[20260120_183759] 화양연화 특별판 | 여의도 | [신규 등록: 마감되었습니다.]
[20260120_183759] 화양연화 특별판 | 영등포타임스퀘어 | [신규 등록: 마감되었습니다.]
[20260120_183759] 화양연화 특별판 | 왕십리 | [신규 등록: 선착순신청]
[20260120_183759] 화양연화 특별판 | 용산아이파크몰 | [신규 등록: 마감되었습니다.]
[20260120_183759] 화양연화 특별판 | 중계 | [신규 등록: 재고 소진 임박입니다.]
[20260120_183759] 화양연화 특별판 | 동수원 | [신규 등록: 재고 소진 중입니다.]
[20260120_183759] 화양연화 특별판 | 동탄 | [신규 등록: 재고 소진 중입니다.]
[20260120_183759] 화양연화 특별판 | 부천역 | [신규 등록: 마감되었습니다.]
[20260120_183759] 화양연화 특별판 | 소풍 | [신규 등록: 마감되었습니다.]
[20260120_183759] 화양연화 특별판 | 안산 | [신규 등록: 재고 보유 가능성이 있습니다.]
[20260120_183759] 화양연화 특별판 | 야탑 | [신규 등록: 마감되었습니다.]
[20260120_183759] 화양연화 특별판 | 양주옥정 | [신규 등록: 재고 보유 가능성이 있습니다.]
[20260120_183759] 화양연화 특별판 | 오리 | [신규 등록: 마감되었습니다.]
[20260120_183759] 화양연화 특별판 | 의정부 | [신규 등록: 재고 보유 가능성이 있습니다.]
[20260120_183759] 화양연화 특별판 | 일산 | [신규 등록: 재고 소진 중입니다.]
[20260120_183759] 화양연화 특별판 | 평촌 | [신규 등록: 재고 보유 가능성이 있습니다.]
[20260120_183800] 화양연화 특별판 | 평택 | [신규 등록: 재고 보유 가능성이 있습니다.]
[20260120_183800] 화양연화 특별판 | 계양 | [신규 등록: 재고 소진 중입니다.]
[20260120_183800] 화양연화 특별판 | 인천 | [신규 등록: 마감되었습니다.]
[20260120_183800] 화양연화 특별판 | 강릉 | [신규 등록: 재고 보유 가능성이 있습니다.]
[20260120_183800] 화양연화 특별판 | 대전 | [신규 등록: 마감되었습니다.]
[20260120_183800] 화양연화 특별판 | 대전터미널 | [신규 등록: 재고 보유 가능성이 있습니다.]
[20260120_183800] 화양연화 특별판 | 천안터미널 | [신규 등록: 선착순신청]
[20260120_183800] 화양연화 특별판 | 천안펜타포트 | [신규 등록: 재고 소진 임박입니다.]
[20260120_183800] 화양연화 특별판 | 청주(서문) | [신규 등록: 재고 보유 가능성이 있습니다.]
[20260120_183800] 화양연화 특별판 | 청주지웰시티 | [신규 등록: 재고 보유 가능성이 있습니다.]
[20260120_183800] 화양연화 특별판 | 대구 | [신규 등록: 재고 소진 임박입니다.]
[20260120_183800] 화양연화 특별판 | 대구스타디움 | [신규 등록: 재고 보유 가능성이 있습니다.]
[20260120_183800] 화양연화 특별판 | 대구아카데미 | [신규 등록: 마감되었습니다.]
[20260120_183800] 화양연화 특별판 | 서면 | [신규 등록: 마감되었습니다.]
[20260120_183800] 화양연화 특별판 | 센텀시티 | [신규 등록: 마감되었습니다.]
[20260120_183800] 화양연화 특별판 | 울산삼산 | [신규 등록: 마감되었습니다.]
[20260120_183800] 화양연화 특별판 | 마산 | [신규 등록: 재고 보유 가능성이 있습니다.]
[20260120_183800] 화양연화 특별판 | 창원더시티 | [신규 등록: 재고 보유 가능성이 있습니다.]
[20260120_183800] 화양연화 특별판 | 광주금남로 | [신규 등록: 재고 보유 가능성이 있습니다.]
[20260120_183800] 화양연화 특별판 | 광주상무 | [신규 등록: 마감되었습니다.]
[20260120_183800] 화양연화 특별판 | 광주첨단 | [신규 등록: 마감되었습니다.]
[20260120_183800] 화양연화 특별판 | 목포평화광장 | [신규 등록: 재고 보유 가능성이 있습니다.]
[20260120_183800] 화양연화 특별판 | 순천신대 | [신규 등록: 재고 보유 가능성이 있습니다.]
[20260120_183800] 화양연화 특별판 | 전주고사 | [신규 등록: 재고 보유 가능성이 있습니다.]
[20260120_183800] 화양연화 특별판 | 제주 | [신규 등록: 마감되었습니다.]
[20260120_183800] 화양연화 특별판 | 강변 | [신규 등록: 마감되었습니다.]
[20260120_183800] 화양연화 특별판 | 대학로 | [신규 등록: 마감되었습니다.]
[20260120_183800] 화양연화 특별판 | 동대문 | [신규 등록: 마감되었습니다.]
[20260120_183800] 화양연화 특별판 | 신촌아트레온 | [신규 등록: 재고 보유 가능성이 있습니다.]
[20260120_183800] 화양연화 특별판 | 압구정 | [신규 등록: 마감되었습니다.]
[20260120_183800] 화양연화 특별판 | 여의도 | [신규 등록: 마감되었습니다.]
[20260120_183800] 화양연화 특별판 | 왕십리 | [신규 등록: 선착순신청]
[20260120_183800] 화양연화 특별판 | 용산아이파크몰 | [신규 등록: 마감되었습니다.]
[20260120_183800] 화양연화 특별판 | 소풍 | [신규 등록: 마감되었습니다.]
[20260120_183800] 화양연화 특별판 | 오리 | [신규 등록: 마감되었습니다.]
[20260120_183800] 화양연화 특별판 | 인천 | [신규 등록: 마감되었습니다.]
[20260120_183800] 화양연화 특별판 | 춘천 | [신규 등록: 재고 보유 가능성이 있습니다.]
[20260120_183800] 화양연화 특별판 | 대전 | [신규 등록: 재고 소진 중입니다.]
[20260120_183800] 화양연화 특별판 | 천안펜타포트 | [신규 등록: 마감되었습니다.]
[20260120_183800] 화양연화 특별판 | 대구아카데미 | [신규 등록: 마감되었습니다.]
[20260120_183800] 화양연화 특별판 | 서면 | [신규 등록: 마감되었습니다.]
[20260120_183800] 화양연화 특별판 | 광주상무 | [신규 등록: 재고 소진 중입니다.]
[20260120_183800] 아바타: 불과 재 | 영등포타임스퀘어 | [신규 등록: 마감되었습니다.]
[20260120_183800] 아바타: 불과 재 | 왕십리 | [신규 등록: 마감되었습니다.]
[20260120_183800] 아바타: 불과 재 | 용산아이파크몰 | [신규 등록: 마감되었습니다.]
[20260120_183800] 아바타: 불과 재 | 홍대 | [신규 등록: 마감되었습니다.]
[20260120_183800] 아바타: 불과 재 | 대구 | [신규 등록: 마감되었습니다.]
[20260120_183800] 아바타: 불과 재 | 용산아이파크몰 | [신규 등록: 마감되었습니다.]
[20260120_183800] 아바타: 불과 재 | 천안터미널 | [신규 등록: 마감되었습니다.]
