[20260121_113352] 굿 포 낫씽 | 강변 | [신규 등록: 재고 보유 가능성이 있습니다.]
[20260121_113352] 굿 포 낫씽 | 서면 | [신규 등록: 재고 보유 가능성이 있습니다.]
[20260121_113352] 굿 포 낫씽 | 압구정 | [신규 등록: 재고 보유 가능성이 있습니다.]
[20260121_113352] 굿 포 낫씽 | 오리 | [신규 등록: 재고 보유 가능성이 있습니다.]
[20260121_113352] 굿 포 낫씽 | 용산아이파크몰 | [신규 등록: 선착순신청]
[20260121_113352] 극장판 짱구 | 구로 | [신규 등록: 재고 보유 가능성이 있습니다.]
[20260121_113353] 극장판 짱구 | 대학로 | [신규 등록: 재고 보유 가능성이 있습니다.]
[20260121_113353] 극장판 짱구 | 성신여대입구 | [신규 등록: 재고 보유 가능성이 있습니다.]
[20260121_113353] 극장판 짱구 | 연남 | [신규 등록: 재고 보유 가능성이 있습니다.]
[20260121_113353] 극장판 짱구 | 영등포타임스퀘어 | [신규 등록: 선착순신청]
[20260121_113353] 극장판 짱구 | 홍대 | [신규 등록: 재고 보유 가능성이 있습니다.]
[20260121_113353] 극장판 짱구 | 평택소사 | [신규 등록: 재고 보유 가능성이 있습니다.]
[20260121_113353] 극장판 짱구 | 인천 | [신규 등록: 재고 보유 가능성이 있습니다.]
[20260121_113353] 극장판 짱구 | 대구죽전 | [신규 등록: 재고 보유 가능성이 있습니다.]
[20260121_113353] 극장판 짱구 | 서면 | [신규 등록: 재고 보유 가능성이 있습니다.]
[20260121_113353] 극장판 짱구 | 센텀시티 | [신규 등록: 재고 보유 가능성이 있습니다.]
[20260121_113353] 극장판 짱구 | 거제 | [신규 등록: 재고 보유 가능성이 있습니다.]
[20260121_113353] 극장판 짱구 | 창원더시티 | [신규 등록: 재고 보유 가능성이 있습니다.]
[20260121_113353] 극장판 짱구 | 창원상남 | [신규 등록: 재고 보유 가능성이 있습니다.]
[20260121_113353] 극장판 짱구 | 광주상무 | [신규 등록: 재고 보유 가능성이 있습니다.]
[20260121_113353] 극장판 짱구 | 광주용봉 | [신규 등록: 재고 보유 가능성이 있습니다.]
[20260121_113353] 극장판 짱구 | 광주첨단 | [신규 등록: 재고 보유 가능성이 있습니다.]
[20260121_113353] 극장판 짱구 | 광주하남 | [신규 등록: 재고 보유 가능성이 있습니다.]
[20260121_113353] 극장판 짱구 | 목포평화광장 | [신규 등록: 재고 보유 가능성이 있습니다.]
[20260121_113353] 끝이 없는 스칼렛 | 강남 | [신규 등록: 재고 보유 가능성이 있습니다.]
[20260121_113353] 끝이 없는 스칼렛 | 서면 | [신규 등록: 재고 보유 가능성이 있습니다.]
[20260121_113353] 끝이 없는 스칼렛 | 영등포타임스퀘어 | [신규 등록: 선착순신청]
[20260121_113353] 끝이 없는 스칼렛 | 왕십리 | [신규 등록: 선착순신청]
[20260121_113353] 끝이 없는 스칼렛 | 용산아이파크몰 | [신규 등록: 선착순신청]
[20260121_113353] 끝이 없는 스칼렛 | 의정부 | [신규 등록: 재고 보유 가능성이 있습니다.]
[20260121_113353] 끝이 없는 스칼렛 | 홍대 | [신규 등록: 재고 보유 가능성이 있습니다.]
[20260121_113355] 리틀 아멜리 | 강변 | [신규 등록: 재고 보유 가능성이 있습니다.]
[20260121_113355] 리틀 아멜리 | 대학로 | [신규 등록: 재고 보유 가능성이 있습니다.]
[20260121_113355] 리틀 아멜리 | 동대문 | [신규 등록: 재고 보유 가능성이 있습니다.]
[20260121_113355] 리틀 아멜리 | 신촌아트레온 | [신규 등록: 재고 보유 가능성이 있습니다.]
[20260121_113355] 리틀 아멜리 | 압구정 | [신규 등록: 재고 보유 가능성이 있습니다.]
[20260121_113355] 리틀 아멜리 | 여의도 | [신규 등록: 재고 보유 가능성이 있습니다.]
[20260121_113355] 리틀 아멜리 | 용산아이파크몰 | [신규 등록: 선착순신청]
[20260121_113355] 리틀 아멜리 | 소풍 | [신규 등록: 재고 보유 가능성이 있습니다.]
[20260121_113355] 리틀 아멜리 | 오리 | [신규 등록: 재고 보유 가능성이 있습니다.]
[20260121_113355] 리틀 아멜리 | 인천 | [신규 등록: 재고 보유 가능성이 있습니다.]
[20260121_113355] 리틀 아멜리 | 춘천 | [신규 등록: 재고 보유 가능성이 있습니다.]
[20260121_113355] 리틀 아멜리 | 대전 | [신규 등록: 재고 보유 가능성이 있습니다.]
[20260121_113355] 리틀 아멜리 | 천안펜타포트 | [신규 등록: 재고 보유 가능성이 있습니다.]
[20260121_113355] 리틀 아멜리 | 대구아카데미 | [신규 등록: 재고 보유 가능성이 있습니다.]
[20260121_113355] 리틀 아멜리 | 서면 | [신규 등록: 재고 보유 가능성이 있습니다.]
[20260121_113355] 리틀 아멜리 | 광주상무 | [신규 등록: 재고 보유 가능성이 있습니다.]
[20260121_113356] 만약에 우리 | 강남 | [신규 등록: 재고 보유 가능성이 있습니다.]
[20260121_113356] 만약에 우리 | 광주금남로 | [신규 등록: 재고 보유 가능성이 있습니다.]
[20260121_113356] 만약에 우리 | 대구스타디움 | [신규 등록: 재고 보유 가능성이 있습니다.]
[20260121_113356] 만약에 우리 | 서면상상마당 | [신규 등록: 재고 보유 가능성이 있습니다.]
[20260121_113356] 만약에 우리 | 왕십리 | [신규 등록: 선착순신청]
[20260121_113356] 만약에 우리 | 용산아이파크몰 | [신규 등록: 선착순신청]
[20260121_113356] 만약에 우리 | 울산삼산 | [신규 등록: 선착순신청]
[20260121_113356] 만약에 우리 | 인천 | [신규 등록: 재고 보유 가능성이 있습니다.]
[20260121_113356] 만약에 우리 | 천안펜타포트 | [신규 등록: 재고 보유 가능성이 있습니다.]
[20260121_113356] 보이 | 강변 | [신규 등록: 재고 보유 가능성이 있습니다.]
[20260121_113356] 보이 | 광주상무 | [신규 등록: 재고 보유 가능성이 있습니다.]
[20260121_113356] 보이 | 서면 | [신규 등록: 재고 보유 가능성이 있습니다.]
[20260121_113356] 보이 | 신촌아트레온 | [신규 등록: 재고 보유 가능성이 있습니다.]
[20260121_113356] 보이 | 압구정 | [신규 등록: 재고 보유 가능성이 있습니다.]
[20260121_113356] 보이 | 오리 | [신규 등록: 재고 보유 가능성이 있습니다.]
[20260121_113356] 보이 | 인천 | [신규 등록: 재고 보유 가능성이 있습니다.]
[20260121_113358] 시라트 | 강변 | [신규 등록: 재고 보유 가능성이 있습니다.]
[20260121_113358] 시라트 | 구로 | [신규 등록: 재고 보유 가능성이 있습니다.]
[20260121_113358] 시라트 | 대학로 | [신규 등록: 재고 보유 가능성이 있습니다.]
[20260121_113358] 시라트 | 동대문 | [신규 등록: 재고 보유 가능성이 있습니다.]
[20260121_113358] 시라트 | 수유 | [신규 등록: 재고 보유 가능성이 있습니다.]
[20260121_113358] 시라트 | 신촌아트레온 | [신규 등록: 재고 보유 가능성이 있습니다.]
[20260121_113358] 시라트 | 압구정 | [신규 등록: 재고 보유 가능성이 있습니다.]
[20260121_113358] 시라트 | 여의도 | [신규 등록: 재고 보유 가능성이 있습니다.]
[20260121_113358] 시라트 | 영등포타임스퀘어 | [신규 등록: 선착순신청]
[20260121_113358] 시라트 | 용산아이파크몰 | [신규 등록: 선착순신청]
[20260121_113358] 시라트 | 고양백석 | [신규 등록: 재고 보유 가능성이 있습니다.]
[20260121_113358] 시라트 | 구리 | [신규 등록: 재고 보유 가능성이 있습니다.]
[20260121_113358] 시라트 | 동수원 | [신규 등록: 재고 보유 가능성이 있습니다.]
[20260121_113358] 시라트 | 부천역 | [신규 등록: 재고 보유 가능성이 있습니다.]
[20260121_113358] 시라트 | 소풍 | [신규 등록: 재고 보유 가능성이 있습니다.]
[20260121_113358] 시라트 | 야탑 | [신규 등록: 재고 보유 가능성이 있습니다.]
[20260121_113358] 시라트 | 오리 | [신규 등록: 재고 보유 가능성이 있습니다.]
[20260121_113358] 시라트 | 의정부 | [신규 등록: 재고 보유 가능성이 있습니다.]
[20260121_113358] 시라트 | 평촌 | [신규 등록: 재고 보유 가능성이 있습니다.]
[20260121_113358] 시라트 | 계양 | [신규 등록: 재고 보유 가능성이 있습니다.]
[20260121_113358] 시라트 | 인천 | [신규 등록: 재고 보유 가능성이 있습니다.]
[20260121_113358] 시라트 | 강릉 | [신규 등록: 재고 보유 가능성이 있습니다.]
[20260121_113358] 시라트 | 춘천 | [신규 등록: 재고 보유 가능성이 있습니다.]
[20260121_113358] 시라트 | 대전 | [신규 등록: 재고 보유 가능성이 있습니다.]
[20260121_113358] 시라트 | 대전탄방 | [신규 등록: 재고 보유 가능성이 있습니다.]
[20260121_113358] 시라트 | 천안펜타포트 | [신규 등록: 재고 보유 가능성이 있습니다.]
[20260121_113358] 시라트 | 대구아카데미 | [신규 등록: 재고 보유 가능성이 있습니다.]
[20260121_113358] 시라트 | 서면 | [신규 등록: 재고 보유 가능성이 있습니다.]
[20260121_113358] 시라트 | 울산삼산 | [신규 등록: 선착순신청]
[20260121_113358] 시라트 | 거제 | [신규 등록: 재고 보유 가능성이 있습니다.]
[20260121_113359] 시라트 | 김해 | [신규 등록: 재고 보유 가능성이 있습니다.]
[20260121_113359] 시라트 | 마산 | [신규 등록: 재고 보유 가능성이 있습니다.]
[20260121_113359] 시라트 | 광주상무 | [신규 등록: 재고 보유 가능성이 있습니다.]
[20260121_113359] 시라트 | 순천신대 | [신규 등록: 재고 보유 가능성이 있습니다.]
[20260121_113359] 시라트 | 전주고사 | [신규 등록: 재고 보유 가능성이 있습니다.]
[20260121_113359] 시라트 | 제주 | [신규 등록: 재고 보유 가능성이 있습니다.]
[20260121_113359] 신비아파트 | 강변 | [신규 등록: 재고 보유 가능성이 있습니다.]
[20260121_113359] 신비아파트 | 고덕강일 | [신규 등록: 재고 보유 가능성이 있습니다.]
[20260121_113359] 신비아파트 | 구로 | [신규 등록: 재고 보유 가능성이 있습니다.]
[20260121_113359] 신비아파트 | 미아 | [신규 등록: 재고 보유 가능성이 있습니다.]
[20260121_113359] 신비아파트 | 방학 | [신규 등록: 재고 보유 가능성이 있습니다.]
[20260121_113359] 신비아파트 | 상봉 | [신규 등록: 재고 보유 가능성이 있습니다.]
[20260121_113359] 신비아파트 | 수유 | [신규 등록: 재고 보유 가능성이 있습니다.]
[20260121_113359] 신비아파트 | 여의도 | [신규 등록: 재고 보유 가능성이 있습니다.]
[20260121_113359] 신비아파트 | 영등포타임스퀘어 | [신규 등록: 선착순신청]
[20260121_113359] 신비아파트 | 왕십리 | [신규 등록: 선착순신청]
[20260121_113359] 신비아파트 | 용산아이파크몰 | [신규 등록: 선착순신청]
[20260121_113359] 신비아파트 | 중계 | [신규 등록: 재고 보유 가능성이 있습니다.]
[20260121_113359] 신비아파트 | 천호 | [신규 등록: 재고 보유 가능성이 있습니다.]
[20260121_113359] 신비아파트 | 구리 | [신규 등록: 재고 보유 가능성이 있습니다.]
[20260121_113359] 신비아파트 | 김포운양 | [신규 등록: 재고 보유 가능성이 있습니다.]
[20260121_113359] 신비아파트 | 동수원 | [신규 등록: 재고 보유 가능성이 있습니다.]
[20260121_113359] 신비아파트 | 동탄 | [신규 등록: 재고 보유 가능성이 있습니다.]
[20260121_113359] 신비아파트 | 동탄호수공원 | [신규 등록: 재고 보유 가능성이 있습니다.]
[20260121_113359] 신비아파트 | 배곧 | [신규 등록: 재고 보유 가능성이 있습니다.]
[20260121_113359] 신비아파트 | 부천역 | [신규 등록: 재고 보유 가능성이 있습니다.]
[20260121_113359] 신비아파트 | 소풍 | [신규 등록: 재고 보유 가능성이 있습니다.]
[20260121_113359] 신비아파트 | 스타필드시티위례 | [신규 등록: 재고 보유 가능성이 있습니다.]
[20260121_113359] 신비아파트 | 안산 | [신규 등록: 재고 보유 가능성이 있습니다.]
[20260121_113359] 신비아파트 | 야탑 | [신규 등록: 재고 보유 가능성이 있습니다.]
[20260121_113359] 신비아파트 | 양주옥정 | [신규 등록: 재고 보유 가능성이 있습니다.]
[20260121_113359] 신비아파트 | 오리 | [신규 등록: 재고 보유 가능성이 있습니다.]
[20260121_113359] 신비아파트 | 의정부 | [신규 등록: 재고 보유 가능성이 있습니다.]
[20260121_113359] 신비아파트 | 일산 | [신규 등록: 재고 보유 가능성이 있습니다.]
[20260121_113359] 신비아파트 | 파주운정 | [신규 등록: 재고 보유 가능성이 있습니다.]
[20260121_113359] 신비아파트 | 판교 | [신규 등록: 선착순신청]
[20260121_113359] 신비아파트 | 평촌 | [신규 등록: 재고 보유 가능성이 있습니다.]
[20260121_113359] 신비아파트 | 평택 | [신규 등록: 재고 보유 가능성이 있습니다.]
[20260121_113400] 신비아파트 | 계양 | [신규 등록: 재고 보유 가능성이 있습니다.]
[20260121_113400] 신비아파트 | 인천 | [신규 등록: 재고 보유 가능성이 있습니다.]
[20260121_113400] 신비아파트 | 인천가정 | [신규 등록: 재고 보유 가능성이 있습니다.]
[20260121_113400] 신비아파트 | 인천학익 | [신규 등록: 재고 보유 가능성이 있습니다.]
[20260121_113400] 신비아파트 | 강릉 | [신규 등록: 재고 보유 가능성이 있습니다.]
[20260121_113400] 신비아파트 | 춘천 | [신규 등록: 재고 보유 가능성이 있습니다.]
[20260121_113400] 신비아파트 | 대전 | [신규 등록: 재고 보유 가능성이 있습니다.]
[20260121_113400] 신비아파트 | 대전터미널 | [신규 등록: 재고 보유 가능성이 있습니다.]
[20260121_113400] 신비아파트 | 세종 | [신규 등록: 재고 보유 가능성이 있습니다.]
[20260121_113400] 신비아파트 | 천안터미널 | [신규 등록: 선착순신청]
[20260121_113400] 신비아파트 | 천안펜타포트 | [신규 등록: 재고 보유 가능성이 있습니다.]
[20260121_113400] 신비아파트 | 청주(서문) | [신규 등록: 재고 보유 가능성이 있습니다.]
[20260121_113400] 신비아파트 | 청주지웰시티 | [신규 등록: 재고 보유 가능성이 있습니다.]
[20260121_113400] 신비아파트 | 대구 | [신규 등록: 재고 보유 가능성이 있습니다.]
[20260121_113400] 신비아파트 | 대구스타디움 | [신규 등록: 재고 보유 가능성이 있습니다.]
[20260121_113400] 신비아파트 | 대연 | [신규 등록: 재고 보유 가능성이 있습니다.]
[20260121_113400] 신비아파트 | 동래 | [신규 등록: 재고 보유 가능성이 있습니다.]
[20260121_113400] 신비아파트 | 서면상상마당 | [신규 등록: 재고 보유 가능성이 있습니다.]
[20260121_113400] 신비아파트 | 센텀시티 | [신규 등록: 재고 보유 가능성이 있습니다.]
[20260121_113400] 신비아파트 | 아시아드 | [신규 등록: 재고 보유 가능성이 있습니다.]
[20260121_113400] 신비아파트 | 울산삼산 | [신규 등록: 선착순신청]
[20260121_113400] 신비아파트 | 울산진장 | [신규 등록: 재고 보유 가능성이 있습니다.]
[20260121_113400] 신비아파트 | 거제 | [신규 등록: 재고 보유 가능성이 있습니다.]
[20260121_113400] 신비아파트 | 김해 | [신규 등록: 재고 보유 가능성이 있습니다.]
[20260121_113400] 신비아파트 | 마산 | [신규 등록: 재고 보유 가능성이 있습니다.]
[20260121_113400] 신비아파트 | 창원더시티 | [신규 등록: 재고 보유 가능성이 있습니다.]
[20260121_113400] 신비아파트 | 광주금남로 | [신규 등록: 재고 보유 가능성이 있습니다.]
[20260121_113400] 신비아파트 | 광주하남 | [신규 등록: 재고 보유 가능성이 있습니다.]
[20260121_113400] 신비아파트 | 목포평화광장 | [신규 등록: 재고 보유 가능성이 있습니다.]
[20260121_113400] 신비아파트 | 순천신대 | [신규 등록: 재고 보유 가능성이 있습니다.]
[20260121_113400] 신비아파트 | 여수웅천 | [신규 등록: 재고 보유 가능성이 있습니다.]
[20260121_113400] 신비아파트 | 전주효자 | [신규 등록: 재고 보유 가능성이 있습니다.]
[20260121_113400] 신비아파트 | 제주 | [신규 등록: 재고 보유 가능성이 있습니다.]
[20260121_113400] 에반게리온 신극장판-파 | 주안역 | [재고 보유 가능성이 있습니다.] → [재고 소진 중입니다.]
[20260121_113401] 직사각형,삼각형 | 강변 | [신규 등록: 재고 보유 가능성이 있습니다.]
[20260121_113401] 직사각형,삼각형 | 대학로 | [신규 등록: 재고 보유 가능성이 있습니다.]
[20260121_113401] 직사각형,삼각형 | 동대문 | [신규 등록: 재고 보유 가능성이 있습니다.]
[20260121_113401] 직사각형,삼각형 | 신촌아트레온 | [신규 등록: 재고 보유 가능성이 있습니다.]
[20260121_113401] 직사각형,삼각형 | 압구정 | [신규 등록: 재고 보유 가능성이 있습니다.]
[20260121_113401] 직사각형,삼각형 | 여의도 | [신규 등록: 재고 보유 가능성이 있습니다.]
[20260121_113401] 직사각형,삼각형 | 용산아이파크몰 | [신규 등록: 선착순신청]
[20260121_113401] 직사각형,삼각형 | 소풍 | [신규 등록: 재고 보유 가능성이 있습니다.]
[20260121_113401] 직사각형,삼각형 | 오리 | [신규 등록: 재고 보유 가능성이 있습니다.]
[20260121_113401] 직사각형,삼각형 | 인천 | [신규 등록: 재고 보유 가능성이 있습니다.]
[20260121_113401] 직사각형,삼각형 | 춘천 | [신규 등록: 재고 보유 가능성이 있습니다.]
[20260121_113401] 직사각형,삼각형 | 대전 | [신규 등록: 재고 보유 가능성이 있습니다.]
[20260121_113401] 직사각형,삼각형 | 천안펜타포트 | [신규 등록: 재고 보유 가능성이 있습니다.]
[20260121_113401] 직사각형,삼각형 | 대구아카데미 | [신규 등록: 재고 보유 가능성이 있습니다.]
[20260121_113401] 직사각형,삼각형 | 서면 | [신규 등록: 재고 보유 가능성이 있습니다.]
[20260121_113401] 직사각형,삼각형 | 광주상무 | [신규 등록: 재고 보유 가능성이 있습니다.]
[20260121_113401] 천공의 성 라퓨타 | 강남 | [신규 등록: 재고 보유 가능성이 있습니다.]
[20260121_113401] 천공의 성 라퓨타 | 강변 | [신규 등록: 재고 보유 가능성이 있습니다.]
[20260121_113401] 천공의 성 라퓨타 | 건대입구 | [신규 등록: 재고 보유 가능성이 있습니다.]
[20260121_113401] 천공의 성 라퓨타 | 고덕강일 | [신규 등록: 재고 보유 가능성이 있습니다.]
[20260121_113401] 천공의 성 라퓨타 | 구로 | [신규 등록: 재고 보유 가능성이 있습니다.]
[20260121_113401] 천공의 성 라퓨타 | 대학로 | [신규 등록: 재고 보유 가능성이 있습니다.]
[20260121_113401] 천공의 성 라퓨타 | 동대문 | [신규 등록: 재고 보유 가능성이 있습니다.]
[20260121_113401] 천공의 성 라퓨타 | 등촌 | [신규 등록: 재고 보유 가능성이 있습니다.]
[20260121_113401] 천공의 성 라퓨타 | 상봉 | [신규 등록: 재고 보유 가능성이 있습니다.]
[20260121_113402] 천공의 성 라퓨타 | 수유 | [신규 등록: 재고 보유 가능성이 있습니다.]
[20260121_113402] 천공의 성 라퓨타 | 신촌아트레온 | [신규 등록: 재고 보유 가능성이 있습니다.]
[20260121_113402] 천공의 성 라퓨타 | 여의도 | [신규 등록: 재고 보유 가능성이 있습니다.]
[20260121_113402] 천공의 성 라퓨타 | 연남 | [신규 등록: 재고 보유 가능성이 있습니다.]
[20260121_113402] 천공의 성 라퓨타 | 영등포타임스퀘어 | [신규 등록: 선착순신청]
[20260121_113402] 천공의 성 라퓨타 | 왕십리 | [신규 등록: 선착순신청]
[20260121_113402] 천공의 성 라퓨타 | 용산아이파크몰 | [신규 등록: 선착순신청]
[20260121_113402] 천공의 성 라퓨타 | 중계 | [신규 등록: 재고 보유 가능성이 있습니다.]
[20260121_113402] 천공의 성 라퓨타 | 천호 | [신규 등록: 재고 보유 가능성이 있습니다.]
[20260121_113402] 천공의 성 라퓨타 | 홍대 | [신규 등록: 재고 보유 가능성이 있습니다.]
[20260121_113402] 천공의 성 라퓨타 | 고양백석 | [신규 등록: 재고 보유 가능성이 있습니다.]
[20260121_113402] 천공의 성 라퓨타 | 동수원 | [신규 등록: 재고 보유 가능성이 있습니다.]
[20260121_113402] 천공의 성 라퓨타 | 동탄 | [신규 등록: 재고 보유 가능성이 있습니다.]
[20260121_113402] 천공의 성 라퓨타 | 부천 | [신규 등록: 재고 보유 가능성이 있습니다.]
[20260121_113402] 천공의 성 라퓨타 | 소풍 | [신규 등록: 재고 보유 가능성이 있습니다.]
[20260121_113402] 천공의 성 라퓨타 | 안산 | [신규 등록: 재고 보유 가능성이 있습니다.]
[20260121_113402] 천공의 성 라퓨타 | 야탑 | [신규 등록: 재고 보유 가능성이 있습니다.]
[20260121_113402] 천공의 성 라퓨타 | 오리 | [신규 등록: 재고 보유 가능성이 있습니다.]
[20260121_113402] 천공의 성 라퓨타 | 의정부 | [신규 등록: 재고 보유 가능성이 있습니다.]
[20260121_113402] 천공의 성 라퓨타 | 일산 | [신규 등록: 재고 보유 가능성이 있습니다.]
[20260121_113402] 천공의 성 라퓨타 | 판교 | [신규 등록: 선착순신청]
[20260121_113402] 천공의 성 라퓨타 | 평택 | [신규 등록: 재고 보유 가능성이 있습니다.]
[20260121_113402] 천공의 성 라퓨타 | 인천 | [신규 등록: 재고 보유 가능성이 있습니다.]
[20260121_113402] 천공의 성 라퓨타 | 인천학익 | [신규 등록: 재고 보유 가능성이 있습니다.]
[20260121_113402] 천공의 성 라퓨타 | 대전 | [신규 등록: 재고 보유 가능성이 있습니다.]
[20260121_113402] 천공의 성 라퓨타 | 대전터미널 | [신규 등록: 재고 보유 가능성이 있습니다.]
[20260121_113402] 천공의 성 라퓨타 | 세종 | [신규 등록: 재고 보유 가능성이 있습니다.]
[20260121_113402] 천공의 성 라퓨타 | 천안터미널 | [신규 등록: 선착순신청]
[20260121_113402] 천공의 성 라퓨타 | 천안펜타포트 | [신규 등록: 재고 보유 가능성이 있습니다.]
[20260121_113402] 천공의 성 라퓨타 | 청주(서문) | [신규 등록: 재고 보유 가능성이 있습니다.]
[20260121_113402] 천공의 성 라퓨타 | 청주지웰시티 | [신규 등록: 재고 보유 가능성이 있습니다.]
[20260121_113402] 천공의 성 라퓨타 | 대구 | [신규 등록: 재고 보유 가능성이 있습니다.]
[20260121_113402] 천공의 성 라퓨타 | 대구스타디움 | [신규 등록: 재고 보유 가능성이 있습니다.]
[20260121_113402] 천공의 성 라퓨타 | 대구죽전 | [신규 등록: 재고 보유 가능성이 있습니다.]
[20260121_113402] 천공의 성 라퓨타 | 대구한일 | [신규 등록: 재고 보유 가능성이 있습니다.]
[20260121_113402] 천공의 성 라퓨타 | 서면 | [신규 등록: 재고 보유 가능성이 있습니다.]
[20260121_113402] 천공의 성 라퓨타 | 센텀시티 | [신규 등록: 재고 보유 가능성이 있습니다.]
[20260121_113402] 천공의 성 라퓨타 | 아시아드 | [신규 등록: 재고 보유 가능성이 있습니다.]
[20260121_113403] 천공의 성 라퓨타 | 울산삼산 | [신규 등록: 선착순신청]
[20260121_113403] 천공의 성 라퓨타 | 마산 | [신규 등록: 재고 보유 가능성이 있습니다.]
[20260121_113403] 천공의 성 라퓨타 | 창원더시티 | [신규 등록: 재고 보유 가능성이 있습니다.]
[20260121_113403] 천공의 성 라퓨타 | 광주상무 | [신규 등록: 재고 보유 가능성이 있습니다.]
[20260121_113403] 천공의 성 라퓨타 | 순천신대 | [신규 등록: 재고 보유 가능성이 있습니다.]
[20260121_113403] 천공의 성 라퓨타 | 여수웅천 | [신규 등록: 재고 보유 가능성이 있습니다.]
[20260121_113403] 천공의 성 라퓨타 | 전주고사 | [신규 등록: 재고 보유 가능성이 있습니다.]
[20260121_113403] 천공의 성 라퓨타 | 제주 | [신규 등록: 재고 보유 가능성이 있습니다.]
[20260121_113403] 튜즈데이 | 강변 | [신규 등록: 재고 보유 가능성이 있습니다.]
[20260121_113403] 튜즈데이 | 광주상무 | [신규 등록: 재고 보유 가능성이 있습니다.]
[20260121_113403] 튜즈데이 | 서면 | [신규 등록: 재고 보유 가능성이 있습니다.]
[20260121_113403] 튜즈데이 | 신촌아트레온 | [신규 등록: 재고 보유 가능성이 있습니다.]
[20260121_113403] 튜즈데이 | 압구정 | [신규 등록: 재고 보유 가능성이 있습니다.]
[20260121_113403] 튜즈데이 | 오리 | [신규 등록: 재고 보유 가능성이 있습니다.]
[20260121_113403] 튜즈데이 | 용산아이파크몰 | [신규 등록: 선착순신청]
[20260121_113403] 튜즈데이 | 인천 | [신규 등록: 재고 보유 가능성이 있습니다.]
[20260121_113403] 파더 마더 시스터 브라더 | 강변 | [신규 등록: 재고 보유 가능성이 있습니다.]
[20260121_113403] 파더 마더 시스터 브라더 | 서면 | [신규 등록: 재고 보유 가능성이 있습니다.]
[20260121_113403] 파더 마더 시스터 브라더 | 신촌아트레온 | [신규 등록: 재고 보유 가능성이 있습니다.]
[20260121_113403] 파더 마더 시스터 브라더 | 압구정 | [신규 등록: 재고 보유 가능성이 있습니다.]
[20260121_113403] 파더 마더 시스터 브라더 | 여의도 | [신규 등록: 재고 보유 가능성이 있습니다.]
[20260121_113403] 파더 마더 시스터 브라더 | 오리 | [신규 등록: 재고 보유 가능성이 있습니다.]
[20260121_113403] 파더 마더 시스터 브라더 | 용산아이파크몰 | [신규 등록: 선착순신청]
[20260121_113403] 프로젝트 Y | 강남 | [신규 등록: 재고 보유 가능성이 있습니다.]
[20260121_113403] 프로젝트 Y | 대학로 | [신규 등록: 재고 보유 가능성이 있습니다.]
[20260121_113403] 프로젝트 Y | 성신여대입구 | [신규 등록: 재고 보유 가능성이 있습니다.]
[20260121_113403] 프로젝트 Y | 영등포타임스퀘어 | [신규 등록: 선착순신청]
[20260121_113403] 프로젝트 Y | 왕십리 | [신규 등록: 선착순신청]
[20260121_113403] 프로젝트 Y | 용산아이파크몰 | [신규 등록: 선착순신청]
[20260121_113403] 프로젝트 Y | 소풍 | [신규 등록: 재고 보유 가능성이 있습니다.]
[20260121_113403] 프로젝트 Y | 의정부 | [신규 등록: 재고 보유 가능성이 있습니다.]
[20260121_113403] 프로젝트 Y | 인천 | [신규 등록: 재고 보유 가능성이 있습니다.]
[20260121_113403] 프로젝트 Y | 춘천 | [신규 등록: 재고 보유 가능성이 있습니다.]
[20260121_113403] 프로젝트 Y | 대전 | [신규 등록: 재고 보유 가능성이 있습니다.]
[20260121_113403] 프로젝트 Y | 천안터미널 | [신규 등록: 선착순신청]
[20260121_113403] 프로젝트 Y | 대구 | [신규 등록: 재고 보유 가능성이 있습니다.]
[20260121_113404] 프로젝트 Y | 서면상상마당 | [신규 등록: 재고 보유 가능성이 있습니다.]
[20260121_113404] 프로젝트 Y | 센텀시티 | [신규 등록: 재고 보유 가능성이 있습니다.]
[20260121_113404] 프로젝트 Y | 울산삼산 | [신규 등록: 선착순신청]
[20260121_113404] 프로젝트 Y | 광주상무 | [신규 등록: 재고 보유 가능성이 있습니다.]
[20260121_113404] 프로젝트 Y | 제주 | [신규 등록: 재고 보유 가능성이 있습니다.]
[20260121_113404] 하나 그리고 둘 | 서면 | [신규 등록: 재고 보유 가능성이 있습니다.]
[20260121_113404] 하나 그리고 둘 | 압구정 | [신규 등록: 재고 보유 가능성이 있습니다.]
[20260121_113404] 하나 그리고 둘 | 오리 | [신규 등록: 재고 보유 가능성이 있습니다.]
[20260121_113405] 화양연화 특별판 | 강변 | [신규 등록: 재고 보유 가능성이 있습니다.]
[20260121_113405] 화양연화 특별판 | 서면 | [신규 등록: 재고 보유 가능성이 있습니다.]
[20260121_113405] 화양연화 특별판 | 압구정 | [신규 등록: 재고 보유 가능성이 있습니다.]
[20260121_113405] 화양연화 특별판 | 여의도 | [신규 등록: 재고 보유 가능성이 있습니다.]
[20260121_113405] 화양연화 특별판 | 오리 | [신규 등록: 재고 보유 가능성이 있습니다.]
[20260121_113405] 화양연화 특별판 | 용산아이파크몰 | [신규 등록: 선착순신청]
[20260121_113405] 화양연화 특별판 | 천안펜타포트 | [신규 등록: 재고 보유 가능성이 있습니다.]
