[20260119_161019] SCREENX | 홍대 | [마감되었습니다.] → [재고 보유 가능성이 있습니다.]
[20260119_161019] 강다니엘 | 동대문 | [재고 보유 가능성이 있습니다.] → [재고 소진 임박입니다.]
[20260119_161019] 강다니엘 | 영등포타임스퀘어 | [재고 보유 가능성이 있습니다.] → [마감되었습니다.]
[20260119_161019] 강다니엘 | 왕십리 | [재고 보유 가능성이 있습니다.] → [재고 소진 중입니다.]
[20260119_161019] 강다니엘 | 용산아이파크몰 | [재고 보유 가능성이 있습니다.] → [마감되었습니다.]
[20260119_161019] 강다니엘 | 대구 | [재고 보유 가능성이 있습니다.] → [재고 소진 중입니다.]
[20260119_161019] 강다니엘 | 서면 | [재고 보유 가능성이 있습니다.] → [마감되었습니다.]
[20260119_161020] 끝이 없는 스칼렛 | 강남 | [재고 보유 가능성이 있습니다.] → [마감되었습니다.]
[20260119_161020] 끝이 없는 스칼렛 | 강변 | [재고 보유 가능성이 있습니다.] → [재고 소진 중입니다.]
[20260119_161020] 끝이 없는 스칼렛 | 구로 | [재고 소진 중입니다.] → [재고 소진 임박입니다.]
[20260119_161020] 끝이 없는 스칼렛 | 신촌아트레온 | [재고 보유 가능성이 있습니다.] → [재고 소진 임박입니다.]
[20260119_161020] 끝이 없는 스칼렛 | 영등포타임스퀘어 | [선착순신청] → [마감되었습니다.]
[20260119_161020] 끝이 없는 스칼렛 | 왕십리 | [선착순신청] → [마감되었습니다.]
[20260119_161020] 끝이 없는 스칼렛 | 용산아이파크몰 | [선착순신청] → [마감되었습니다.]
[20260119_161020] 끝이 없는 스칼렛 | 홍대 | [재고 보유 가능성이 있습니다.] → [마감되었습니다.]
[20260119_161020] 끝이 없는 스칼렛 | 동수원 | [재고 소진 중입니다.] → [마감되었습니다.]
[20260119_161020] 끝이 없는 스칼렛 | 의정부 | [재고 소진 임박입니다.] → [마감되었습니다.]
[20260119_161020] 끝이 없는 스칼렛 | 일산 | [재고 소진 중입니다.] → [마감되었습니다.]
[20260119_161020] 끝이 없는 스칼렛 | 대전 | [재고 소진 중입니다.] → [마감되었습니다.]
[20260119_161020] 끝이 없는 스칼렛 | 천안터미널 | [선착순신청] → [마감되었습니다.]
[20260119_161020] 끝이 없는 스칼렛 | 청주(서문) | [재고 보유 가능성이 있습니다.] → [재고 소진 중입니다.]
[20260119_161020] 끝이 없는 스칼렛 | 대구아카데미 | [재고 소진 중입니다.] → [마감되었습니다.]
[20260119_161020] 끝이 없는 스칼렛 | 대구현대 | [재고 소진 중입니다.] → [마감되었습니다.]
[20260119_161020] 끝이 없는 스칼렛 | 서면 | [재고 소진 중입니다.] → [마감되었습니다.]
[20260119_161020] 끝이 없는 스칼렛 | 센텀시티 | [재고 소진 중입니다.] → [마감되었습니다.]
[20260119_161020] 끝이 없는 스칼렛 | 전주고사 | [재고 보유 가능성이 있습니다.] → [마감되었습니다.]
[20260119_161020] 끝이 없는 스칼렛 | 강남 | [신규 등록: 재고 소진 중입니다.]
[20260119_161020] 끝이 없는 스칼렛 | 영등포타임스퀘어 | [신규 등록: 마감되었습니다.]
[20260119_161020] 끝이 없는 스칼렛 | 왕십리 | [신규 등록: 선착순신청]
[20260119_161020] 끝이 없는 스칼렛 | 용산아이파크몰 | [신규 등록: 선착순신청]
[20260119_161020] 끝이 없는 스칼렛 | 홍대 | [신규 등록: 재고 보유 가능성이 있습니다.]
[20260119_161020] 끝이 없는 스칼렛 | 동수원 | [신규 등록: 재고 보유 가능성이 있습니다.]
[20260119_161020] 끝이 없는 스칼렛 | 안산 | [신규 등록: 재고 보유 가능성이 있습니다.]
[20260119_161020] 끝이 없는 스칼렛 | 인천 | [신규 등록: 재고 보유 가능성이 있습니다.]
[20260119_161020] 끝이 없는 스칼렛 | 대전 | [신규 등록: 재고 보유 가능성이 있습니다.]
[20260119_161020] 끝이 없는 스칼렛 | 천안터미널 | [신규 등록: 선착순신청]
[20260119_161020] 끝이 없는 스칼렛 | 대구현대 | [신규 등록: 재고 소진 중입니다.]
[20260119_161020] 끝이 없는 스칼렛 | 서면 | [신규 등록: 마감되었습니다.]
[20260119_161020] 끝이 없는 스칼렛 | 광주금남로 | [신규 등록: 재고 보유 가능성이 있습니다.]
[20260119_161020] 끝이 없는 스칼렛 | 전주고사 | [신규 등록: 재고 보유 가능성이 있습니다.]
[20260119_161020] 당신이 영화를 그만두면 안 되는 30가지 이유 | 강변 | [신규 등록: 재고 보유 가능성이 있습니다.]
[20260119_161020] 당신이 영화를 그만두면 안 되는 30가지 이유 | 대학로 | [신규 등록: 재고 보유 가능성이 있습니다.]
[20260119_161020] 당신이 영화를 그만두면 안 되는 30가지 이유 | 동대문 | [신규 등록: 재고 보유 가능성이 있습니다.]
[20260119_161020] 당신이 영화를 그만두면 안 되는 30가지 이유 | 신촌아트레온 | [신규 등록: 재고 보유 가능성이 있습니다.]
[20260119_161020] 당신이 영화를 그만두면 안 되는 30가지 이유 | 압구정 | [신규 등록: 재고 보유 가능성이 있습니다.]
[20260119_161020] 당신이 영화를 그만두면 안 되는 30가지 이유 | 여의도 | [신규 등록: 재고 보유 가능성이 있습니다.]
[20260119_161020] 당신이 영화를 그만두면 안 되는 30가지 이유 | 용산아이파크몰 | [신규 등록: 선착순신청]
[20260119_161020] 당신이 영화를 그만두면 안 되는 30가지 이유 | 고양백석 | [신규 등록: 재고 보유 가능성이 있습니다.]
[20260119_161020] 당신이 영화를 그만두면 안 되는 30가지 이유 | 소풍 | [신규 등록: 재고 보유 가능성이 있습니다.]
[20260119_161020] 당신이 영화를 그만두면 안 되는 30가지 이유 | 오리 | [신규 등록: 재고 보유 가능성이 있습니다.]
[20260119_161020] 당신이 영화를 그만두면 안 되는 30가지 이유 | 평촌 | [신규 등록: 재고 보유 가능성이 있습니다.]
[20260119_161020] 당신이 영화를 그만두면 안 되는 30가지 이유 | 인천 | [신규 등록: 재고 보유 가능성이 있습니다.]
[20260119_161020] 당신이 영화를 그만두면 안 되는 30가지 이유 | 춘천 | [신규 등록: 재고 보유 가능성이 있습니다.]
[20260119_161020] 당신이 영화를 그만두면 안 되는 30가지 이유 | 대전 | [신규 등록: 재고 보유 가능성이 있습니다.]
[20260119_161020] 당신이 영화를 그만두면 안 되는 30가지 이유 | 천안펜타포트 | [신규 등록: 재고 보유 가능성이 있습니다.]
[20260119_161020] 당신이 영화를 그만두면 안 되는 30가지 이유 | 대구아카데미 | [신규 등록: 재고 보유 가능성이 있습니다.]
[20260119_161020] 당신이 영화를 그만두면 안 되는 30가지 이유 | 대연 | [신규 등록: 재고 보유 가능성이 있습니다.]
[20260119_161020] 당신이 영화를 그만두면 안 되는 30가지 이유 | 서면 | [신규 등록: 재고 보유 가능성이 있습니다.]
[20260119_161020] 당신이 영화를 그만두면 안 되는 30가지 이유 | 광주상무 | [신규 등록: 재고 보유 가능성이 있습니다.]
[20260119_161020] 당신이 영화를 그만두면 안 되는 30가지 이유 | 전주고사 | [신규 등록: 재고 보유 가능성이 있습니다.]
[20260119_161020] 더 퍼스트 슬램덩크 | 영등포타임스퀘어 | [선착순신청] → [마감되었습니다.]
[20260119_161020] 더 퍼스트 슬램덩크 | 왕십리 | [선착순신청] → [마감되었습니다.]
[20260119_161020] 더 퍼스트 슬램덩크 | 용산아이파크몰 | [선착순신청] → [마감되었습니다.]
[20260119_161020] 더 퍼스트 슬램덩크 | 인천 | [재고 보유 가능성이 있습니다.] → [재고 소진 중입니다.]
[20260119_161020] 더 퍼스트 슬램덩크 | 대전터미널 | [재고 보유 가능성이 있습니다.] → [재고 소진 중입니다.]
[20260119_161020] 더 퍼스트 슬램덩크 | 대구 | [재고 보유 가능성이 있습니다.] → [마감되었습니다.]
[20260119_161020] 더 퍼스트 슬램덩크 | 서면 | [재고 보유 가능성이 있습니다.] → [마감되었습니다.]
[20260119_161021] 데이비드 린치 감독 | 강변 | [재고 보유 가능성이 있습니다.] → [마감되었습니다.]
[20260119_161021] 데이비드 린치 감독 | 신촌아트레온 | [재고 보유 가능성이 있습니다.] → [재고 소진 중입니다.]
[20260119_161021] 데이비드 린치 감독 | 여의도 | [재고 보유 가능성이 있습니다.] → [재고 소진 중입니다.]
[20260119_161021] 데이비드 린치 감독 | 서면 | [재고 보유 가능성이 있습니다.] → [마감되었습니다.]
[20260119_161021] 데이비드 린치 감독 | 강변 | [재고 보유 가능성이 있습니다.] → [재고 소진 중입니다.]
[20260119_161021] 데이비드 린치 감독 | 신촌아트레온 | [재고 보유 가능성이 있습니다.] → [재고 소진 임박입니다.]
[20260119_161021] 데이비드 린치 감독 | 서면 | [재고 보유 가능성이 있습니다.] → [재고 소진 중입니다.]
[20260119_161021] 데이비드 린치 감독 | 신촌아트레온 | [재고 보유 가능성이 있습니다.] → [마감되었습니다.]
[20260119_161021] 리틀 아멜리 | 강변 | [재고 보유 가능성이 있습니다.] → [마감되었습니다.]
[20260119_161021] 리틀 아멜리 | 동대문 | [재고 보유 가능성이 있습니다.] → [재고 소진 중입니다.]
[20260119_161021] 리틀 아멜리 | 신촌아트레온 | [재고 소진 중입니다.] → [재고 소진 임박입니다.]
[20260119_161021] 리틀 아멜리 | 압구정 | [재고 보유 가능성이 있습니다.] → [마감되었습니다.]
[20260119_161021] 리틀 아멜리 | 여의도 | [재고 소진 중입니다.] → [마감되었습니다.]
[20260119_161021] 리틀 아멜리 | 용산아이파크몰 | [선착순신청] → [마감되었습니다.]
[20260119_161021] 리틀 아멜리 | 소풍 | [재고 소진 중입니다.] → [마감되었습니다.]
[20260119_161021] 리틀 아멜리 | 오리 | [재고 소진 중입니다.] → [마감되었습니다.]
[20260119_161021] 리틀 아멜리 | 인천 | [재고 보유 가능성이 있습니다.] → [재고 소진 임박입니다.]
[20260119_161021] 리틀 아멜리 | 대구아카데미 | [재고 소진 중입니다.] → [마감되었습니다.]
[20260119_161021] 리틀 아멜리 | 서면 | [재고 소진 중입니다.] → [마감되었습니다.]
[20260119_161022] 마이 선샤인 | 압구정 | [재고 보유 가능성이 있습니다.] → [마감되었습니다.]
[20260119_161022] 마이 선샤인 | 압구정 | [재고 소진 중입니다.] → [재고 소진 임박입니다.]
[20260119_161022] 마이 선샤인 | 소풍 | [재고 소진 중입니다.] → [재고 소진 임박입니다.]
[20260119_161022] 마이 선샤인 | 인천 | [재고 보유 가능성이 있습니다.] → [재고 소진 중입니다.]
[20260119_161022] 만약에 우리 | 용산아이파크몰 | [선착순신청] → [마감되었습니다.]
[20260119_161022] 만약에 우리 | 대전터미널 | [재고 보유 가능성이 있습니다.] → [마감되었습니다.]
[20260119_161022] 보이 | 강변 | [재고 소진 중입니다.] → [마감되었습니다.]
[20260119_161022] 보이 | 대구아카데미 | [재고 보유 가능성이 있습니다.] → [마감되었습니다.]
[20260119_161022] 보이 | 서면 | [재고 소진 중입니다.] → [마감되었습니다.]
[20260119_161022] 보이 | 신촌아트레온 | [재고 소진 중입니다.] → [마감되었습니다.]
[20260119_161022] 보이 | 압구정 | [재고 보유 가능성이 있습니다.] → [마감되었습니다.]
[20260119_161022] 보이 | 용산아이파크몰 | [선착순신청] → [마감되었습니다.]
[20260119_161022] 뿌이뿌이 모루카 MOLMAX | 대구한일 | [재고 보유 가능성이 있습니다.] → [재고 소진 중입니다.]
[20260119_161022] 뿌이뿌이 모루카 MOLMAX | 서면상상마당 | [재고 보유 가능성이 있습니다.] → [재고 소진 중입니다.]
[20260119_161022] 뿌이뿌이 모루카 MOLMAX | 인천 | [재고 보유 가능성이 있습니다.] → [마감되었습니다.]
[20260119_161022] 스폰지밥 무비: 네모바지를 찾아서 | 고덕강일 | [재고 보유 가능성이 있습니다.] → [마감되었습니다.]
[20260119_161023] 스폰지밥 무비: 네모바지를 찾아서 | 광주첨단 | [재고 보유 가능성이 있습니다.] → [마감되었습니다.]
[20260119_161023] 신비 아파트 | 배곧 | [재고 보유 가능성이 있습니다.] → [마감되었습니다.]
[20260119_161024] 에반게리온 신극장판-파 | 건대입구 | [신규 등록: 재고 보유 가능성이 있습니다.]
[20260119_161024] 에반게리온 신극장판-파 | 광주금남로 | [신규 등록: 재고 보유 가능성이 있습니다.]
[20260119_161024] 에반게리온 신극장판-파 | 서면 | [신규 등록: 재고 보유 가능성이 있습니다.]
[20260119_161024] 에반게리온 신극장판-파 | 송도타임스페이스 | [신규 등록: 재고 보유 가능성이 있습니다.]
[20260119_161024] 에반게리온 신극장판-파 | 영등포타임스퀘어 | [신규 등록: 선착순신청]
[20260119_161024] 에반게리온 신극장판-파 | 인천 | [신규 등록: 재고 보유 가능성이 있습니다.]
[20260119_161024] 에반게리온 신극장판-파 | 주안역 | [신규 등록: 재고 보유 가능성이 있습니다.]
[20260119_161024] 에반게리온 신극장판-파 | 홍대 | [신규 등록: 재고 보유 가능성이 있습니다.]
[20260119_161024] 오늘 밤, 세계에서 이 사랑이 사라진다 해도 | 고덕강일 | [재고 보유 가능성이 있습니다.] → [마감되었습니다.]
[20260119_161024] 오늘 밤, 세계에서 이 사랑이 사라진다 해도 | 평택 | [재고 소진 임박입니다.] → [마감되었습니다.]
[20260119_161024] 오늘 밤, 세계에서 이 사랑이 사라진다 해도 | 계양 | [재고 소진 임박입니다.] → [마감되었습니다.]
[20260119_161024] 오늘 밤, 세계에서 이 사랑이 사라진다 해도 | 용산아이파크몰 | [신규 등록: 재고 보유 가능성이 있습니다.]
[20260119_161025] 짐 자무쉬 감독전 | 소풍 | [재고 보유 가능성이 있습니다.] → [마감되었습니다.]
[20260119_161025] 짐 자무쉬 감독전 | 소풍 | [재고 보유 가능성이 있습니다.] → [마감되었습니다.]
[20260119_161025] 짐 자무쉬 감독전 | 소풍 | [재고 보유 가능성이 있습니다.] → [마감되었습니다.]
[20260119_161025] 짐 자무쉬 감독전 | 소풍 | [재고 보유 가능성이 있습니다.] → [마감되었습니다.]
[20260119_161025] 짐 자무쉬 감독전 | 소풍 | [재고 보유 가능성이 있습니다.] → [마감되었습니다.]
[20260119_161025] 짐 자무쉬 감독전 | 소풍 | [재고 보유 가능성이 있습니다.] → [마감되었습니다.]
[20260119_161025] 짐 자무쉬 감독전 | 소풍 | [재고 보유 가능성이 있습니다.] → [마감되었습니다.]
[20260119_161025] 척의 일생 | 강변 | [신규 등록: 재고 보유 가능성이 있습니다.]
[20260119_161025] 척의 일생 | 서면 | [신규 등록: 재고 보유 가능성이 있습니다.]
[20260119_161025] 척의 일생 | 압구정 | [신규 등록: 재고 보유 가능성이 있습니다.]
[20260119_161025] 척의 일생 | 오리 | [신규 등록: 재고 보유 가능성이 있습니다.]
[20260119_161025] 척의 일생 | 용산아이파크몰 | [신규 등록: 선착순신청]
[20260119_161025] 척의 일생 | 인천 | [신규 등록: 재고 보유 가능성이 있습니다.]
[20260119_161026] 척의 일생 | 강변 | [재고 보유 가능성이 있습니다.] → [재고 소진 임박입니다.]
[20260119_161026] 튜즈데이 | 강변 | [재고 소진 중입니다.] → [마감되었습니다.]
[20260119_161026] 튜즈데이 | 대구아카데미 | [재고 보유 가능성이 있습니다.] → [마감되었습니다.]
[20260119_161026] 튜즈데이 | 동대문 | [재고 보유 가능성이 있습니다.] → [마감되었습니다.]
[20260119_161026] 튜즈데이 | 서면 | [재고 소진 임박입니다.] → [마감되었습니다.]
[20260119_161026] 튜즈데이 | 신촌아트레온 | [재고 보유 가능성이 있습니다.] → [마감되었습니다.]
[20260119_161026] 튜즈데이 | 압구정 | [재고 보유 가능성이 있습니다.] → [재고 소진 중입니다.]
[20260119_161026] 튜즈데이 | 오리 | [재고 보유 가능성이 있습니다.] → [재고 소진 중입니다.]
[20260119_161026] 튜즈데이 | 용산아이파크몰 | [선착순신청] → [마감되었습니다.]
[20260119_161026] 파더 마더 시스터 브라더 | 용산아이파크몰 | [신규 등록: 재고 소진 중입니다.]
[20260119_161026] 파더 마더 시스터 브라더 | 강변 | [재고 보유 가능성이 있습니다.] → [재고 소진 중입니다.]
[20260119_161026] 파더 마더 시스터 브라더 | 대학로 | [재고 보유 가능성이 있습니다.] → [마감되었습니다.]
[20260119_161026] 파더 마더 시스터 브라더 | 여의도 | [재고 보유 가능성이 있습니다.] → [재고 소진 중입니다.]
[20260119_161026] 파더 마더 시스터 브라더 | 용산아이파크몰 | [선착순신청] → [마감되었습니다.]
[20260119_161026] 파더 마더 시스터 브라더 | 오리 | [재고 보유 가능성이 있습니다.] → [재고 소진 중입니다.]
[20260119_161026] 파더 마더 시스터 브라더 | 인천 | [재고 보유 가능성이 있습니다.] → [마감되었습니다.]
[20260119_161026] 파더 마더 시스터 브라더 | 대구아카데미 | [재고 보유 가능성이 있습니다.] → [재고 소진 중입니다.]
[20260119_161026] 파더 마더 시스터 브라더 | 서면 | [재고 보유 가능성이 있습니다.] → [마감되었습니다.]
[20260119_161026] 화양연화 특별판 | 대전 | [재고 소진 임박입니다.] → [마감되었습니다.]
[20260119_161026] 화양연화 특별판 | 천안펜타포트 | [재고 소진 중입니다.] → [마감되었습니다.]
[20260119_161026] 화양연화 특별판 | 용산아이파크몰 | [선착순신청] → [마감되었습니다.]
[20260119_161026] 화양연화 특별판 | 대구아카데미 | [재고 보유 가능성이 있습니다.] → [재고 소진 임박입니다.]
[20260119_161026] 화양연화 특별판 | 고덕강일 | [재고 보유 가능성이 있습니다.] → [마감되었습니다.]
[20260119_161027] 화양연화 특별판 | 천안펜타포트 | [재고 소진 중입니다.] → [재고 소진 임박입니다.]
[20260119_161027] 화양연화 특별판 | 광주첨단 | [재고 보유 가능성이 있습니다.] → [마감되었습니다.]
[20260119_161027] 화양연화 특별판 | 강변 | [재고 소진 중입니다.] → [마감되었습니다.]
[20260119_161027] 화양연화 특별판 | 동대문 | [재고 보유 가능성이 있습니다.] → [재고 소진 중입니다.]
[20260119_161027] 화양연화 특별판 | 압구정 | [재고 보유 가능성이 있습니다.] → [마감되었습니다.]
[20260119_161027] 화양연화 특별판 | 소풍 | [재고 소진 중입니다.] → [재고 소진 임박입니다.]
[20260119_161027] 화양연화 특별판 | 오리 | [재고 소진 임박입니다.] → [마감되었습니다.]
[20260119_161027] 화양연화 특별판 | 천안펜타포트 | [재고 보유 가능성이 있습니다.] → [마감되었습니다.]
[20260119_161027] 화양연화 특별판 | 광주상무 | [재고 보유 가능성이 있습니다.] → [재고 소진 중입니다.]
